May 11, 2017 8:47:02 PM codeu.chat.BetterGuiClientMain main
INFO: ============================= START OF LOG =============================
May 11, 2017 8:47:02 PM codeu.chat.BetterGuiClientMain main
INFO: Starting chat client...
May 11, 2017 8:47:02 PM codeu.chat.BetterGuiClientMain main
INFO: Creating client...
May 11, 2017 8:47:03 PM codeu.chat.BetterGuiClientMain main
SEVERE: Exception setting up client.
java.lang.RuntimeException: Exception in Application start method
	at com.sun.javafx.application.LauncherImpl.launchApplication1(LauncherImpl.java:917)
	at com.sun.javafx.application.LauncherImpl.lambda$launchApplication$156(LauncherImpl.java:182)
	at java.lang.Thread.run(Thread.java:745)
Caused by: java.lang.NullPointerException: Location is required.
	at javafx.fxml.FXMLLoader.loadImpl(FXMLLoader.java:3207)
	at javafx.fxml.FXMLLoader.loadImpl(FXMLLoader.java:3175)
	at javafx.fxml.FXMLLoader.loadImpl(FXMLLoader.java:3148)
	at javafx.fxml.FXMLLoader.loadImpl(FXMLLoader.java:3124)
	at javafx.fxml.FXMLLoader.loadImpl(FXMLLoader.java:3104)
	at javafx.fxml.FXMLLoader.load(FXMLLoader.java:3097)
	at codeu.chat.client.bettergui.ChatBetterGui.start(ChatBetterGui.java:47)
	at com.sun.javafx.application.LauncherImpl.lambda$launchApplication1$163(LauncherImpl.java:863)
	at com.sun.javafx.application.PlatformImpl.lambda$runAndWait$176(PlatformImpl.java:326)
	at com.sun.javafx.application.PlatformImpl.lambda$null$174(PlatformImpl.java:295)
	at java.security.AccessController.doPrivileged(Native Method)
	at com.sun.javafx.application.PlatformImpl.lambda$runLater$175(PlatformImpl.java:294)
	at com.sun.glass.ui.InvokeLaterDispatcher$Future.run(InvokeLaterDispatcher.java:95)

May 11, 2017 8:47:57 PM codeu.chat.BetterGuiClientMain main
INFO: ============================= START OF LOG =============================
May 11, 2017 8:47:57 PM codeu.chat.BetterGuiClientMain main
INFO: Starting chat client...
May 11, 2017 8:47:57 PM codeu.chat.BetterGuiClientMain main
INFO: Creating client...
May 11, 2017 8:49:58 PM codeu.chat.BetterGuiClientMain runClient
INFO: Created client
May 11, 2017 8:49:58 PM codeu.chat.BetterGuiClientMain runClient
INFO: chat client is running.
May 12, 2017 9:15:27 AM codeu.chat.BetterGuiClientMain main
INFO: ============================= START OF LOG =============================
May 12, 2017 9:15:27 AM codeu.chat.BetterGuiClientMain main
INFO: Starting chat client...
May 12, 2017 9:15:27 AM codeu.chat.BetterGuiClientMain main
INFO: Creating client...
May 12, 2017 9:15:37 AM codeu.chat.BetterGuiClientMain runClient
INFO: Created client
May 12, 2017 9:15:37 AM codeu.chat.BetterGuiClientMain runClient
INFO: chat client is running.
May 12, 2017 9:40:07 AM codeu.chat.BetterGuiClientMain main
INFO: ============================= START OF LOG =============================
May 12, 2017 9:40:07 AM codeu.chat.BetterGuiClientMain main
INFO: Starting chat client...
May 12, 2017 9:40:07 AM codeu.chat.BetterGuiClientMain main
INFO: Creating client...
May 12, 2017 9:43:51 AM codeu.chat.BetterGuiClientMain main
INFO: ============================= START OF LOG =============================
May 12, 2017 9:43:51 AM codeu.chat.BetterGuiClientMain main
INFO: Starting chat client...
May 12, 2017 9:43:51 AM codeu.chat.BetterGuiClientMain main
INFO: Creating client...
May 12, 2017 9:43:54 AM codeu.chat.BetterGuiClientMain runClient
INFO: Created client
May 12, 2017 9:43:54 AM codeu.chat.BetterGuiClientMain runClient
INFO: chat client is running.
May 12, 2017 9:48:42 AM codeu.chat.client.bettergui.ChatBetterGui start
INFO: ============================= START OF LOG =============================
May 12, 2017 9:48:42 AM codeu.chat.client.bettergui.ChatBetterGui start
INFO: Starting chat client...
May 12, 2017 9:51:56 AM codeu.chat.client.bettergui.ChatBetterGui start
INFO: ============================= START OF LOG =============================
May 12, 2017 9:51:56 AM codeu.chat.client.bettergui.ChatBetterGui start
INFO: Starting chat client...
May 12, 2017 9:51:56 AM codeu.chat.client.bettergui.ChatBetterGui start
INFO: Creating client...
May 12, 2017 9:58:19 AM codeu.chat.client.bettergui.ChatBetterGui start
INFO: ============================= START OF LOG =============================
May 12, 2017 9:58:19 AM codeu.chat.client.bettergui.ChatBetterGui start
INFO: Starting chat client...
May 12, 2017 9:58:19 AM codeu.chat.client.bettergui.ChatBetterGui start
INFO: Creating client...
May 12, 2017 10:13:18 AM codeu.chat.client.bettergui.ChatBetterGui start
INFO: ============================= START OF LOG =============================
May 12, 2017 10:13:18 AM codeu.chat.client.bettergui.ChatBetterGui start
INFO: Starting chat client...
May 12, 2017 10:13:18 AM codeu.chat.client.bettergui.ChatBetterGui start
INFO: Creating client...
May 12, 2017 10:30:20 AM codeu.chat.client.bettergui.ChatBetterGui start
INFO: ============================= START OF LOG =============================
May 12, 2017 10:30:20 AM codeu.chat.client.bettergui.ChatBetterGui start
INFO: Starting chat client...
May 12, 2017 10:30:20 AM codeu.chat.client.bettergui.ChatBetterGui start
INFO: Creating client...
May 12, 2017 10:30:57 AM codeu.chat.client.bettergui.ChatBetterGui start
INFO: ============================= START OF LOG =============================
May 12, 2017 10:30:57 AM codeu.chat.client.bettergui.ChatBetterGui start
INFO: Starting chat client...
May 12, 2017 10:30:57 AM codeu.chat.client.bettergui.ChatBetterGui start
INFO: Creating client...
May 12, 2017 10:31:42 AM codeu.chat.client.bettergui.ChatBetterGui start
INFO: ============================= START OF LOG =============================
May 12, 2017 10:31:42 AM codeu.chat.client.bettergui.ChatBetterGui start
INFO: Starting chat client...
May 12, 2017 10:31:42 AM codeu.chat.client.bettergui.ChatBetterGui start
INFO: Creating client...
May 12, 2017 10:35:13 AM codeu.chat.client.bettergui.ChatBetterGui start
INFO: ============================= START OF LOG =============================
May 12, 2017 10:35:13 AM codeu.chat.client.bettergui.ChatBetterGui start
INFO: Starting chat client...
May 12, 2017 10:35:13 AM codeu.chat.client.bettergui.ChatBetterGui start
INFO: Creating client...
May 12, 2017 10:36:18 AM codeu.chat.client.bettergui.ChatBetterGui start
INFO: ============================= START OF LOG =============================
May 12, 2017 10:36:18 AM codeu.chat.client.bettergui.ChatBetterGui start
INFO: Starting chat client...
May 12, 2017 10:36:18 AM codeu.chat.client.bettergui.ChatBetterGui start
INFO: Creating client...
May 12, 2017 10:41:25 AM codeu.chat.client.bettergui.ChatBetterGui start
INFO: ============================= START OF LOG =============================
May 12, 2017 10:41:25 AM codeu.chat.client.bettergui.ChatBetterGui start
INFO: Starting chat client...
May 12, 2017 10:41:25 AM codeu.chat.client.bettergui.ChatBetterGui start
INFO: Creating client...
May 12, 2017 10:42:07 AM codeu.chat.client.bettergui.ChatBetterGui start
INFO: ============================= START OF LOG =============================
May 12, 2017 10:42:07 AM codeu.chat.client.bettergui.ChatBetterGui start
INFO: Starting chat client...
May 12, 2017 10:42:07 AM codeu.chat.client.bettergui.ChatBetterGui start
INFO: Creating client...
May 12, 2017 10:44:07 AM codeu.chat.client.bettergui.ChatBetterGui start
INFO: ============================= START OF LOG =============================
May 12, 2017 10:44:07 AM codeu.chat.client.bettergui.ChatBetterGui start
INFO: Starting chat client...
May 12, 2017 10:44:07 AM codeu.chat.client.bettergui.ChatBetterGui start
INFO: Creating client...
May 12, 2017 11:03:07 AM codeu.chat.client.bettergui.ChatBetterGui start
INFO: ============================= START OF LOG =============================
May 12, 2017 11:03:07 AM codeu.chat.client.bettergui.ChatBetterGui start
INFO: Starting chat client...
May 12, 2017 11:03:07 AM codeu.chat.client.bettergui.ChatBetterGui start
INFO: Creating client...
May 12, 2017 11:03:35 AM codeu.chat.client.bettergui.ChatBetterGui start
INFO: ============================= START OF LOG =============================
May 12, 2017 11:03:35 AM codeu.chat.client.bettergui.ChatBetterGui start
INFO: Starting chat client...
May 12, 2017 11:03:35 AM codeu.chat.client.bettergui.ChatBetterGui start
INFO: Creating client...
May 12, 2017 11:04:22 AM codeu.chat.client.bettergui.ChatBetterGui start
INFO: ============================= START OF LOG =============================
May 12, 2017 11:04:23 AM codeu.chat.client.bettergui.ChatBetterGui start
INFO: Starting chat client...
May 12, 2017 11:04:23 AM codeu.chat.client.bettergui.ChatBetterGui start
INFO: Creating client...
May 12, 2017 11:20:56 AM codeu.chat.client.bettergui.ChatBetterGui start
INFO: ============================= START OF LOG =============================
May 12, 2017 11:20:56 AM codeu.chat.client.bettergui.ChatBetterGui start
INFO: Starting chat client...
May 12, 2017 11:20:56 AM codeu.chat.client.bettergui.ChatBetterGui start
INFO: Creating client...
May 12, 2017 11:27:09 AM codeu.chat.client.bettergui.ChatBetterGui start
INFO: ============================= START OF LOG =============================
May 12, 2017 11:27:09 AM codeu.chat.client.bettergui.ChatBetterGui start
INFO: Starting chat client...
May 12, 2017 11:27:09 AM codeu.chat.client.bettergui.ChatBetterGui start
INFO: Creating client...
May 12, 2017 11:28:28 AM codeu.chat.client.bettergui.ChatBetterGui start
INFO: ============================= START OF LOG =============================
May 12, 2017 11:28:28 AM codeu.chat.client.bettergui.ChatBetterGui start
INFO: Starting chat client...
May 12, 2017 11:28:28 AM codeu.chat.client.bettergui.ChatBetterGui start
INFO: Creating client...
May 12, 2017 11:29:49 AM codeu.chat.client.bettergui.ChatBetterGui start
INFO: ============================= START OF LOG =============================
May 12, 2017 11:29:49 AM codeu.chat.client.bettergui.ChatBetterGui start
INFO: Starting chat client...
May 12, 2017 11:29:49 AM codeu.chat.client.bettergui.ChatBetterGui start
INFO: Creating client...
May 12, 2017 11:40:18 AM codeu.chat.client.bettergui.ChatBetterGui start
INFO: ============================= START OF LOG =============================
May 12, 2017 11:40:18 AM codeu.chat.client.bettergui.ChatBetterGui start
INFO: Starting chat client...
May 12, 2017 11:40:19 AM codeu.chat.client.bettergui.ChatBetterGui start
INFO: Creating client...
May 12, 2017 11:50:27 AM codeu.chat.client.bettergui.ChatBetterGui start
INFO: ============================= START OF LOG =============================
May 12, 2017 11:50:27 AM codeu.chat.client.bettergui.ChatBetterGui start
INFO: Starting chat client...
May 12, 2017 11:50:27 AM codeu.chat.client.bettergui.ChatBetterGui start
INFO: Creating client...
May 12, 2017 11:51:35 AM codeu.chat.client.bettergui.ChatBetterGui start
INFO: ============================= START OF LOG =============================
May 12, 2017 11:51:35 AM codeu.chat.client.bettergui.ChatBetterGui start
INFO: Starting chat client...
May 12, 2017 11:51:35 AM codeu.chat.client.bettergui.ChatBetterGui start
INFO: Creating client...
May 12, 2017 11:57:05 AM codeu.chat.client.bettergui.ChatBetterGui start
INFO: ============================= START OF LOG =============================
May 12, 2017 11:57:05 AM codeu.chat.client.bettergui.ChatBetterGui start
INFO: Starting chat client...
May 12, 2017 11:57:05 AM codeu.chat.client.bettergui.ChatBetterGui start
INFO: Creating client...
May 12, 2017 11:58:14 AM codeu.chat.client.bettergui.ChatBetterGui start
INFO: ============================= START OF LOG =============================
May 12, 2017 11:58:14 AM codeu.chat.client.bettergui.ChatBetterGui start
INFO: Starting chat client...
May 12, 2017 11:58:14 AM codeu.chat.client.bettergui.ChatBetterGui start
INFO: Creating client...
May 13, 2017 7:13:01 PM codeu.chat.client.bettergui.ChatBetterGui start
INFO: ============================= START OF LOG =============================
May 13, 2017 7:13:01 PM codeu.chat.client.bettergui.ChatBetterGui start
INFO: Starting chat client...
May 13, 2017 7:13:01 PM codeu.chat.client.bettergui.ChatBetterGui start
INFO: Creating client...
May 14, 2017 2:59:00 PM codeu.chat.client.bettergui.ChatBetterGui start
INFO: ============================= START OF LOG =============================
May 14, 2017 2:59:00 PM codeu.chat.client.bettergui.ChatBetterGui start
INFO: Starting chat client...
May 14, 2017 2:59:00 PM codeu.chat.client.bettergui.ChatBetterGui start
INFO: Creating client...
May 14, 2017 2:59:32 PM codeu.chat.client.bettergui.ChatBetterGui start
INFO: ============================= START OF LOG =============================
May 14, 2017 2:59:32 PM codeu.chat.client.bettergui.ChatBetterGui start
INFO: Starting chat client...
May 14, 2017 2:59:32 PM codeu.chat.client.bettergui.ChatBetterGui start
INFO: Creating client...
May 14, 2017 3:00:40 PM codeu.chat.client.bettergui.ChatBetterGui start
INFO: ============================= START OF LOG =============================
May 14, 2017 3:00:40 PM codeu.chat.client.bettergui.ChatBetterGui start
INFO: Starting chat client...
May 14, 2017 3:00:40 PM codeu.chat.client.bettergui.ChatBetterGui start
INFO: Creating client...
May 14, 2017 3:09:23 PM codeu.chat.client.bettergui.ChatBetterGui start
INFO: ============================= START OF LOG =============================
May 14, 2017 3:09:23 PM codeu.chat.client.bettergui.ChatBetterGui start
INFO: Starting chat client...
May 14, 2017 3:09:23 PM codeu.chat.client.bettergui.ChatBetterGui start
INFO: Creating client...
May 14, 2017 3:13:11 PM codeu.chat.client.bettergui.ChatBetterGui start
INFO: ============================= START OF LOG =============================
May 14, 2017 3:13:11 PM codeu.chat.client.bettergui.ChatBetterGui start
INFO: Starting chat client...
May 14, 2017 3:13:11 PM codeu.chat.client.bettergui.ChatBetterGui start
INFO: Creating client...
May 14, 2017 3:14:03 PM codeu.chat.client.bettergui.ChatBetterGui start
INFO: ============================= START OF LOG =============================
May 14, 2017 3:14:03 PM codeu.chat.client.bettergui.ChatBetterGui start
INFO: Starting chat client...
May 14, 2017 3:14:03 PM codeu.chat.client.bettergui.ChatBetterGui start
INFO: Creating client...
May 14, 2017 3:15:32 PM codeu.chat.client.bettergui.ChatBetterGui start
INFO: ============================= START OF LOG =============================
May 14, 2017 3:15:32 PM codeu.chat.client.bettergui.ChatBetterGui start
INFO: Starting chat client...
May 14, 2017 3:15:32 PM codeu.chat.client.bettergui.ChatBetterGui start
INFO: Creating client...
May 14, 2017 3:15:55 PM codeu.chat.client.bettergui.ChatBetterGui start
INFO: ============================= START OF LOG =============================
May 14, 2017 3:15:55 PM codeu.chat.client.bettergui.ChatBetterGui start
INFO: Starting chat client...
May 14, 2017 3:15:55 PM codeu.chat.client.bettergui.ChatBetterGui start
INFO: Creating client...
May 14, 2017 3:20:43 PM codeu.chat.client.bettergui.ChatBetterGui start
INFO: ============================= START OF LOG =============================
May 14, 2017 3:20:43 PM codeu.chat.client.bettergui.ChatBetterGui start
INFO: Starting chat client...
May 14, 2017 3:20:43 PM codeu.chat.client.bettergui.ChatBetterGui start
INFO: Creating client...
May 14, 2017 3:21:11 PM codeu.chat.client.bettergui.ChatBetterGui start
INFO: ============================= START OF LOG =============================
May 14, 2017 3:21:11 PM codeu.chat.client.bettergui.ChatBetterGui start
INFO: Starting chat client...
May 14, 2017 3:21:11 PM codeu.chat.client.bettergui.ChatBetterGui start
INFO: Creating client...
May 14, 2017 3:21:53 PM codeu.chat.client.bettergui.ChatBetterGui start
INFO: ============================= START OF LOG =============================
May 14, 2017 3:21:53 PM codeu.chat.client.bettergui.ChatBetterGui start
INFO: Starting chat client...
May 14, 2017 3:21:53 PM codeu.chat.client.bettergui.ChatBetterGui start
INFO: Creating client...
May 14, 2017 3:23:56 PM codeu.chat.client.bettergui.ChatBetterGui start
INFO: ============================= START OF LOG =============================
May 14, 2017 3:23:56 PM codeu.chat.client.bettergui.ChatBetterGui start
INFO: Starting chat client...
May 14, 2017 3:23:56 PM codeu.chat.client.bettergui.ChatBetterGui start
INFO: Creating client...
May 14, 2017 3:24:20 PM codeu.chat.client.bettergui.ChatBetterGui start
INFO: ============================= START OF LOG =============================
May 14, 2017 3:24:20 PM codeu.chat.client.bettergui.ChatBetterGui start
INFO: Starting chat client...
May 14, 2017 3:24:20 PM codeu.chat.client.bettergui.ChatBetterGui start
INFO: Creating client...
May 14, 2017 3:24:47 PM codeu.chat.client.bettergui.ChatBetterGui start
INFO: ============================= START OF LOG =============================
May 14, 2017 3:24:47 PM codeu.chat.client.bettergui.ChatBetterGui start
INFO: Starting chat client...
May 14, 2017 3:24:47 PM codeu.chat.client.bettergui.ChatBetterGui start
INFO: Creating client...
May 14, 2017 3:25:10 PM codeu.chat.client.bettergui.ChatBetterGui start
INFO: ============================= START OF LOG =============================
May 14, 2017 3:25:10 PM codeu.chat.client.bettergui.ChatBetterGui start
INFO: Starting chat client...
May 14, 2017 3:25:10 PM codeu.chat.client.bettergui.ChatBetterGui start
INFO: Creating client...
May 14, 2017 3:26:51 PM codeu.chat.client.bettergui.ChatBetterGui start
INFO: ============================= START OF LOG =============================
May 14, 2017 3:26:51 PM codeu.chat.client.bettergui.ChatBetterGui start
INFO: Starting chat client...
May 14, 2017 3:26:51 PM codeu.chat.client.bettergui.ChatBetterGui start
INFO: Creating client...
May 14, 2017 3:27:27 PM codeu.chat.client.bettergui.ChatBetterGui start
INFO: ============================= START OF LOG =============================
May 14, 2017 3:27:27 PM codeu.chat.client.bettergui.ChatBetterGui start
INFO: Starting chat client...
May 14, 2017 3:27:27 PM codeu.chat.client.bettergui.ChatBetterGui start
INFO: Creating client...
May 14, 2017 3:28:43 PM codeu.chat.client.bettergui.ChatBetterGui start
INFO: ============================= START OF LOG =============================
May 14, 2017 3:28:43 PM codeu.chat.client.bettergui.ChatBetterGui start
INFO: Starting chat client...
May 14, 2017 3:28:43 PM codeu.chat.client.bettergui.ChatBetterGui start
INFO: Creating client...
May 14, 2017 4:28:23 PM codeu.chat.client.bettergui.ChatBetterGui start
INFO: ============================= START OF LOG =============================
May 14, 2017 4:28:23 PM codeu.chat.client.bettergui.ChatBetterGui start
INFO: Starting chat client...
May 14, 2017 4:28:23 PM codeu.chat.client.bettergui.ChatBetterGui start
INFO: Creating client...
May 14, 2017 4:33:50 PM codeu.chat.client.bettergui.ChatBetterGui start
INFO: ============================= START OF LOG =============================
May 14, 2017 4:33:50 PM codeu.chat.client.bettergui.ChatBetterGui start
INFO: Starting chat client...
May 14, 2017 4:33:50 PM codeu.chat.client.bettergui.ChatBetterGui start
INFO: Creating client...
May 14, 2017 4:34:59 PM codeu.chat.client.bettergui.ChatBetterGui start
INFO: ============================= START OF LOG =============================
May 14, 2017 4:34:59 PM codeu.chat.client.bettergui.ChatBetterGui start
INFO: Starting chat client...
May 14, 2017 4:34:59 PM codeu.chat.client.bettergui.ChatBetterGui start
INFO: Creating client...
May 14, 2017 4:35:37 PM codeu.chat.client.bettergui.ChatBetterGui start
INFO: ============================= START OF LOG =============================
May 14, 2017 4:35:37 PM codeu.chat.client.bettergui.ChatBetterGui start
INFO: Starting chat client...
May 14, 2017 4:35:37 PM codeu.chat.client.bettergui.ChatBetterGui start
INFO: Creating client...
May 14, 2017 5:07:29 PM codeu.chat.client.bettergui.ChatBetterGui start
INFO: ============================= START OF LOG =============================
May 14, 2017 5:07:29 PM codeu.chat.client.bettergui.ChatBetterGui start
INFO: Starting chat client...
May 14, 2017 5:07:29 PM codeu.chat.client.bettergui.ChatBetterGui start
INFO: Creating client...
May 14, 2017 5:09:07 PM codeu.chat.client.bettergui.ChatBetterGui start
INFO: ============================= START OF LOG =============================
May 14, 2017 5:09:07 PM codeu.chat.client.bettergui.ChatBetterGui start
INFO: Starting chat client...
May 14, 2017 5:09:07 PM codeu.chat.client.bettergui.ChatBetterGui start
INFO: Creating client...
May 14, 2017 7:23:34 PM codeu.chat.client.bettergui.ChatBetterGui start
INFO: ============================= START OF LOG =============================
May 14, 2017 7:23:34 PM codeu.chat.client.bettergui.ChatBetterGui start
INFO: Starting chat client...
May 14, 2017 7:23:34 PM codeu.chat.client.bettergui.ChatBetterGui start
INFO: Creating client...
