May 12, 2017 11:04:17 AM codeu.chat.ServerMain main
INFO: ============================= START OF LOG =============================
May 12, 2017 11:04:17 AM codeu.chat.ServerMain main
INFO: Starting server...
May 12, 2017 11:04:17 AM codeu.chat.ServerMain runServer
INFO: Created server.
May 12, 2017 11:04:17 AM codeu.chat.server.Server$1 run
INFO: Reading update from relay...
May 12, 2017 11:04:17 AM codeu.chat.ServerMain runServer
INFO: Established connection...
May 12, 2017 11:04:22 AM codeu.chat.server.Server$1 run
INFO: Reading update from relay...
May 12, 2017 11:04:27 AM codeu.chat.server.Server$1 run
INFO: Reading update from relay...
May 12, 2017 11:04:32 AM codeu.chat.server.Server$1 run
INFO: Reading update from relay...
May 12, 2017 11:04:37 AM codeu.chat.server.Server$1 run
INFO: Reading update from relay...
May 12, 2017 11:04:42 AM codeu.chat.server.Server$1 run
INFO: Reading update from relay...
May 12, 2017 11:04:47 AM codeu.chat.server.Server$1 run
INFO: Reading update from relay...
May 12, 2017 11:04:52 AM codeu.chat.server.Server$1 run
INFO: Reading update from relay...
May 12, 2017 11:04:57 AM codeu.chat.server.Server$1 run
INFO: Reading update from relay...
May 12, 2017 11:05:02 AM codeu.chat.server.Server$1 run
INFO: Reading update from relay...
May 12, 2017 11:05:07 AM codeu.chat.server.Server$1 run
INFO: Reading update from relay...
May 12, 2017 11:05:12 AM codeu.chat.server.Server$1 run
INFO: Reading update from relay...
May 12, 2017 11:05:17 AM codeu.chat.server.Server$1 run
INFO: Reading update from relay...
May 12, 2017 11:05:22 AM codeu.chat.server.Server$1 run
INFO: Reading update from relay...
May 12, 2017 11:05:27 AM codeu.chat.server.Server$1 run
INFO: Reading update from relay...
May 12, 2017 11:05:32 AM codeu.chat.server.Server$1 run
INFO: Reading update from relay...
May 12, 2017 11:05:37 AM codeu.chat.server.Server$1 run
INFO: Reading update from relay...
May 12, 2017 11:05:42 AM codeu.chat.server.Server$1 run
INFO: Reading update from relay...
May 12, 2017 11:05:47 AM codeu.chat.server.Server$1 run
INFO: Reading update from relay...
May 12, 2017 11:05:52 AM codeu.chat.server.Server$1 run
INFO: Reading update from relay...
May 12, 2017 11:05:57 AM codeu.chat.server.Server$1 run
INFO: Reading update from relay...
May 12, 2017 11:06:02 AM codeu.chat.server.Server$1 run
INFO: Reading update from relay...
May 12, 2017 11:06:07 AM codeu.chat.server.Server$1 run
INFO: Reading update from relay...
May 12, 2017 11:06:12 AM codeu.chat.server.Server$1 run
INFO: Reading update from relay...
May 12, 2017 11:06:17 AM codeu.chat.server.Server$1 run
INFO: Reading update from relay...
May 12, 2017 11:06:22 AM codeu.chat.server.Server$1 run
INFO: Reading update from relay...
May 12, 2017 11:06:27 AM codeu.chat.server.Server$1 run
INFO: Reading update from relay...
May 12, 2017 11:06:32 AM codeu.chat.server.Server$1 run
INFO: Reading update from relay...
May 12, 2017 11:06:37 AM codeu.chat.server.Server$1 run
INFO: Reading update from relay...
May 12, 2017 11:06:42 AM codeu.chat.server.Server$1 run
INFO: Reading update from relay...
May 12, 2017 11:06:47 AM codeu.chat.server.Server$1 run
INFO: Reading update from relay...
May 12, 2017 11:06:52 AM codeu.chat.server.Server$1 run
INFO: Reading update from relay...
May 12, 2017 11:06:57 AM codeu.chat.server.Server$1 run
INFO: Reading update from relay...
May 12, 2017 11:07:02 AM codeu.chat.server.Server$1 run
INFO: Reading update from relay...
May 12, 2017 11:07:07 AM codeu.chat.server.Server$1 run
INFO: Reading update from relay...
May 12, 2017 11:07:12 AM codeu.chat.server.Server$1 run
INFO: Reading update from relay...
May 12, 2017 11:07:17 AM codeu.chat.server.Server$1 run
INFO: Reading update from relay...
May 12, 2017 11:07:22 AM codeu.chat.server.Server$1 run
INFO: Reading update from relay...
May 12, 2017 11:07:27 AM codeu.chat.server.Server$1 run
INFO: Reading update from relay...
May 12, 2017 11:07:32 AM codeu.chat.server.Server$1 run
INFO: Reading update from relay...
May 12, 2017 11:07:37 AM codeu.chat.server.Server$1 run
INFO: Reading update from relay...
May 12, 2017 11:07:42 AM codeu.chat.server.Server$1 run
INFO: Reading update from relay...
May 12, 2017 11:07:47 AM codeu.chat.server.Server$1 run
INFO: Reading update from relay...
May 12, 2017 11:07:53 AM codeu.chat.server.Server$1 run
INFO: Reading update from relay...
May 12, 2017 11:07:58 AM codeu.chat.server.Server$1 run
INFO: Reading update from relay...
May 12, 2017 11:08:03 AM codeu.chat.server.Server$1 run
INFO: Reading update from relay...
May 12, 2017 11:08:08 AM codeu.chat.server.Server$1 run
INFO: Reading update from relay...
May 12, 2017 11:08:13 AM codeu.chat.server.Server$1 run
INFO: Reading update from relay...
May 12, 2017 11:08:18 AM codeu.chat.server.Server$1 run
INFO: Reading update from relay...
May 12, 2017 11:08:23 AM codeu.chat.server.Server$1 run
INFO: Reading update from relay...
May 12, 2017 11:08:28 AM codeu.chat.server.Server$1 run
INFO: Reading update from relay...
May 12, 2017 11:08:47 AM codeu.chat.ServerMain main
INFO: ============================= START OF LOG =============================
May 12, 2017 11:08:47 AM codeu.chat.ServerMain main
INFO: Starting server...
May 12, 2017 11:08:47 AM codeu.chat.server.Server$1 run
INFO: Reading update from relay...
May 12, 2017 11:08:47 AM codeu.chat.ServerMain runServer
INFO: Created server.
May 12, 2017 11:08:47 AM codeu.chat.ServerMain runServer
INFO: Established connection...
May 12, 2017 11:08:52 AM codeu.chat.server.Server$1 run
INFO: Reading update from relay...
May 12, 2017 11:08:57 AM codeu.chat.server.Server$1 run
INFO: Reading update from relay...
May 12, 2017 11:09:02 AM codeu.chat.server.Server$1 run
INFO: Reading update from relay...
May 12, 2017 11:09:07 AM codeu.chat.server.Server$1 run
INFO: Reading update from relay...
May 12, 2017 11:09:12 AM codeu.chat.server.Server$1 run
INFO: Reading update from relay...
May 12, 2017 11:09:17 AM codeu.chat.server.Server$1 run
INFO: Reading update from relay...
May 12, 2017 11:09:22 AM codeu.chat.server.Server$1 run
INFO: Reading update from relay...
May 12, 2017 11:09:27 AM codeu.chat.server.Server$1 run
INFO: Reading update from relay...
May 12, 2017 11:09:32 AM codeu.chat.server.Server$1 run
INFO: Reading update from relay...
May 12, 2017 11:09:37 AM codeu.chat.server.Server$1 run
INFO: Reading update from relay...
May 12, 2017 11:09:42 AM codeu.chat.server.Server$1 run
INFO: Reading update from relay...
May 12, 2017 11:09:47 AM codeu.chat.server.Server$1 run
INFO: Reading update from relay...
May 12, 2017 11:09:52 AM codeu.chat.server.Server$1 run
INFO: Reading update from relay...
May 12, 2017 11:09:57 AM codeu.chat.server.Server$1 run
INFO: Reading update from relay...
May 12, 2017 11:10:02 AM codeu.chat.server.Server$1 run
INFO: Reading update from relay...
May 12, 2017 11:10:07 AM codeu.chat.server.Server$1 run
INFO: Reading update from relay...
May 12, 2017 11:10:12 AM codeu.chat.server.Server$1 run
INFO: Reading update from relay...
May 12, 2017 11:10:17 AM codeu.chat.server.Server$1 run
INFO: Reading update from relay...
May 12, 2017 11:10:22 AM codeu.chat.server.Server$1 run
INFO: Reading update from relay...
