Jun 03, 2017 12:05:35 AM codeu.chat.ServerMain main
INFO: ============================= START OF LOG =============================
Jun 03, 2017 12:05:35 AM codeu.chat.ServerMain main
INFO: Starting server...
Jun 03, 2017 12:05:35 AM codeu.chat.server.Server$1 run
INFO: Reading update from relay...
Jun 03, 2017 12:05:35 AM codeu.chat.ServerMain runServer
INFO: Created server.
Jun 03, 2017 12:05:35 AM codeu.chat.ServerMain runServer
INFO: Established connection...
Jun 03, 2017 12:05:40 AM codeu.chat.server.Server$1 run
INFO: Reading update from relay...
Jun 03, 2017 12:05:45 AM codeu.chat.server.Server$1 run
INFO: Reading update from relay...
Jun 03, 2017 12:05:50 AM codeu.chat.server.Server$1 run
INFO: Reading update from relay...
Jun 03, 2017 12:05:55 AM codeu.chat.server.Server$1 run
INFO: Reading update from relay...
Jun 03, 2017 12:06:00 AM codeu.chat.server.Server$1 run
INFO: Reading update from relay...
Jun 03, 2017 12:06:05 AM codeu.chat.server.Server$1 run
INFO: Reading update from relay...
Jun 03, 2017 12:06:10 AM codeu.chat.server.Server$1 run
INFO: Reading update from relay...
Jun 03, 2017 12:06:15 AM codeu.chat.server.Server$1 run
INFO: Reading update from relay...
Jun 03, 2017 12:06:20 AM codeu.chat.server.Server$1 run
INFO: Reading update from relay...
Jun 03, 2017 12:06:25 AM codeu.chat.server.Server$1 run
INFO: Reading update from relay...
Jun 03, 2017 12:06:30 AM codeu.chat.server.Server$1 run
INFO: Reading update from relay...
Jun 03, 2017 12:06:35 AM codeu.chat.server.Server$1 run
INFO: Reading update from relay...
Jun 03, 2017 12:06:40 AM codeu.chat.server.Server$1 run
INFO: Reading update from relay...
Jun 03, 2017 12:06:45 AM codeu.chat.server.Server$1 run
INFO: Reading update from relay...
Jun 03, 2017 12:06:50 AM codeu.chat.server.Server$1 run
INFO: Reading update from relay...
Jun 03, 2017 12:06:55 AM codeu.chat.server.Server$1 run
INFO: Reading update from relay...
Jun 03, 2017 12:07:00 AM codeu.chat.server.Server$1 run
INFO: Reading update from relay...
Jun 03, 2017 12:07:05 AM codeu.chat.server.Server$1 run
INFO: Reading update from relay...
Jun 03, 2017 12:07:10 AM codeu.chat.server.Server$1 run
INFO: Reading update from relay...
Jun 03, 2017 12:07:15 AM codeu.chat.server.Server$1 run
INFO: Reading update from relay...
Jun 03, 2017 12:07:20 AM codeu.chat.server.Server$1 run
INFO: Reading update from relay...
Jun 03, 2017 12:07:25 AM codeu.chat.server.Server$1 run
INFO: Reading update from relay...
Jun 03, 2017 12:07:30 AM codeu.chat.server.Server$1 run
INFO: Reading update from relay...
Jun 03, 2017 12:07:35 AM codeu.chat.server.Server$1 run
INFO: Reading update from relay...
Jun 03, 2017 12:07:40 AM codeu.chat.server.Server$1 run
INFO: Reading update from relay...
Jun 03, 2017 12:07:45 AM codeu.chat.server.Server$1 run
INFO: Reading update from relay...
Jun 03, 2017 12:07:50 AM codeu.chat.server.Server$1 run
INFO: Reading update from relay...
Jun 03, 2017 12:07:55 AM codeu.chat.server.Server$1 run
INFO: Reading update from relay...
Jun 03, 2017 12:08:00 AM codeu.chat.server.Server$1 run
INFO: Reading update from relay...
Jun 03, 2017 12:08:05 AM codeu.chat.server.Server$1 run
INFO: Reading update from relay...
Jun 03, 2017 12:08:10 AM codeu.chat.server.Server$1 run
INFO: Reading update from relay...
Jun 03, 2017 12:08:15 AM codeu.chat.server.Server$1 run
INFO: Reading update from relay...
Jun 03, 2017 12:08:20 AM codeu.chat.server.Server$1 run
INFO: Reading update from relay...
Jun 03, 2017 12:08:25 AM codeu.chat.server.Server$1 run
INFO: Reading update from relay...
Jun 03, 2017 12:08:30 AM codeu.chat.server.Server$1 run
INFO: Reading update from relay...
Jun 03, 2017 12:08:35 AM codeu.chat.server.Server$1 run
INFO: Reading update from relay...
Jun 03, 2017 12:08:40 AM codeu.chat.server.Server$1 run
INFO: Reading update from relay...
Jun 03, 2017 12:08:45 AM codeu.chat.server.Server$1 run
INFO: Reading update from relay...
Jun 03, 2017 12:08:50 AM codeu.chat.server.Server$1 run
INFO: Reading update from relay...
Jun 03, 2017 12:08:55 AM codeu.chat.server.Server$1 run
INFO: Reading update from relay...
Jun 03, 2017 12:09:00 AM codeu.chat.server.Server$1 run
INFO: Reading update from relay...
Jun 03, 2017 12:09:05 AM codeu.chat.server.Server$1 run
INFO: Reading update from relay...
Jun 03, 2017 12:09:10 AM codeu.chat.server.Server$1 run
INFO: Reading update from relay...
Jun 03, 2017 12:09:15 AM codeu.chat.server.Server$1 run
INFO: Reading update from relay...
Jun 03, 2017 12:09:20 AM codeu.chat.server.Server$1 run
INFO: Reading update from relay...
Jun 03, 2017 12:09:25 AM codeu.chat.server.Server$1 run
INFO: Reading update from relay...
Jun 03, 2017 12:09:30 AM codeu.chat.server.Server$1 run
INFO: Reading update from relay...
Jun 03, 2017 12:09:35 AM codeu.chat.server.Server$1 run
INFO: Reading update from relay...
Jun 03, 2017 12:09:40 AM codeu.chat.server.Server$1 run
INFO: Reading update from relay...
Jun 03, 2017 12:09:45 AM codeu.chat.server.Server$1 run
INFO: Reading update from relay...
Jun 03, 2017 12:09:50 AM codeu.chat.server.Server$1 run
INFO: Reading update from relay...
Jun 03, 2017 12:09:55 AM codeu.chat.server.Server$1 run
INFO: Reading update from relay...
Jun 03, 2017 12:10:00 AM codeu.chat.server.Server$1 run
INFO: Reading update from relay...
Jun 03, 2017 12:10:05 AM codeu.chat.server.Server$1 run
INFO: Reading update from relay...
Jun 03, 2017 12:10:10 AM codeu.chat.server.Server$1 run
INFO: Reading update from relay...
Jun 03, 2017 12:10:15 AM codeu.chat.server.Server$1 run
INFO: Reading update from relay...
Jun 03, 2017 12:10:20 AM codeu.chat.server.Server$1 run
INFO: Reading update from relay...
Jun 03, 2017 12:10:25 AM codeu.chat.server.Server$1 run
INFO: Reading update from relay...
Jun 03, 2017 12:10:30 AM codeu.chat.server.Server$1 run
INFO: Reading update from relay...
Jun 03, 2017 12:10:35 AM codeu.chat.server.Server$1 run
INFO: Reading update from relay...
Jun 03, 2017 12:10:40 AM codeu.chat.server.Server$1 run
INFO: Reading update from relay...
Jun 03, 2017 12:10:45 AM codeu.chat.server.Server$1 run
INFO: Reading update from relay...
Jun 03, 2017 12:10:50 AM codeu.chat.server.Server$1 run
INFO: Reading update from relay...
Jun 03, 2017 12:10:55 AM codeu.chat.server.Server$1 run
INFO: Reading update from relay...
Jun 03, 2017 12:11:00 AM codeu.chat.server.Server$1 run
INFO: Reading update from relay...
Jun 03, 2017 12:11:05 AM codeu.chat.server.Server$1 run
INFO: Reading update from relay...
Jun 03, 2017 12:11:10 AM codeu.chat.server.Server$1 run
INFO: Reading update from relay...
Jun 03, 2017 12:11:15 AM codeu.chat.server.Server$1 run
INFO: Reading update from relay...
Jun 03, 2017 12:11:20 AM codeu.chat.server.Server$1 run
INFO: Reading update from relay...
Jun 03, 2017 12:11:25 AM codeu.chat.server.Server$1 run
INFO: Reading update from relay...
Jun 03, 2017 12:11:30 AM codeu.chat.server.Server$1 run
INFO: Reading update from relay...
Jun 03, 2017 12:11:35 AM codeu.chat.server.Server$1 run
INFO: Reading update from relay...
Jun 03, 2017 12:11:40 AM codeu.chat.server.Server$1 run
INFO: Reading update from relay...
Jun 03, 2017 12:11:45 AM codeu.chat.server.Server$1 run
INFO: Reading update from relay...
Jun 03, 2017 12:11:50 AM codeu.chat.server.Server$1 run
INFO: Reading update from relay...
Jun 03, 2017 12:11:55 AM codeu.chat.server.Server$1 run
INFO: Reading update from relay...
Jun 03, 2017 12:12:00 AM codeu.chat.server.Server$1 run
INFO: Reading update from relay...
Jun 03, 2017 12:12:05 AM codeu.chat.server.Server$1 run
INFO: Reading update from relay...
Jun 03, 2017 12:12:10 AM codeu.chat.server.Server$1 run
INFO: Reading update from relay...
Jun 03, 2017 12:12:15 AM codeu.chat.server.Server$1 run
INFO: Reading update from relay...
Jun 03, 2017 12:12:20 AM codeu.chat.server.Server$1 run
INFO: Reading update from relay...
Jun 03, 2017 12:12:25 AM codeu.chat.server.Server$1 run
INFO: Reading update from relay...
Jun 03, 2017 12:12:30 AM codeu.chat.server.Server$1 run
INFO: Reading update from relay...
Jun 03, 2017 12:12:35 AM codeu.chat.server.Server$1 run
INFO: Reading update from relay...
Jun 03, 2017 12:12:40 AM codeu.chat.server.Server$1 run
INFO: Reading update from relay...
Jun 03, 2017 12:12:45 AM codeu.chat.server.Server$1 run
INFO: Reading update from relay...
Jun 03, 2017 12:12:50 AM codeu.chat.server.Server$1 run
INFO: Reading update from relay...
Jun 03, 2017 12:12:55 AM codeu.chat.server.Server$1 run
INFO: Reading update from relay...
Jun 03, 2017 12:13:00 AM codeu.chat.server.Server$1 run
INFO: Reading update from relay...
Jun 03, 2017 12:13:05 AM codeu.chat.server.Server$1 run
INFO: Reading update from relay...
Jun 03, 2017 12:13:10 AM codeu.chat.server.Server$1 run
INFO: Reading update from relay...
Jun 03, 2017 12:13:15 AM codeu.chat.server.Server$1 run
INFO: Reading update from relay...
Jun 03, 2017 12:13:20 AM codeu.chat.server.Server$1 run
INFO: Reading update from relay...
Jun 03, 2017 12:13:25 AM codeu.chat.server.Server$1 run
INFO: Reading update from relay...
Jun 03, 2017 12:13:30 AM codeu.chat.server.Server$1 run
INFO: Reading update from relay...
Jun 03, 2017 12:13:35 AM codeu.chat.server.Server$1 run
INFO: Reading update from relay...
Jun 03, 2017 12:13:40 AM codeu.chat.server.Server$1 run
INFO: Reading update from relay...
Jun 03, 2017 12:13:45 AM codeu.chat.server.Server$1 run
INFO: Reading update from relay...
Jun 03, 2017 12:13:50 AM codeu.chat.server.Server$1 run
INFO: Reading update from relay...
Jun 03, 2017 12:13:55 AM codeu.chat.server.Server$1 run
INFO: Reading update from relay...
Jun 03, 2017 12:14:00 AM codeu.chat.server.Server$1 run
INFO: Reading update from relay...
Jun 03, 2017 12:14:05 AM codeu.chat.server.Server$1 run
INFO: Reading update from relay...
Jun 03, 2017 12:14:10 AM codeu.chat.server.Server$1 run
INFO: Reading update from relay...
Jun 03, 2017 12:14:15 AM codeu.chat.server.Server$1 run
INFO: Reading update from relay...
Jun 03, 2017 12:14:20 AM codeu.chat.server.Server$1 run
INFO: Reading update from relay...
Jun 03, 2017 12:14:25 AM codeu.chat.server.Server$1 run
INFO: Reading update from relay...
Jun 03, 2017 12:14:30 AM codeu.chat.server.Server$1 run
INFO: Reading update from relay...
Jun 03, 2017 12:14:35 AM codeu.chat.server.Server$1 run
INFO: Reading update from relay...
Jun 03, 2017 12:14:40 AM codeu.chat.server.Server$1 run
INFO: Reading update from relay...
Jun 03, 2017 12:14:45 AM codeu.chat.server.Server$1 run
INFO: Reading update from relay...
Jun 03, 2017 12:14:50 AM codeu.chat.server.Server$1 run
INFO: Reading update from relay...
Jun 03, 2017 12:14:55 AM codeu.chat.server.Server$1 run
INFO: Reading update from relay...
Jun 03, 2017 12:15:00 AM codeu.chat.server.Server$1 run
INFO: Reading update from relay...
Jun 03, 2017 12:15:05 AM codeu.chat.server.Server$1 run
INFO: Reading update from relay...
Jun 03, 2017 12:15:10 AM codeu.chat.server.Server$1 run
INFO: Reading update from relay...
Jun 03, 2017 12:15:15 AM codeu.chat.server.Server$1 run
INFO: Reading update from relay...
Jun 03, 2017 12:15:25 AM codeu.chat.ServerMain main
INFO: ============================= START OF LOG =============================
Jun 03, 2017 12:15:25 AM codeu.chat.ServerMain main
INFO: Starting server...
Jun 03, 2017 12:15:25 AM codeu.chat.ServerMain runServer
INFO: Created server.
Jun 03, 2017 12:15:25 AM codeu.chat.server.Server$1 run
INFO: Reading update from relay...
Jun 03, 2017 12:15:25 AM codeu.chat.ServerMain runServer
INFO: Established connection...
Jun 03, 2017 12:15:30 AM codeu.chat.server.Server$1 run
INFO: Reading update from relay...
Jun 03, 2017 12:15:35 AM codeu.chat.server.Server$1 run
INFO: Reading update from relay...
Jun 03, 2017 12:15:40 AM codeu.chat.server.Server$1 run
INFO: Reading update from relay...
Jun 03, 2017 12:15:45 AM codeu.chat.server.Server$1 run
INFO: Reading update from relay...
Jun 03, 2017 12:15:50 AM codeu.chat.server.Server$1 run
INFO: Reading update from relay...
Jun 03, 2017 12:15:55 AM codeu.chat.server.Server$1 run
INFO: Reading update from relay...
Jun 03, 2017 12:16:00 AM codeu.chat.server.Server$1 run
INFO: Reading update from relay...
Jun 03, 2017 12:16:05 AM codeu.chat.server.Server$1 run
INFO: Reading update from relay...
Jun 03, 2017 12:16:10 AM codeu.chat.server.Server$1 run
INFO: Reading update from relay...
Jun 03, 2017 12:16:15 AM codeu.chat.server.Server$1 run
INFO: Reading update from relay...
Jun 03, 2017 12:16:20 AM codeu.chat.server.Server$1 run
INFO: Reading update from relay...
Jun 03, 2017 12:16:25 AM codeu.chat.server.Server$1 run
INFO: Reading update from relay...
Jun 03, 2017 12:16:30 AM codeu.chat.server.Server$1 run
INFO: Reading update from relay...
Jun 03, 2017 12:16:35 AM codeu.chat.server.Server$1 run
INFO: Reading update from relay...
Jun 03, 2017 12:16:40 AM codeu.chat.server.Server$1 run
INFO: Reading update from relay...
Jun 03, 2017 12:16:45 AM codeu.chat.server.Server$1 run
INFO: Reading update from relay...
Jun 03, 2017 12:16:50 AM codeu.chat.server.Server$1 run
INFO: Reading update from relay...
Jun 03, 2017 12:16:55 AM codeu.chat.server.Server$1 run
INFO: Reading update from relay...
Jun 03, 2017 12:17:00 AM codeu.chat.server.Server$1 run
INFO: Reading update from relay...
Jun 03, 2017 12:17:05 AM codeu.chat.server.Server$1 run
INFO: Reading update from relay...
Jun 03, 2017 12:17:10 AM codeu.chat.server.Server$1 run
INFO: Reading update from relay...
Jun 03, 2017 12:17:15 AM codeu.chat.server.Server$1 run
INFO: Reading update from relay...
Jun 03, 2017 12:17:20 AM codeu.chat.server.Server$1 run
INFO: Reading update from relay...
Jun 03, 2017 12:17:25 AM codeu.chat.server.Server$1 run
INFO: Reading update from relay...
Jun 03, 2017 12:17:30 AM codeu.chat.server.Server$1 run
INFO: Reading update from relay...
Jun 03, 2017 12:17:35 AM codeu.chat.server.Server$1 run
INFO: Reading update from relay...
Jun 03, 2017 12:17:40 AM codeu.chat.server.Server$1 run
INFO: Reading update from relay...
