Jun 02, 2017 7:47:20 PM codeu.chat.ServerMain main
INFO: ============================= START OF LOG =============================
Jun 02, 2017 7:47:20 PM codeu.chat.ServerMain main
INFO: Starting server...
Jun 02, 2017 7:47:20 PM codeu.chat.ServerMain runServer
INFO: Created server.
Jun 02, 2017 7:47:20 PM codeu.chat.server.Server$1 run
INFO: Reading update from relay...
Jun 02, 2017 7:47:20 PM codeu.chat.ServerMain runServer
INFO: Established connection...
Jun 02, 2017 7:47:25 PM codeu.chat.server.Server$1 run
INFO: Reading update from relay...
Jun 02, 2017 7:47:30 PM codeu.chat.server.Server$1 run
INFO: Reading update from relay...
Jun 02, 2017 7:47:35 PM codeu.chat.server.Server$1 run
INFO: Reading update from relay...
Jun 02, 2017 7:47:42 PM codeu.chat.ServerMain main
INFO: ============================= START OF LOG =============================
Jun 02, 2017 7:47:42 PM codeu.chat.ServerMain main
INFO: Starting server...
Jun 02, 2017 7:47:42 PM codeu.chat.ServerMain runServer
INFO: Created server.
Jun 02, 2017 7:47:42 PM codeu.chat.server.Server$1 run
INFO: Reading update from relay...
Jun 02, 2017 7:47:42 PM codeu.chat.ServerMain runServer
INFO: Established connection...
Jun 02, 2017 7:47:47 PM codeu.chat.server.Server$1 run
INFO: Reading update from relay...
Jun 02, 2017 7:47:52 PM codeu.chat.server.Server$1 run
INFO: Reading update from relay...
Jun 02, 2017 7:47:57 PM codeu.chat.server.Server$1 run
INFO: Reading update from relay...
Jun 02, 2017 7:48:02 PM codeu.chat.server.Server$1 run
INFO: Reading update from relay...
Jun 02, 2017 7:48:07 PM codeu.chat.server.Server$1 run
INFO: Reading update from relay...
Jun 02, 2017 7:48:12 PM codeu.chat.server.Server$1 run
INFO: Reading update from relay...
Jun 02, 2017 7:48:17 PM codeu.chat.server.Server$1 run
INFO: Reading update from relay...
Jun 02, 2017 7:48:25 PM codeu.chat.ServerMain main
INFO: ============================= START OF LOG =============================
Jun 02, 2017 7:48:25 PM codeu.chat.ServerMain main
INFO: Starting server...
Jun 02, 2017 7:48:25 PM codeu.chat.ServerMain runServer
INFO: Created server.
Jun 02, 2017 7:48:25 PM codeu.chat.server.Server$1 run
INFO: Reading update from relay...
Jun 02, 2017 7:48:25 PM codeu.chat.ServerMain runServer
INFO: Established connection...
Jun 02, 2017 7:48:30 PM codeu.chat.server.Server$1 run
INFO: Reading update from relay...
Jun 02, 2017 7:48:35 PM codeu.chat.server.Server$1 run
INFO: Reading update from relay...
Jun 02, 2017 7:48:40 PM codeu.chat.server.Server$1 run
INFO: Reading update from relay...
Jun 02, 2017 7:48:45 PM codeu.chat.server.Server$1 run
INFO: Reading update from relay...
Jun 02, 2017 7:48:50 PM codeu.chat.server.Server$1 run
INFO: Reading update from relay...
Jun 02, 2017 7:48:55 PM codeu.chat.server.Server$1 run
INFO: Reading update from relay...
Jun 02, 2017 7:49:00 PM codeu.chat.server.Server$1 run
INFO: Reading update from relay...
Jun 02, 2017 7:49:05 PM codeu.chat.server.Server$1 run
INFO: Reading update from relay...
Jun 02, 2017 7:49:10 PM codeu.chat.server.Server$1 run
INFO: Reading update from relay...
Jun 02, 2017 7:49:15 PM codeu.chat.server.Server$1 run
INFO: Reading update from relay...
Jun 02, 2017 7:49:20 PM codeu.chat.server.Server$1 run
INFO: Reading update from relay...
Jun 02, 2017 7:49:25 PM codeu.chat.server.Server$1 run
INFO: Reading update from relay...
Jun 02, 2017 7:49:30 PM codeu.chat.server.Server$1 run
INFO: Reading update from relay...
Jun 02, 2017 7:49:35 PM codeu.chat.server.Server$1 run
INFO: Reading update from relay...
Jun 02, 2017 7:49:40 PM codeu.chat.server.Server$1 run
INFO: Reading update from relay...
Jun 02, 2017 7:49:45 PM codeu.chat.server.Server$1 run
INFO: Reading update from relay...
Jun 02, 2017 7:49:50 PM codeu.chat.server.Server$1 run
INFO: Reading update from relay...
Jun 02, 2017 7:49:55 PM codeu.chat.server.Server$1 run
INFO: Reading update from relay...
Jun 02, 2017 7:50:00 PM codeu.chat.server.Server$1 run
INFO: Reading update from relay...
Jun 02, 2017 7:50:05 PM codeu.chat.server.Server$1 run
INFO: Reading update from relay...
Jun 02, 2017 7:50:10 PM codeu.chat.server.Server$1 run
INFO: Reading update from relay...
Jun 02, 2017 7:50:15 PM codeu.chat.server.Server$1 run
INFO: Reading update from relay...
Jun 02, 2017 7:50:20 PM codeu.chat.server.Server$1 run
INFO: Reading update from relay...
Jun 02, 2017 7:50:25 PM codeu.chat.server.Server$1 run
INFO: Reading update from relay...
Jun 02, 2017 7:50:31 PM codeu.chat.server.Server$1 run
INFO: Reading update from relay...
Jun 02, 2017 7:50:36 PM codeu.chat.server.Server$1 run
INFO: Reading update from relay...
Jun 02, 2017 7:50:41 PM codeu.chat.server.Server$1 run
INFO: Reading update from relay...
Jun 02, 2017 7:50:46 PM codeu.chat.server.Server$1 run
INFO: Reading update from relay...
Jun 02, 2017 7:50:51 PM codeu.chat.server.Server$1 run
INFO: Reading update from relay...
Jun 02, 2017 7:50:56 PM codeu.chat.server.Server$1 run
INFO: Reading update from relay...
Jun 02, 2017 7:51:01 PM codeu.chat.server.Server$1 run
INFO: Reading update from relay...
Jun 02, 2017 7:51:06 PM codeu.chat.server.Server$1 run
INFO: Reading update from relay...
Jun 02, 2017 7:51:11 PM codeu.chat.server.Server$1 run
INFO: Reading update from relay...
Jun 02, 2017 7:51:16 PM codeu.chat.server.Server$1 run
INFO: Reading update from relay...
Jun 02, 2017 7:51:21 PM codeu.chat.server.Server$1 run
INFO: Reading update from relay...
Jun 02, 2017 7:51:26 PM codeu.chat.server.Server$1 run
INFO: Reading update from relay...
Jun 02, 2017 7:51:31 PM codeu.chat.server.Server$1 run
INFO: Reading update from relay...
Jun 02, 2017 7:51:36 PM codeu.chat.server.Server$1 run
INFO: Reading update from relay...
Jun 02, 2017 7:51:41 PM codeu.chat.server.Server$1 run
INFO: Reading update from relay...
Jun 02, 2017 7:51:46 PM codeu.chat.server.Server$1 run
INFO: Reading update from relay...
Jun 02, 2017 7:51:51 PM codeu.chat.server.Server$1 run
INFO: Reading update from relay...
Jun 02, 2017 7:53:42 PM codeu.chat.ServerMain main
INFO: ============================= START OF LOG =============================
Jun 02, 2017 7:53:42 PM codeu.chat.ServerMain main
INFO: Starting server...
Jun 02, 2017 7:53:42 PM codeu.chat.ServerMain runServer
INFO: Created server.
Jun 02, 2017 7:53:42 PM codeu.chat.server.Server$1 run
INFO: Reading update from relay...
Jun 02, 2017 7:53:42 PM codeu.chat.ServerMain runServer
INFO: Established connection...
Jun 02, 2017 7:53:47 PM codeu.chat.server.Server$1 run
INFO: Reading update from relay...
Jun 02, 2017 7:53:52 PM codeu.chat.server.Server$1 run
INFO: Reading update from relay...
Jun 02, 2017 7:53:57 PM codeu.chat.server.Server$1 run
INFO: Reading update from relay...
Jun 02, 2017 7:54:02 PM codeu.chat.server.Server$1 run
INFO: Reading update from relay...
Jun 02, 2017 7:54:07 PM codeu.chat.server.Server$1 run
INFO: Reading update from relay...
Jun 02, 2017 7:54:12 PM codeu.chat.server.Server$1 run
INFO: Reading update from relay...
Jun 02, 2017 7:54:17 PM codeu.chat.server.Server$1 run
INFO: Reading update from relay...
Jun 02, 2017 7:54:22 PM codeu.chat.server.Server$1 run
INFO: Reading update from relay...
Jun 02, 2017 7:54:28 PM codeu.chat.server.Server$1 run
INFO: Reading update from relay...
Jun 02, 2017 7:54:33 PM codeu.chat.server.Server$1 run
INFO: Reading update from relay...
Jun 02, 2017 7:54:38 PM codeu.chat.server.Server$1 run
INFO: Reading update from relay...
Jun 02, 2017 7:54:43 PM codeu.chat.server.Server$1 run
INFO: Reading update from relay...
Jun 02, 2017 7:54:48 PM codeu.chat.server.Server$1 run
INFO: Reading update from relay...
Jun 02, 2017 7:54:53 PM codeu.chat.server.Server$1 run
INFO: Reading update from relay...
Jun 02, 2017 7:54:58 PM codeu.chat.server.Server$1 run
INFO: Reading update from relay...
Jun 02, 2017 7:55:03 PM codeu.chat.server.Server$1 run
INFO: Reading update from relay...
Jun 02, 2017 7:55:08 PM codeu.chat.server.Server$1 run
INFO: Reading update from relay...
Jun 02, 2017 7:55:13 PM codeu.chat.server.Server$1 run
INFO: Reading update from relay...
Jun 02, 2017 7:55:18 PM codeu.chat.server.Server$1 run
INFO: Reading update from relay...
Jun 02, 2017 7:55:23 PM codeu.chat.server.Server$1 run
INFO: Reading update from relay...
Jun 02, 2017 7:55:28 PM codeu.chat.server.Server$1 run
INFO: Reading update from relay...
Jun 02, 2017 7:55:33 PM codeu.chat.server.Server$1 run
INFO: Reading update from relay...
Jun 02, 2017 7:55:38 PM codeu.chat.server.Server$1 run
INFO: Reading update from relay...
Jun 02, 2017 7:55:43 PM codeu.chat.server.Server$1 run
INFO: Reading update from relay...
Jun 02, 2017 7:55:48 PM codeu.chat.server.Server$1 run
INFO: Reading update from relay...
Jun 02, 2017 7:55:53 PM codeu.chat.server.Server$1 run
INFO: Reading update from relay...
Jun 02, 2017 7:55:58 PM codeu.chat.server.Server$1 run
INFO: Reading update from relay...
Jun 02, 2017 7:56:03 PM codeu.chat.server.Server$1 run
INFO: Reading update from relay...
Jun 02, 2017 7:56:08 PM codeu.chat.server.Server$1 run
INFO: Reading update from relay...
Jun 02, 2017 7:56:13 PM codeu.chat.server.Server$1 run
INFO: Reading update from relay...
Jun 02, 2017 7:56:18 PM codeu.chat.server.Server$1 run
INFO: Reading update from relay...
Jun 02, 2017 7:56:23 PM codeu.chat.server.Server$1 run
INFO: Reading update from relay...
Jun 02, 2017 7:56:28 PM codeu.chat.server.Server$1 run
INFO: Reading update from relay...
Jun 02, 2017 7:56:33 PM codeu.chat.server.Server$1 run
INFO: Reading update from relay...
Jun 02, 2017 7:56:43 PM codeu.chat.ServerMain main
INFO: ============================= START OF LOG =============================
Jun 02, 2017 7:56:43 PM codeu.chat.ServerMain main
INFO: Starting server...
Jun 02, 2017 7:56:43 PM codeu.chat.ServerMain runServer
INFO: Created server.
Jun 02, 2017 7:56:43 PM codeu.chat.server.Server$1 run
INFO: Reading update from relay...
Jun 02, 2017 7:56:43 PM codeu.chat.ServerMain runServer
INFO: Established connection...
Jun 02, 2017 7:56:48 PM codeu.chat.server.Server$1 run
INFO: Reading update from relay...
Jun 02, 2017 7:56:53 PM codeu.chat.server.Server$1 run
INFO: Reading update from relay...
Jun 02, 2017 7:56:58 PM codeu.chat.server.Server$1 run
INFO: Reading update from relay...
Jun 02, 2017 7:57:03 PM codeu.chat.server.Server$1 run
INFO: Reading update from relay...
Jun 02, 2017 7:57:08 PM codeu.chat.server.Server$1 run
INFO: Reading update from relay...
Jun 02, 2017 7:57:13 PM codeu.chat.server.Server$1 run
INFO: Reading update from relay...
Jun 02, 2017 7:57:18 PM codeu.chat.server.Server$1 run
INFO: Reading update from relay...
Jun 02, 2017 7:57:23 PM codeu.chat.server.Server$1 run
INFO: Reading update from relay...
Jun 02, 2017 7:57:28 PM codeu.chat.server.Server$1 run
INFO: Reading update from relay...
Jun 02, 2017 7:57:33 PM codeu.chat.server.Server$1 run
INFO: Reading update from relay...
Jun 02, 2017 7:57:38 PM codeu.chat.server.Server$1 run
INFO: Reading update from relay...
Jun 02, 2017 7:57:43 PM codeu.chat.server.Server$1 run
INFO: Reading update from relay...
Jun 02, 2017 7:57:48 PM codeu.chat.server.Server$1 run
INFO: Reading update from relay...
Jun 02, 2017 7:57:53 PM codeu.chat.server.Server$1 run
INFO: Reading update from relay...
Jun 02, 2017 7:57:58 PM codeu.chat.server.Server$1 run
INFO: Reading update from relay...
Jun 02, 2017 7:58:03 PM codeu.chat.server.Server$1 run
INFO: Reading update from relay...
Jun 02, 2017 7:58:08 PM codeu.chat.server.Server$1 run
INFO: Reading update from relay...
Jun 02, 2017 7:58:13 PM codeu.chat.server.Server$1 run
INFO: Reading update from relay...
Jun 02, 2017 7:58:18 PM codeu.chat.server.Server$1 run
INFO: Reading update from relay...
Jun 02, 2017 7:58:23 PM codeu.chat.server.Server$1 run
INFO: Reading update from relay...
Jun 02, 2017 7:58:28 PM codeu.chat.server.Server$1 run
INFO: Reading update from relay...
Jun 02, 2017 7:58:33 PM codeu.chat.server.Server$1 run
INFO: Reading update from relay...
Jun 02, 2017 7:58:38 PM codeu.chat.server.Server$1 run
INFO: Reading update from relay...
Jun 02, 2017 7:58:43 PM codeu.chat.server.Server$1 run
INFO: Reading update from relay...
Jun 02, 2017 7:58:48 PM codeu.chat.server.Server$1 run
INFO: Reading update from relay...
Jun 02, 2017 7:58:53 PM codeu.chat.server.Server$1 run
INFO: Reading update from relay...
Jun 02, 2017 7:58:58 PM codeu.chat.server.Server$1 run
INFO: Reading update from relay...
Jun 02, 2017 7:59:03 PM codeu.chat.server.Server$1 run
INFO: Reading update from relay...
Jun 02, 2017 7:59:08 PM codeu.chat.server.Server$1 run
INFO: Reading update from relay...
Jun 02, 2017 7:59:13 PM codeu.chat.server.Server$1 run
INFO: Reading update from relay...
Jun 02, 2017 7:59:18 PM codeu.chat.server.Server$1 run
INFO: Reading update from relay...
Jun 02, 2017 7:59:23 PM codeu.chat.server.Server$1 run
INFO: Reading update from relay...
Jun 02, 2017 7:59:28 PM codeu.chat.server.Server$1 run
INFO: Reading update from relay...
Jun 02, 2017 7:59:33 PM codeu.chat.server.Server$1 run
INFO: Reading update from relay...
Jun 02, 2017 7:59:38 PM codeu.chat.server.Server$1 run
INFO: Reading update from relay...
Jun 02, 2017 7:59:43 PM codeu.chat.server.Server$1 run
INFO: Reading update from relay...
Jun 02, 2017 7:59:48 PM codeu.chat.server.Server$1 run
INFO: Reading update from relay...
Jun 02, 2017 7:59:53 PM codeu.chat.server.Server$1 run
INFO: Reading update from relay...
Jun 02, 2017 7:59:58 PM codeu.chat.server.Server$1 run
INFO: Reading update from relay...
Jun 02, 2017 8:00:03 PM codeu.chat.server.Server$1 run
INFO: Reading update from relay...
Jun 02, 2017 8:00:08 PM codeu.chat.server.Server$1 run
INFO: Reading update from relay...
Jun 02, 2017 8:00:13 PM codeu.chat.server.Server$1 run
INFO: Reading update from relay...
Jun 02, 2017 8:00:18 PM codeu.chat.server.Server$1 run
INFO: Reading update from relay...
Jun 02, 2017 8:00:23 PM codeu.chat.server.Server$1 run
INFO: Reading update from relay...
Jun 02, 2017 8:00:28 PM codeu.chat.server.Server$1 run
INFO: Reading update from relay...
Jun 02, 2017 8:00:33 PM codeu.chat.server.Server$1 run
INFO: Reading update from relay...
Jun 02, 2017 8:00:38 PM codeu.chat.server.Server$1 run
INFO: Reading update from relay...
Jun 02, 2017 8:00:43 PM codeu.chat.server.Server$1 run
INFO: Reading update from relay...
Jun 02, 2017 8:00:48 PM codeu.chat.server.Server$1 run
INFO: Reading update from relay...
Jun 02, 2017 8:00:53 PM codeu.chat.server.Server$1 run
INFO: Reading update from relay...
Jun 02, 2017 8:00:58 PM codeu.chat.server.Server$1 run
INFO: Reading update from relay...
Jun 02, 2017 8:01:03 PM codeu.chat.server.Server$1 run
INFO: Reading update from relay...
Jun 02, 2017 8:01:08 PM codeu.chat.server.Server$1 run
INFO: Reading update from relay...
Jun 02, 2017 8:01:13 PM codeu.chat.server.Server$1 run
INFO: Reading update from relay...
Jun 02, 2017 8:01:18 PM codeu.chat.server.Server$1 run
INFO: Reading update from relay...
Jun 02, 2017 8:01:23 PM codeu.chat.server.Server$1 run
INFO: Reading update from relay...
Jun 02, 2017 8:01:46 PM codeu.chat.ServerMain main
INFO: ============================= START OF LOG =============================
Jun 02, 2017 8:01:46 PM codeu.chat.ServerMain main
INFO: Starting server...
Jun 02, 2017 8:01:46 PM codeu.chat.ServerMain runServer
INFO: Created server.
Jun 02, 2017 8:01:46 PM codeu.chat.server.Server$1 run
INFO: Reading update from relay...
Jun 02, 2017 8:01:46 PM codeu.chat.ServerMain runServer
INFO: Established connection...
Jun 02, 2017 8:01:51 PM codeu.chat.server.Server$1 run
INFO: Reading update from relay...
Jun 02, 2017 8:01:56 PM codeu.chat.server.Server$1 run
INFO: Reading update from relay...
Jun 02, 2017 8:02:01 PM codeu.chat.server.Server$1 run
INFO: Reading update from relay...
Jun 02, 2017 8:02:06 PM codeu.chat.server.Server$1 run
INFO: Reading update from relay...
Jun 02, 2017 8:02:11 PM codeu.chat.server.Server$1 run
INFO: Reading update from relay...
Jun 02, 2017 8:02:16 PM codeu.chat.server.Server$1 run
INFO: Reading update from relay...
Jun 02, 2017 8:02:21 PM codeu.chat.server.Server$1 run
INFO: Reading update from relay...
Jun 02, 2017 8:02:26 PM codeu.chat.server.Server$1 run
INFO: Reading update from relay...
Jun 02, 2017 8:02:31 PM codeu.chat.server.Server$1 run
INFO: Reading update from relay...
Jun 02, 2017 8:02:36 PM codeu.chat.server.Server$1 run
INFO: Reading update from relay...
Jun 02, 2017 8:02:41 PM codeu.chat.server.Server$1 run
INFO: Reading update from relay...
Jun 02, 2017 8:02:47 PM codeu.chat.server.Server$1 run
INFO: Reading update from relay...
Jun 02, 2017 8:02:52 PM codeu.chat.server.Server$1 run
INFO: Reading update from relay...
Jun 02, 2017 8:02:57 PM codeu.chat.server.Server$1 run
INFO: Reading update from relay...
Jun 02, 2017 8:03:02 PM codeu.chat.server.Server$1 run
INFO: Reading update from relay...
Jun 02, 2017 8:03:07 PM codeu.chat.server.Server$1 run
INFO: Reading update from relay...
Jun 02, 2017 8:03:12 PM codeu.chat.server.Server$1 run
INFO: Reading update from relay...
Jun 02, 2017 8:03:17 PM codeu.chat.server.Server$1 run
INFO: Reading update from relay...
Jun 02, 2017 8:03:22 PM codeu.chat.server.Server$1 run
INFO: Reading update from relay...
Jun 02, 2017 8:03:27 PM codeu.chat.server.Server$1 run
INFO: Reading update from relay...
Jun 02, 2017 8:03:32 PM codeu.chat.server.Server$1 run
INFO: Reading update from relay...
Jun 02, 2017 8:03:37 PM codeu.chat.server.Server$1 run
INFO: Reading update from relay...
Jun 02, 2017 8:03:42 PM codeu.chat.server.Server$1 run
INFO: Reading update from relay...
Jun 02, 2017 8:03:47 PM codeu.chat.server.Server$1 run
INFO: Reading update from relay...
