Jun 01, 2017 6:41:38 PM codeu.chat.ClientMain main
INFO: ============================= START OF LOG =============================
Jun 01, 2017 6:41:38 PM codeu.chat.ClientMain main
INFO: Starting chat client...
Jun 01, 2017 6:41:38 PM codeu.chat.ClientMain main
INFO: Creating client...
Jun 01, 2017 6:41:38 PM codeu.chat.ClientMain main
INFO: Created client
Jun 01, 2017 6:42:16 PM codeu.chat.client.Controller newUser
INFO: newUser: Request completed.
Jun 01, 2017 6:42:17 PM codeu.chat.client.Controller newUser
INFO: newUser: Response completed.
Jun 01, 2017 6:42:17 PM codeu.chat.client.ClientUser addUser
INFO: New user complete, Name= "duong" Nickname= "asd" UUID=[UUID:0.84248345]
Jun 01, 2017 6:43:14 PM codeu.chat.client.Controller newUser
INFO: newUser: Request completed.
Jun 01, 2017 6:43:15 PM codeu.chat.client.Controller newUser
INFO: newUser: Response completed.
Jun 01, 2017 6:43:15 PM codeu.chat.client.ClientUser addUser
INFO: New user complete, Name= "hello" Nickname= "" UUID=[UUID:0.4170051802]
Jun 01, 2017 6:44:38 PM codeu.chat.client.View getUsersExcluding
SEVERE: Exception during call on server.
java.net.ConnectException: Connection refused (Connection refused)
	at java.net.PlainSocketImpl.socketConnect(Native Method)
	at java.net.AbstractPlainSocketImpl.doConnect(AbstractPlainSocketImpl.java:350)
	at java.net.AbstractPlainSocketImpl.connectToAddress(AbstractPlainSocketImpl.java:204)
	at java.net.AbstractPlainSocketImpl.connect(AbstractPlainSocketImpl.java:188)
	at java.net.SocksSocketImpl.connect(SocksSocketImpl.java:392)
	at java.net.Socket.connect(Socket.java:589)
	at java.net.Socket.connect(Socket.java:538)
	at java.net.Socket.<init>(Socket.java:434)
	at java.net.Socket.<init>(Socket.java:211)
	at codeu.chat.util.connections.ClientConnectionSource.connect(ClientConnectionSource.java:39)
	at codeu.chat.client.View.getUsersExcluding(View.java:217)
	at codeu.chat.client.ClientUser.updateUsers(ClientUser.java:244)
	at codeu.chat.client.ClientUser.ifExistedName(ClientUser.java:91)
	at codeu.chat.client.ClientUser.addUser(ClientUser.java:152)
	at codeu.chat.client.commandline.Chat.addUser(Chat.java:354)
	at codeu.chat.client.commandline.Chat.doOneCommand(Chat.java:131)
	at codeu.chat.client.commandline.Chat.handleCommand(Chat.java:376)
	at codeu.chat.ClientMain.main(ClientMain.java:60)
	at sun.reflect.NativeMethodAccessorImpl.invoke0(Native Method)
	at sun.reflect.NativeMethodAccessorImpl.invoke(NativeMethodAccessorImpl.java:62)
	at sun.reflect.DelegatingMethodAccessorImpl.invoke(DelegatingMethodAccessorImpl.java:43)
	at java.lang.reflect.Method.invoke(Method.java:498)
	at org.codehaus.mojo.exec.ExecJavaMojo$1.run(ExecJavaMojo.java:282)
	at java.lang.Thread.run(Thread.java:748)

Jun 01, 2017 6:44:43 PM codeu.chat.client.Controller newUser
SEVERE: Exception during call on server.
java.net.ConnectException: Connection refused (Connection refused)
	at java.net.PlainSocketImpl.socketConnect(Native Method)
	at java.net.AbstractPlainSocketImpl.doConnect(AbstractPlainSocketImpl.java:350)
	at java.net.AbstractPlainSocketImpl.connectToAddress(AbstractPlainSocketImpl.java:204)
	at java.net.AbstractPlainSocketImpl.connect(AbstractPlainSocketImpl.java:188)
	at java.net.SocksSocketImpl.connect(SocksSocketImpl.java:392)
	at java.net.Socket.connect(Socket.java:589)
	at java.net.Socket.connect(Socket.java:538)
	at java.net.Socket.<init>(Socket.java:434)
	at java.net.Socket.<init>(Socket.java:211)
	at codeu.chat.util.connections.ClientConnectionSource.connect(ClientConnectionSource.java:39)
	at codeu.chat.client.Controller.newUser(Controller.java:72)
	at codeu.chat.client.ClientUser.addUser(ClientUser.java:155)
	at codeu.chat.client.commandline.Chat.addUser(Chat.java:354)
	at codeu.chat.client.commandline.Chat.doOneCommand(Chat.java:131)
	at codeu.chat.client.commandline.Chat.handleCommand(Chat.java:376)
	at codeu.chat.ClientMain.main(ClientMain.java:60)
	at sun.reflect.NativeMethodAccessorImpl.invoke0(Native Method)
	at sun.reflect.NativeMethodAccessorImpl.invoke(NativeMethodAccessorImpl.java:62)
	at sun.reflect.DelegatingMethodAccessorImpl.invoke(DelegatingMethodAccessorImpl.java:43)
	at java.lang.reflect.Method.invoke(Method.java:498)
	at org.codehaus.mojo.exec.ExecJavaMojo$1.run(ExecJavaMojo.java:282)
	at java.lang.Thread.run(Thread.java:748)

Jun 02, 2017 9:40:56 AM codeu.chat.ClientMain main
INFO: ============================= START OF LOG =============================
Jun 02, 2017 9:40:56 AM codeu.chat.ClientMain main
INFO: Starting chat client...
Jun 02, 2017 9:40:56 AM codeu.chat.ClientMain main
INFO: Creating client...
Jun 02, 2017 9:40:56 AM codeu.chat.ClientMain main
INFO: Created client
Jun 02, 2017 10:45:17 AM codeu.chat.ClientMain main
INFO: ============================= START OF LOG =============================
Jun 02, 2017 10:45:17 AM codeu.chat.ClientMain main
INFO: Starting chat client...
Jun 02, 2017 10:45:17 AM codeu.chat.ClientMain main
INFO: Creating client...
Jun 02, 2017 10:45:17 AM codeu.chat.ClientMain main
INFO: Created client
Jun 02, 2017 10:45:31 AM codeu.chat.client.View getUsersExcluding
SEVERE: Response from server failed.
Jun 02, 2017 10:46:07 AM codeu.chat.client.View getUsersExcluding
SEVERE: Response from server failed.
Jun 02, 2017 10:46:07 AM codeu.chat.client.Controller newUser
INFO: newUser: Request completed.
Jun 02, 2017 10:46:08 AM codeu.chat.client.Controller newUser
SEVERE: Response from server failed.
Jun 02, 2017 10:46:42 AM codeu.chat.client.View getUsersExcluding
SEVERE: Response from server failed.
Jun 02, 2017 10:46:42 AM codeu.chat.client.Controller newUser
INFO: newUser: Request completed.
Jun 02, 2017 10:46:42 AM codeu.chat.client.Controller newUser
SEVERE: Response from server failed.
Jun 02, 2017 10:48:00 AM codeu.chat.ClientMain main
INFO: ============================= START OF LOG =============================
Jun 02, 2017 10:48:00 AM codeu.chat.ClientMain main
INFO: Starting chat client...
Jun 02, 2017 10:48:00 AM codeu.chat.ClientMain main
INFO: Creating client...
Jun 02, 2017 10:48:00 AM codeu.chat.ClientMain main
INFO: Created client
Jun 02, 2017 10:48:12 AM codeu.chat.client.Controller newUser
INFO: newUser: Request completed.
Jun 02, 2017 10:48:13 AM codeu.chat.client.Controller newUser
INFO: newUser: Response completed.
Jun 02, 2017 10:48:13 AM codeu.chat.client.ClientUser addUser
INFO: New user complete, Name= "duong" Nickname= "" UUID=[UUID:0.4076282745]
Jun 02, 2017 10:48:30 AM codeu.chat.client.Controller newUser
INFO: newUser: Request completed.
Jun 02, 2017 10:48:30 AM codeu.chat.client.Controller newUser
INFO: newUser: Response completed.
Jun 02, 2017 10:48:30 AM codeu.chat.client.ClientUser addUser
INFO: New user complete, Name= "elena" Nickname= "" UUID=[UUID:0.1646772554]
Jun 02, 2017 10:48:48 AM codeu.chat.ClientMain main
INFO: ============================= START OF LOG =============================
Jun 02, 2017 10:48:48 AM codeu.chat.ClientMain main
INFO: Starting chat client...
Jun 02, 2017 10:48:48 AM codeu.chat.ClientMain main
INFO: Creating client...
Jun 02, 2017 10:48:48 AM codeu.chat.ClientMain main
INFO: Created client
Jun 02, 2017 10:57:53 AM codeu.chat.ClientMain main
INFO: ============================= START OF LOG =============================
Jun 02, 2017 10:57:53 AM codeu.chat.ClientMain main
INFO: Starting chat client...
Jun 02, 2017 10:57:53 AM codeu.chat.ClientMain main
INFO: Creating client...
Jun 02, 2017 10:57:53 AM codeu.chat.ClientMain main
INFO: Created client
Jun 02, 2017 10:58:17 AM codeu.chat.client.Controller newUser
INFO: newUser: Request completed.
Jun 02, 2017 10:58:19 AM codeu.chat.client.Controller newUser
INFO: newUser: Response completed.
Jun 02, 2017 10:58:19 AM codeu.chat.client.ClientUser addUser
INFO: New user complete, Name= "hello" Nickname= "kkk" UUID=[UUID:0.2616216509]
Jun 02, 2017 11:12:18 AM codeu.chat.ClientMain main
INFO: ============================= START OF LOG =============================
Jun 02, 2017 11:12:18 AM codeu.chat.ClientMain main
INFO: Starting chat client...
Jun 02, 2017 11:12:18 AM codeu.chat.ClientMain main
INFO: Creating client...
Jun 02, 2017 11:12:18 AM codeu.chat.ClientMain main
INFO: Created client
Jun 02, 2017 11:12:30 AM codeu.chat.client.Controller newUser
INFO: newUser: Request completed.
Jun 02, 2017 11:12:32 AM codeu.chat.client.Controller newUser
INFO: newUser: Response completed.
Jun 02, 2017 11:12:32 AM codeu.chat.client.ClientUser addUser
INFO: New user complete, Name= "kkk" Nickname= "" UUID=[UUID:0.565959957]
Jun 02, 2017 11:29:36 AM codeu.chat.ClientMain main
INFO: ============================= START OF LOG =============================
Jun 02, 2017 11:29:36 AM codeu.chat.ClientMain main
INFO: Starting chat client...
Jun 02, 2017 11:29:36 AM codeu.chat.ClientMain main
INFO: Creating client...
Jun 02, 2017 11:29:36 AM codeu.chat.ClientMain main
INFO: Created client
Jun 02, 2017 11:30:11 AM codeu.chat.client.Controller newUser
INFO: newUser: Request completed.
Jun 02, 2017 11:30:13 AM codeu.chat.client.Controller newUser
INFO: newUser: Response completed.
Jun 02, 2017 11:30:13 AM codeu.chat.client.ClientUser addUser
INFO: New user complete, Name= "duong nguyen anh" Nickname= "elena" UUID=[UUID:0.1060860890]
Jun 02, 2017 11:30:46 AM codeu.chat.ClientMain main
INFO: chat client has exited.
Jun 02, 2017 11:41:27 AM codeu.chat.ClientMain main
INFO: ============================= START OF LOG =============================
Jun 02, 2017 11:41:27 AM codeu.chat.ClientMain main
INFO: Starting chat client...
Jun 02, 2017 11:41:27 AM codeu.chat.ClientMain main
INFO: Creating client...
Jun 02, 2017 11:41:27 AM codeu.chat.ClientMain main
INFO: Created client
Jun 02, 2017 11:53:54 AM codeu.chat.ClientMain main
INFO: ============================= START OF LOG =============================
Jun 02, 2017 11:53:54 AM codeu.chat.ClientMain main
INFO: Starting chat client...
Jun 02, 2017 11:53:54 AM codeu.chat.ClientMain main
INFO: Creating client...
Jun 02, 2017 11:53:54 AM codeu.chat.ClientMain main
INFO: Created client
Jun 02, 2017 11:54:05 AM codeu.chat.client.View getUsersExcluding
SEVERE: Response from server failed.
Jun 02, 2017 11:55:28 AM codeu.chat.ClientMain main
INFO: ============================= START OF LOG =============================
Jun 02, 2017 11:55:28 AM codeu.chat.ClientMain main
INFO: Starting chat client...
Jun 02, 2017 11:55:28 AM codeu.chat.ClientMain main
INFO: Creating client...
Jun 02, 2017 11:55:28 AM codeu.chat.ClientMain main
INFO: Created client
Jun 02, 2017 12:08:38 PM codeu.chat.ClientMain main
INFO: ============================= START OF LOG =============================
Jun 02, 2017 12:08:38 PM codeu.chat.ClientMain main
INFO: Starting chat client...
Jun 02, 2017 12:08:38 PM codeu.chat.ClientMain main
INFO: Creating client...
Jun 02, 2017 12:08:38 PM codeu.chat.ClientMain main
INFO: Created client
Jun 02, 2017 2:07:57 PM codeu.chat.ClientMain main
INFO: ============================= START OF LOG =============================
Jun 02, 2017 2:07:57 PM codeu.chat.ClientMain main
INFO: Starting chat client...
Jun 02, 2017 2:07:57 PM codeu.chat.ClientMain main
INFO: Creating client...
Jun 02, 2017 2:07:57 PM codeu.chat.ClientMain main
INFO: Created client
Jun 02, 2017 2:08:42 PM codeu.chat.client.Controller newUser
INFO: newUser: Request completed.
Jun 02, 2017 2:08:43 PM codeu.chat.client.Controller newUser
INFO: newUser: Response completed.
Jun 02, 2017 2:08:43 PM codeu.chat.client.ClientUser addUser
INFO: New user complete, Name= "abcd" Nickname= "" UUID=[UUID:0.1644675320]
Jun 02, 2017 2:10:17 PM codeu.chat.ClientMain main
INFO: ============================= START OF LOG =============================
Jun 02, 2017 2:10:17 PM codeu.chat.ClientMain main
INFO: Starting chat client...
Jun 02, 2017 2:10:17 PM codeu.chat.ClientMain main
INFO: Creating client...
Jun 02, 2017 2:10:17 PM codeu.chat.ClientMain main
INFO: Created client
Jun 02, 2017 2:10:25 PM codeu.chat.client.Controller newUser
INFO: newUser: Request completed.
Jun 02, 2017 2:10:25 PM codeu.chat.client.Controller newUser
INFO: newUser: Response completed.
Jun 02, 2017 2:10:25 PM codeu.chat.client.ClientUser addUser
INFO: New user complete, Name= "first" Nickname= "f" UUID=[UUID:0.3870543184]
Jun 02, 2017 2:52:53 PM codeu.chat.ClientMain main
INFO: ============================= START OF LOG =============================
Jun 02, 2017 2:52:53 PM codeu.chat.ClientMain main
INFO: Starting chat client...
Jun 02, 2017 2:52:53 PM codeu.chat.ClientMain main
INFO: Creating client...
Jun 02, 2017 2:52:53 PM codeu.chat.ClientMain main
INFO: Created client
Jun 02, 2017 2:53:39 PM codeu.chat.client.Controller ifCorrectPassword
INFO: checkPassword: Request completed.
Jun 02, 2017 2:53:39 PM codeu.chat.client.Controller ifCorrectPassword
INFO: checkPassword: Response completed.
Jun 02, 2017 2:53:45 PM codeu.chat.client.Controller ifCorrectPassword
INFO: checkPassword: Request completed.
Jun 02, 2017 2:53:45 PM codeu.chat.client.Controller ifCorrectPassword
INFO: checkPassword: Response completed.
Jun 02, 2017 2:55:27 PM codeu.chat.client.ClientMessage updateMessages
SEVERE: conversation argument is null - do nothing.
Jun 02, 2017 2:55:27 PM codeu.chat.client.ClientGroup updateCurrentGroup
INFO: Get Group: Title="g1" UUID=[UUID:0.3969957044] first=[UUID:0] last=[UUID:0]

Jun 02, 2017 3:08:33 PM codeu.chat.ClientMain main
INFO: ============================= START OF LOG =============================
Jun 02, 2017 3:08:33 PM codeu.chat.ClientMain main
INFO: Starting chat client...
Jun 02, 2017 3:08:33 PM codeu.chat.ClientMain main
INFO: Creating client...
Jun 02, 2017 3:08:33 PM codeu.chat.ClientMain main
INFO: Created client
Jun 02, 2017 3:09:21 PM codeu.chat.ClientMain main
INFO: ============================= START OF LOG =============================
Jun 02, 2017 3:09:21 PM codeu.chat.ClientMain main
INFO: Starting chat client...
Jun 02, 2017 3:09:21 PM codeu.chat.ClientMain main
INFO: Creating client...
Jun 02, 2017 3:09:21 PM codeu.chat.ClientMain main
INFO: Created client
Jun 02, 2017 3:09:33 PM codeu.chat.client.Controller newUser
INFO: newUser: Request completed.
Jun 02, 2017 3:09:35 PM codeu.chat.client.Controller newUser
INFO: newUser: Response completed.
Jun 02, 2017 3:09:35 PM codeu.chat.client.ClientUser addUser
INFO: New user complete, Name= "uu" Nickname= "" UUID=[UUID:0.1875205075]
Jun 02, 2017 3:09:44 PM codeu.chat.client.Controller ifCorrectPassword
INFO: checkPassword: Request completed.
Jun 02, 2017 3:09:44 PM codeu.chat.client.Controller ifCorrectPassword
INFO: checkPassword: Response completed.
Jun 02, 2017 3:09:53 PM codeu.chat.client.ClientGroup startGroup
INFO: New group: Title= "gg" UUID= [UUID:0.6245541]
Jun 02, 2017 3:09:54 PM codeu.chat.client.ClientGroup updateCurrentGroup
INFO: Get Group: Title="gg" UUID=[UUID:0.6245541] first=[UUID:0] last=[UUID:0]

Jun 02, 2017 3:10:47 PM codeu.chat.ClientMain main
INFO: ============================= START OF LOG =============================
Jun 02, 2017 3:10:47 PM codeu.chat.ClientMain main
INFO: Starting chat client...
Jun 02, 2017 3:10:47 PM codeu.chat.ClientMain main
INFO: Creating client...
Jun 02, 2017 3:10:47 PM codeu.chat.ClientMain main
INFO: Created client
Jun 02, 2017 3:11:05 PM codeu.chat.client.Controller ifCorrectPassword
INFO: checkPassword: Request completed.
Jun 02, 2017 3:11:05 PM codeu.chat.client.Controller ifCorrectPassword
INFO: checkPassword: Response completed.
Jun 02, 2017 3:11:17 PM codeu.chat.client.ClientMessage updateMessages
SEVERE: conversation argument is null - do nothing.
Jun 02, 2017 3:11:17 PM codeu.chat.client.ClientGroup updateCurrentGroup
INFO: Get Group: Title="gg" UUID=[UUID:0.6245541] first=[UUID:0] last=[UUID:0]

Jun 02, 2017 3:19:56 PM codeu.chat.client.Controller newConversation
SEVERE: Response from server failed.
Jun 02, 2017 3:21:24 PM codeu.chat.ClientMain main
INFO: ============================= START OF LOG =============================
Jun 02, 2017 3:21:24 PM codeu.chat.ClientMain main
INFO: Starting chat client...
Jun 02, 2017 3:21:24 PM codeu.chat.ClientMain main
INFO: Creating client...
Jun 02, 2017 3:21:24 PM codeu.chat.ClientMain main
INFO: Created client
Jun 02, 2017 3:21:35 PM codeu.chat.client.Controller ifCorrectPassword
INFO: checkPassword: Request completed.
Jun 02, 2017 3:21:35 PM codeu.chat.client.Controller ifCorrectPassword
INFO: checkPassword: Response completed.
Jun 02, 2017 3:21:41 PM codeu.chat.client.ClientMessage updateMessages
SEVERE: conversation argument is null - do nothing.
Jun 02, 2017 3:21:41 PM codeu.chat.client.ClientGroup updateCurrentGroup
INFO: Get Group: Title="gg" UUID=[UUID:0.6245541] first=[UUID:0] last=[UUID:0]

Jun 02, 2017 3:26:15 PM codeu.chat.ClientMain main
INFO: ============================= START OF LOG =============================
Jun 02, 2017 3:26:15 PM codeu.chat.ClientMain main
INFO: Starting chat client...
Jun 02, 2017 3:26:15 PM codeu.chat.ClientMain main
INFO: Creating client...
Jun 02, 2017 3:26:15 PM codeu.chat.ClientMain main
INFO: Created client
Jun 02, 2017 3:26:31 PM codeu.chat.client.Controller ifCorrectPassword
INFO: checkPassword: Request completed.
Jun 02, 2017 3:26:31 PM codeu.chat.client.Controller ifCorrectPassword
INFO: checkPassword: Response completed.
Jun 02, 2017 3:26:37 PM codeu.chat.client.ClientGroup startGroup
INFO: New group: Title= "ggg" UUID= [UUID:0.1298509681]
Jun 02, 2017 3:26:38 PM codeu.chat.client.ClientGroup updateCurrentGroup
INFO: Get Group: Title="ggg" UUID=[UUID:0.1298509681] first=[UUID:0] last=[UUID:0]

Jun 02, 2017 3:26:43 PM codeu.chat.client.commandline.Chat handleCommand
SEVERE: Exception during command processing
java.lang.NullPointerException
	at codeu.chat.client.ClientMessage.updateMessages(ClientMessage.java:194)
	at codeu.chat.client.ClientMessage.updateMessages(ClientMessage.java:188)
	at codeu.chat.client.ClientMessage.resetCurrent(ClientMessage.java:85)
	at codeu.chat.client.commandline.Chat.selectGroup(Chat.java:442)
	at codeu.chat.client.commandline.Chat.doOneCommand(Chat.java:175)
	at codeu.chat.client.commandline.Chat.handleCommand(Chat.java:382)
	at codeu.chat.ClientMain.main(ClientMain.java:60)
	at sun.reflect.NativeMethodAccessorImpl.invoke0(Native Method)
	at sun.reflect.NativeMethodAccessorImpl.invoke(NativeMethodAccessorImpl.java:62)
	at sun.reflect.DelegatingMethodAccessorImpl.invoke(DelegatingMethodAccessorImpl.java:43)
	at java.lang.reflect.Method.invoke(Method.java:498)
	at org.codehaus.mojo.exec.ExecJavaMojo$1.run(ExecJavaMojo.java:282)
	at java.lang.Thread.run(Thread.java:748)

Jun 02, 2017 3:27:03 PM codeu.chat.client.commandline.Chat handleCommand
SEVERE: Exception during command processing
java.lang.NullPointerException
	at codeu.chat.client.ClientMessage.updateMessages(ClientMessage.java:194)
	at codeu.chat.client.ClientMessage.updateMessages(ClientMessage.java:188)
	at codeu.chat.client.ClientMessage.resetCurrent(ClientMessage.java:85)
	at codeu.chat.client.commandline.Chat.selectGroup(Chat.java:442)
	at codeu.chat.client.commandline.Chat.doOneCommand(Chat.java:175)
	at codeu.chat.client.commandline.Chat.handleCommand(Chat.java:382)
	at codeu.chat.ClientMain.main(ClientMain.java:60)
	at sun.reflect.NativeMethodAccessorImpl.invoke0(Native Method)
	at sun.reflect.NativeMethodAccessorImpl.invoke(NativeMethodAccessorImpl.java:62)
	at sun.reflect.DelegatingMethodAccessorImpl.invoke(DelegatingMethodAccessorImpl.java:43)
	at java.lang.reflect.Method.invoke(Method.java:498)
	at org.codehaus.mojo.exec.ExecJavaMojo$1.run(ExecJavaMojo.java:282)
	at java.lang.Thread.run(Thread.java:748)

Jun 02, 2017 3:29:38 PM codeu.chat.ClientMain main
INFO: ============================= START OF LOG =============================
Jun 02, 2017 3:29:38 PM codeu.chat.ClientMain main
INFO: Starting chat client...
Jun 02, 2017 3:29:38 PM codeu.chat.ClientMain main
INFO: Creating client...
Jun 02, 2017 3:29:38 PM codeu.chat.ClientMain main
INFO: Created client
Jun 02, 2017 3:29:41 PM codeu.chat.client.Controller ifCorrectPassword
INFO: checkPassword: Request completed.
Jun 02, 2017 3:29:41 PM codeu.chat.client.Controller ifCorrectPassword
INFO: checkPassword: Response completed.
Jun 02, 2017 3:30:05 PM codeu.chat.ClientMain main
INFO: ============================= START OF LOG =============================
Jun 02, 2017 3:30:05 PM codeu.chat.ClientMain main
INFO: Starting chat client...
Jun 02, 2017 3:30:05 PM codeu.chat.ClientMain main
INFO: Creating client...
Jun 02, 2017 3:30:05 PM codeu.chat.ClientMain main
INFO: Created client
Jun 02, 2017 3:30:16 PM codeu.chat.client.Controller ifCorrectPassword
INFO: checkPassword: Request completed.
Jun 02, 2017 3:30:16 PM codeu.chat.client.Controller ifCorrectPassword
INFO: checkPassword: Response completed.
Jun 02, 2017 3:30:23 PM codeu.chat.client.ClientMessage updateMessages
SEVERE: conversation argument is null - do nothing.
Jun 02, 2017 3:30:23 PM codeu.chat.client.ClientGroup updateCurrentGroup
INFO: Get Group: Title="gg" UUID=[UUID:0.6245541] first=[UUID:0] last=[UUID:0]

Jun 02, 2017 3:33:45 PM codeu.chat.client.Controller newConversation
SEVERE: Response from server failed.
Jun 02, 2017 3:34:22 PM codeu.chat.ClientMain main
INFO: ============================= START OF LOG =============================
Jun 02, 2017 3:34:22 PM codeu.chat.ClientMain main
INFO: Starting chat client...
Jun 02, 2017 3:34:22 PM codeu.chat.ClientMain main
INFO: Creating client...
Jun 02, 2017 3:34:22 PM codeu.chat.ClientMain main
INFO: Created client
Jun 02, 2017 3:34:35 PM codeu.chat.client.Controller ifCorrectPassword
INFO: checkPassword: Request completed.
Jun 02, 2017 3:34:35 PM codeu.chat.client.Controller ifCorrectPassword
INFO: checkPassword: Response completed.
Jun 02, 2017 3:34:43 PM codeu.chat.client.ClientMessage updateMessages
SEVERE: conversation argument is null - do nothing.
Jun 02, 2017 3:34:43 PM codeu.chat.client.ClientGroup updateCurrentGroup
INFO: Get Group: Title="gg" UUID=[UUID:0.6245541] first=[UUID:0] last=[UUID:0]

Jun 02, 2017 3:36:08 PM codeu.chat.ClientMain main
INFO: ============================= START OF LOG =============================
Jun 02, 2017 3:36:08 PM codeu.chat.ClientMain main
INFO: Starting chat client...
Jun 02, 2017 3:36:08 PM codeu.chat.ClientMain main
INFO: Creating client...
Jun 02, 2017 3:36:08 PM codeu.chat.ClientMain main
INFO: Created client
Jun 02, 2017 3:36:19 PM codeu.chat.client.Controller ifCorrectPassword
INFO: checkPassword: Request completed.
Jun 02, 2017 3:36:19 PM codeu.chat.client.Controller ifCorrectPassword
INFO: checkPassword: Response completed.
Jun 02, 2017 3:36:28 PM codeu.chat.client.ClientMessage updateMessages
SEVERE: conversation argument is null - do nothing.
Jun 02, 2017 3:36:28 PM codeu.chat.client.ClientGroup updateCurrentGroup
INFO: Get Group: Title="gg" UUID=[UUID:0.6245541] first=[UUID:0] last=[UUID:0]

Jun 02, 2017 3:36:31 PM codeu.chat.client.ClientConversation startConversation
INFO: instartConversation
Jun 02, 2017 3:38:02 PM codeu.chat.client.Controller newConversation
SEVERE: Response from server failed.
Jun 02, 2017 3:38:17 PM codeu.chat.ClientMain main
INFO: ============================= START OF LOG =============================
Jun 02, 2017 3:38:17 PM codeu.chat.ClientMain main
INFO: Starting chat client...
Jun 02, 2017 3:38:17 PM codeu.chat.ClientMain main
INFO: Creating client...
Jun 02, 2017 3:38:17 PM codeu.chat.ClientMain main
INFO: Created client
Jun 02, 2017 3:38:34 PM codeu.chat.client.Controller ifCorrectPassword
INFO: checkPassword: Request completed.
Jun 02, 2017 3:38:34 PM codeu.chat.client.Controller ifCorrectPassword
INFO: checkPassword: Response completed.
Jun 02, 2017 3:38:41 PM codeu.chat.client.ClientMessage updateMessages
SEVERE: conversation argument is null - do nothing.
Jun 02, 2017 3:38:41 PM codeu.chat.client.ClientGroup updateCurrentGroup
INFO: Get Group: Title="gg" UUID=[UUID:0.6245541] first=[UUID:0] last=[UUID:0]

Jun 02, 2017 3:38:45 PM codeu.chat.client.ClientConversation startConversation
INFO: instartConversation
Jun 02, 2017 3:38:45 PM codeu.chat.client.ClientConversation startConversation
INFO: 1
Jun 02, 2017 3:41:29 PM codeu.chat.client.Controller newConversation
SEVERE: Response from server failed.
Jun 02, 2017 3:41:29 PM codeu.chat.client.ClientConversation startConversation
INFO: 2
Jun 02, 2017 3:41:29 PM codeu.chat.client.ClientConversation startConversation
INFO: 3
Jun 02, 2017 3:41:29 PM codeu.chat.client.ClientConversation startConversation
INFO: 5
Jun 02, 2017 3:41:59 PM codeu.chat.ClientMain main
INFO: ============================= START OF LOG =============================
Jun 02, 2017 3:41:59 PM codeu.chat.ClientMain main
INFO: Starting chat client...
Jun 02, 2017 3:41:59 PM codeu.chat.ClientMain main
INFO: Creating client...
Jun 02, 2017 3:41:59 PM codeu.chat.ClientMain main
INFO: Created client
Jun 02, 2017 3:42:09 PM codeu.chat.client.Controller ifCorrectPassword
INFO: checkPassword: Request completed.
Jun 02, 2017 3:42:09 PM codeu.chat.client.Controller ifCorrectPassword
INFO: checkPassword: Response completed.
Jun 02, 2017 3:42:16 PM codeu.chat.client.ClientMessage updateMessages
SEVERE: conversation argument is null - do nothing.
Jun 02, 2017 3:42:16 PM codeu.chat.client.ClientGroup updateCurrentGroup
INFO: Get Group: Title="gg" UUID=[UUID:0.6245541] first=[UUID:0] last=[UUID:0]

Jun 02, 2017 3:42:21 PM codeu.chat.client.ClientConversation startConversation
INFO: instartConversation
Jun 02, 2017 3:42:21 PM codeu.chat.client.ClientConversation startConversation
INFO: 1
Jun 02, 2017 3:44:52 PM codeu.chat.client.Controller newConversation
SEVERE: Response from server failed.
Jun 02, 2017 3:44:52 PM codeu.chat.client.ClientConversation startConversation
INFO: 2
Jun 02, 2017 3:44:52 PM codeu.chat.client.ClientConversation startConversation
INFO: 3
Jun 02, 2017 3:44:52 PM codeu.chat.client.ClientConversation startConversation
INFO: 5
Jun 02, 2017 3:45:10 PM codeu.chat.ClientMain main
INFO: ============================= START OF LOG =============================
Jun 02, 2017 3:45:10 PM codeu.chat.ClientMain main
INFO: Starting chat client...
Jun 02, 2017 3:45:10 PM codeu.chat.ClientMain main
INFO: Creating client...
Jun 02, 2017 3:45:10 PM codeu.chat.ClientMain main
INFO: Created client
Jun 02, 2017 3:45:22 PM codeu.chat.client.Controller ifCorrectPassword
INFO: checkPassword: Request completed.
Jun 02, 2017 3:45:22 PM codeu.chat.client.Controller ifCorrectPassword
INFO: checkPassword: Response completed.
Jun 02, 2017 3:45:31 PM codeu.chat.client.ClientMessage updateMessages
SEVERE: conversation argument is null - do nothing.
Jun 02, 2017 3:45:31 PM codeu.chat.client.ClientGroup updateCurrentGroup
INFO: Get Group: Title="gg" UUID=[UUID:0.6245541] first=[UUID:0] last=[UUID:0]

Jun 02, 2017 3:45:35 PM codeu.chat.client.ClientConversation startConversation
INFO: instartConversation
Jun 02, 2017 3:45:35 PM codeu.chat.client.ClientConversation startConversation
INFO: 1
Jun 02, 2017 4:52:49 PM codeu.chat.ClientMain main
INFO: ============================= START OF LOG =============================
Jun 02, 2017 4:52:49 PM codeu.chat.ClientMain main
INFO: Starting chat client...
Jun 02, 2017 4:52:49 PM codeu.chat.ClientMain main
INFO: Creating client...
Jun 02, 2017 4:52:49 PM codeu.chat.ClientMain main
INFO: Created client
Jun 02, 2017 4:53:00 PM codeu.chat.client.View getUsersExcluding
SEVERE: Response from server failed.
Jun 02, 2017 4:53:00 PM codeu.chat.client.Controller ifCorrectPassword
SEVERE: Exception during call on server.
java.lang.NullPointerException
	at codeu.chat.client.Controller.ifCorrectPassword(Controller.java:126)
	at codeu.chat.client.ClientUser.signInUser(ClientUser.java:127)
	at codeu.chat.client.commandline.Chat.signInUser(Chat.java:283)
	at codeu.chat.client.commandline.Chat.doOneCommand(Chat.java:108)
	at codeu.chat.client.commandline.Chat.handleCommand(Chat.java:385)
	at codeu.chat.ClientMain.main(ClientMain.java:60)
	at sun.reflect.NativeMethodAccessorImpl.invoke0(Native Method)
	at sun.reflect.NativeMethodAccessorImpl.invoke(NativeMethodAccessorImpl.java:62)
	at sun.reflect.DelegatingMethodAccessorImpl.invoke(DelegatingMethodAccessorImpl.java:43)
	at java.lang.reflect.Method.invoke(Method.java:498)
	at org.codehaus.mojo.exec.ExecJavaMojo$1.run(ExecJavaMojo.java:282)
	at java.lang.Thread.run(Thread.java:748)

Jun 02, 2017 4:53:09 PM codeu.chat.client.View getUsersExcluding
SEVERE: Response from server failed.
Jun 02, 2017 4:56:59 PM codeu.chat.ClientMain main
INFO: ============================= START OF LOG =============================
Jun 02, 2017 4:56:59 PM codeu.chat.ClientMain main
INFO: Starting chat client...
Jun 02, 2017 4:56:59 PM codeu.chat.ClientMain main
INFO: Creating client...
Jun 02, 2017 4:56:59 PM codeu.chat.ClientMain main
INFO: Created client
Jun 02, 2017 4:57:16 PM codeu.chat.client.Controller newUser
INFO: newUser: Request completed.
Jun 02, 2017 4:57:25 PM codeu.chat.client.Controller newUser
INFO: newUser: Response completed.
Jun 02, 2017 4:57:25 PM codeu.chat.client.ClientUser addUser
INFO: New user complete, Name= "uu" Nickname= "" UUID=[UUID:0.2492829027]
Jun 02, 2017 4:57:36 PM codeu.chat.client.Controller ifCorrectPassword
INFO: checkPassword: Request completed.
Jun 02, 2017 4:57:36 PM codeu.chat.client.Controller ifCorrectPassword
INFO: checkPassword: Response completed.
Jun 02, 2017 4:57:42 PM codeu.chat.client.ClientGroup startGroup
INFO: New group: Title= "gg" UUID= [UUID:0.4195180363]
Jun 02, 2017 4:57:42 PM codeu.chat.client.ClientGroup updateCurrentGroup
INFO: Get Group: Title="gg" UUID=[UUID:0.4195180363] first=[UUID:0] last=[UUID:0]

Jun 02, 2017 4:57:50 PM codeu.chat.client.ClientMessage updateMessages
SEVERE: conversation argument is null - do nothing.
Jun 02, 2017 4:57:50 PM codeu.chat.client.ClientGroup updateCurrentGroup
INFO: Get Group: Title="gg" UUID=[UUID:0.4195180363] first=[UUID:0] last=[UUID:0]

Jun 02, 2017 4:57:54 PM codeu.chat.client.ClientConversation startConversation
INFO: instartConversation
Jun 02, 2017 4:57:54 PM codeu.chat.client.ClientConversation startConversation
INFO: 1
Jun 02, 2017 5:05:31 PM codeu.chat.client.Controller newConversation
SEVERE: Response from server failed.
Jun 02, 2017 5:05:31 PM codeu.chat.client.ClientConversation startConversation
INFO: 2
Jun 02, 2017 5:05:31 PM codeu.chat.client.ClientConversation startConversation
INFO: 3
Jun 02, 2017 5:05:31 PM codeu.chat.client.ClientConversation startConversation
INFO: 5
Jun 02, 2017 5:06:02 PM codeu.chat.ClientMain main
INFO: ============================= START OF LOG =============================
Jun 02, 2017 5:06:02 PM codeu.chat.ClientMain main
INFO: Starting chat client...
Jun 02, 2017 5:06:02 PM codeu.chat.ClientMain main
INFO: Creating client...
Jun 02, 2017 5:06:02 PM codeu.chat.ClientMain main
INFO: Created client
Jun 02, 2017 5:06:14 PM codeu.chat.client.Controller ifCorrectPassword
SEVERE: Exception during call on server.
java.lang.NullPointerException
	at codeu.chat.client.Controller.ifCorrectPassword(Controller.java:126)
	at codeu.chat.client.ClientUser.signInUser(ClientUser.java:127)
	at codeu.chat.client.commandline.Chat.signInUser(Chat.java:283)
	at codeu.chat.client.commandline.Chat.doOneCommand(Chat.java:108)
	at codeu.chat.client.commandline.Chat.handleCommand(Chat.java:385)
	at codeu.chat.ClientMain.main(ClientMain.java:60)
	at sun.reflect.NativeMethodAccessorImpl.invoke0(Native Method)
	at sun.reflect.NativeMethodAccessorImpl.invoke(NativeMethodAccessorImpl.java:62)
	at sun.reflect.DelegatingMethodAccessorImpl.invoke(DelegatingMethodAccessorImpl.java:43)
	at java.lang.reflect.Method.invoke(Method.java:498)
	at org.codehaus.mojo.exec.ExecJavaMojo$1.run(ExecJavaMojo.java:282)
	at java.lang.Thread.run(Thread.java:748)

Jun 02, 2017 5:06:19 PM codeu.chat.client.Controller ifCorrectPassword
INFO: checkPassword: Request completed.
Jun 02, 2017 5:06:19 PM codeu.chat.client.Controller ifCorrectPassword
INFO: checkPassword: Response completed.
Jun 02, 2017 5:06:26 PM codeu.chat.client.ClientMessage updateMessages
SEVERE: conversation argument is null - do nothing.
Jun 02, 2017 5:06:26 PM codeu.chat.client.ClientGroup updateCurrentGroup
INFO: Get Group: Title="gg" UUID=[UUID:0.4195180363] first=[UUID:0] last=[UUID:0]

Jun 02, 2017 5:06:29 PM codeu.chat.client.ClientConversation startConversation
INFO: instartConversation
Jun 02, 2017 5:06:29 PM codeu.chat.client.ClientConversation startConversation
INFO: 1
Jun 02, 2017 5:06:29 PM codeu.chat.client.Controller newConversation
INFO: clientnewConversation1
Jun 02, 2017 5:06:29 PM codeu.chat.client.Controller newConversation
INFO: clientnewConversation2
Jun 02, 2017 5:06:29 PM codeu.chat.client.Controller newConversation
INFO: clientnewConversation3donewriting
Jun 02, 2017 5:08:08 PM codeu.chat.client.Controller newConversation
SEVERE: Response from server failed.
Jun 02, 2017 5:08:08 PM codeu.chat.client.ClientConversation startConversation
INFO: 2
Jun 02, 2017 5:08:08 PM codeu.chat.client.ClientConversation startConversation
INFO: 3
Jun 02, 2017 5:08:08 PM codeu.chat.client.ClientConversation startConversation
INFO: 5
Jun 02, 2017 5:15:27 PM codeu.chat.ClientMain main
INFO: ============================= START OF LOG =============================
Jun 02, 2017 5:15:27 PM codeu.chat.ClientMain main
INFO: Starting chat client...
Jun 02, 2017 5:15:27 PM codeu.chat.ClientMain main
INFO: Creating client...
Jun 02, 2017 5:15:27 PM codeu.chat.ClientMain main
INFO: Created client
Jun 02, 2017 5:15:48 PM codeu.chat.client.Controller ifCorrectPassword
INFO: checkPassword: Request completed.
Jun 02, 2017 5:15:48 PM codeu.chat.client.Controller ifCorrectPassword
INFO: checkPassword: Response completed.
Jun 02, 2017 5:15:54 PM codeu.chat.client.ClientMessage updateMessages
SEVERE: conversation argument is null - do nothing.
Jun 02, 2017 5:15:54 PM codeu.chat.client.ClientGroup updateCurrentGroup
INFO: Get Group: Title="gg" UUID=[UUID:0.6245541] first=[UUID:0] last=[UUID:0]

Jun 02, 2017 5:15:57 PM codeu.chat.client.ClientConversation startConversation
INFO: instartConversation
Jun 02, 2017 5:15:57 PM codeu.chat.client.ClientConversation startConversation
INFO: 1
Jun 02, 2017 5:15:57 PM codeu.chat.client.Controller newConversation
INFO: clientnewConversation1
Jun 02, 2017 5:15:57 PM codeu.chat.client.Controller newConversation
INFO: clientnewConversation2
Jun 02, 2017 5:15:57 PM codeu.chat.client.Controller newConversation
INFO: clientnewConversation3donewriting
Jun 02, 2017 5:15:58 PM codeu.chat.client.Controller newConversation
INFO: clientnewConversation4reading
Jun 02, 2017 5:15:58 PM codeu.chat.client.ClientConversation startConversation
INFO: 2
Jun 02, 2017 5:15:58 PM codeu.chat.client.ClientConversation startConversation
INFO: 7
Jun 02, 2017 5:15:58 PM codeu.chat.client.ClientConversation startConversation
INFO: New conversation: Title= "cc" UUID= [UUID:0.3711030572]
Jun 02, 2017 5:15:58 PM codeu.chat.client.ClientConversation startConversation
INFO: 6
Jun 02, 2017 5:15:58 PM codeu.chat.client.ClientConversation startConversation
INFO: 8
Jun 02, 2017 5:15:59 PM codeu.chat.client.ClientConversation updateCurrentConversation
INFO: Get Conversation: Title="cc" UUID=[UUID:0.3711030572] first=[UUID:0] last=[UUID:0]

Jun 02, 2017 5:15:59 PM codeu.chat.client.ClientMessage updateMessages
INFO: ConversationHead: Title="cc" UUID=[UUID:0.3711030572] first=[UUID:0] last=[UUID:0]

Jun 02, 2017 5:15:59 PM codeu.chat.client.ClientMessage getCurrentMessageFetchId
INFO: Refetch all messages: replaceAll=true firstMessage=[UUID:0]
Jun 02, 2017 5:15:59 PM codeu.chat.client.ClientMessage updateMessages
INFO: Retrieved 0 messages for conversation [UUID:0.3711030572] (cc).

Jun 02, 2017 5:15:59 PM codeu.chat.client.ClientConversation startConversation
INFO: 4
Jun 02, 2017 5:15:59 PM codeu.chat.client.ClientConversation startConversation
INFO: 5
Jun 02, 2017 5:16:10 PM codeu.chat.client.ClientMessage updateMessages
INFO: ConversationHead: Title="cc" UUID=[UUID:0.3711030572] first=[UUID:0] last=[UUID:0]

Jun 02, 2017 5:16:10 PM codeu.chat.client.ClientMessage getCurrentMessageFetchId
INFO: Refetch all messages: replaceAll=true firstMessage=[UUID:0]
Jun 02, 2017 5:16:10 PM codeu.chat.client.ClientMessage updateMessages
INFO: Retrieved 0 messages for conversation [UUID:0.3711030572] (cc).

Jun 02, 2017 5:16:10 PM codeu.chat.client.ClientConversation updateCurrentConversation
INFO: Get Conversation: Title="cc" UUID=[UUID:0.3711030572] first=[UUID:0] last=[UUID:0]

Jun 02, 2017 5:16:10 PM codeu.chat.client.ClientMessage updateMessages
INFO: ConversationHead: Title="cc" UUID=[UUID:0.3711030572] first=[UUID:0] last=[UUID:0]

Jun 02, 2017 5:16:10 PM codeu.chat.client.ClientMessage getCurrentMessageFetchId
INFO: Refetch all messages: replaceAll=true firstMessage=[UUID:0]
Jun 02, 2017 5:16:10 PM codeu.chat.client.ClientMessage updateMessages
INFO: Retrieved 0 messages for conversation [UUID:0.3711030572] (cc).

Jun 02, 2017 5:34:41 PM codeu.chat.ClientMain main
INFO: ============================= START OF LOG =============================
Jun 02, 2017 5:34:41 PM codeu.chat.ClientMain main
INFO: Starting chat client...
Jun 02, 2017 5:34:41 PM codeu.chat.ClientMain main
INFO: Creating client...
Jun 02, 2017 5:34:41 PM codeu.chat.ClientMain main
INFO: Created client
Jun 02, 2017 5:34:52 PM codeu.chat.client.Controller ifCorrectPassword
INFO: checkPassword: Request completed.
Jun 02, 2017 5:34:52 PM codeu.chat.client.Controller ifCorrectPassword
INFO: checkPassword: Response completed.
Jun 02, 2017 5:34:59 PM codeu.chat.client.ClientMessage updateMessages
SEVERE: conversation argument is null - do nothing.
Jun 02, 2017 5:34:59 PM codeu.chat.client.ClientGroup updateCurrentGroup
INFO: Get Group: Title="gg" UUID=[UUID:0.6245541] first=[UUID:0] last=[UUID:0]

Jun 02, 2017 5:35:10 PM codeu.chat.client.ClientConversation startConversation
INFO: instartConversation
Jun 02, 2017 5:35:10 PM codeu.chat.client.ClientConversation startConversation
INFO: 1
Jun 02, 2017 5:35:10 PM codeu.chat.client.Controller newConversation
INFO: clientnewConversation1
Jun 02, 2017 5:35:10 PM codeu.chat.client.Controller newConversation
INFO: clientnewConversation2
Jun 02, 2017 5:35:10 PM codeu.chat.client.Controller newConversation
INFO: clientnewConversation3donewriting
Jun 02, 2017 5:35:12 PM codeu.chat.client.Controller newConversation
INFO: clientnewConversation4reading
Jun 02, 2017 5:35:12 PM codeu.chat.client.ClientConversation startConversation
INFO: 2
Jun 02, 2017 5:35:12 PM codeu.chat.client.ClientConversation startConversation
INFO: 7
Jun 02, 2017 5:35:12 PM codeu.chat.client.ClientConversation startConversation
INFO: New conversation: Title= "hiii" UUID= [UUID:0.2819963313]
Jun 02, 2017 5:35:12 PM codeu.chat.client.ClientConversation startConversation
INFO: 6
Jun 02, 2017 5:35:12 PM codeu.chat.client.ClientConversation startConversation
INFO: 8
Jun 02, 2017 5:35:12 PM codeu.chat.client.ClientConversation updateCurrentConversation
INFO: Get Conversation: Title="hiii" UUID=[UUID:0.2819963313] first=[UUID:0] last=[UUID:0]

Jun 02, 2017 5:35:12 PM codeu.chat.client.ClientMessage updateMessages
INFO: ConversationHead: Title="hiii" UUID=[UUID:0.2819963313] first=[UUID:0] last=[UUID:0]

Jun 02, 2017 5:35:12 PM codeu.chat.client.ClientMessage getCurrentMessageFetchId
INFO: Refetch all messages: replaceAll=true firstMessage=[UUID:0]
Jun 02, 2017 5:35:12 PM codeu.chat.client.ClientMessage updateMessages
INFO: Retrieved 0 messages for conversation [UUID:0.2819963313] (hiii).

Jun 02, 2017 5:35:12 PM codeu.chat.client.ClientConversation startConversation
INFO: 4
Jun 02, 2017 5:35:12 PM codeu.chat.client.ClientConversation startConversation
INFO: 5
Jun 02, 2017 5:36:03 PM codeu.chat.client.ClientMessage updateMessages
INFO: ConversationHead: Title="hiii" UUID=[UUID:0.2819963313] first=[UUID:0] last=[UUID:0]

Jun 02, 2017 5:36:03 PM codeu.chat.client.ClientMessage getCurrentMessageFetchId
INFO: Refetch all messages: replaceAll=true firstMessage=[UUID:0]
Jun 02, 2017 5:36:03 PM codeu.chat.client.ClientMessage updateMessages
INFO: Retrieved 0 messages for conversation [UUID:0.2819963313] (hiii).

Jun 02, 2017 5:36:03 PM codeu.chat.client.ClientConversation updateCurrentConversation
INFO: Get Conversation: Title="hiii" UUID=[UUID:0.2819963313] first=[UUID:0] last=[UUID:0]

Jun 02, 2017 5:36:03 PM codeu.chat.client.ClientMessage updateMessages
INFO: ConversationHead: Title="hiii" UUID=[UUID:0.2819963313] first=[UUID:0] last=[UUID:0]

Jun 02, 2017 5:36:03 PM codeu.chat.client.ClientMessage getCurrentMessageFetchId
INFO: Refetch all messages: replaceAll=true firstMessage=[UUID:0]
Jun 02, 2017 5:36:03 PM codeu.chat.client.ClientMessage updateMessages
INFO: Retrieved 0 messages for conversation [UUID:0.2819963313] (hiii).

Jun 02, 2017 5:36:11 PM codeu.chat.client.ClientMessage addMessage
INFO: New message:, Author= [UUID:0.1875205075] UUID= [UUID:0.1960347145]
Jun 02, 2017 5:36:11 PM codeu.chat.client.ClientMessage updateMessages
INFO: ConversationHead: Title="hiii" UUID=[UUID:0.2819963313] first=[UUID:0.1960347145] last=[UUID:0.1960347145]

Jun 02, 2017 5:36:11 PM codeu.chat.client.ClientMessage getCurrentMessageFetchId
INFO: Refetch all messages: replaceAll=false firstMessage=[UUID:0.1960347145]
Jun 02, 2017 5:36:11 PM codeu.chat.client.ClientMessage updateMessages
INFO: Retrieved 1 messages for conversation [UUID:0.2819963313] (hiii).

Jun 02, 2017 5:36:44 PM codeu.chat.ClientMain main
INFO: ============================= START OF LOG =============================
Jun 02, 2017 5:36:44 PM codeu.chat.ClientMain main
INFO: Starting chat client...
Jun 02, 2017 5:36:44 PM codeu.chat.ClientMain main
INFO: Creating client...
Jun 02, 2017 5:36:44 PM codeu.chat.ClientMain main
INFO: Created client
Jun 02, 2017 5:37:11 PM codeu.chat.client.Controller newUser
INFO: newUser: Request completed.
Jun 02, 2017 5:37:12 PM codeu.chat.client.Controller newUser
INFO: newUser: Response completed.
Jun 02, 2017 5:37:12 PM codeu.chat.client.ClientUser addUser
INFO: New user complete, Name= "first" Nickname= "" UUID=[UUID:0.527905406]
Jun 02, 2017 5:37:26 PM codeu.chat.client.ClientMessage updateMessages
SEVERE: conversation argument is null - do nothing.
Jun 02, 2017 5:37:26 PM codeu.chat.client.ClientGroup updateCurrentGroup
INFO: Get Group: Title="gg" UUID=[UUID:0.6245541] first=[UUID:0] last=[UUID:0]

Jun 02, 2017 5:37:34 PM codeu.chat.client.ClientMessage updateMessages
SEVERE: conversation argument is null - do nothing.
Jun 02, 2017 5:37:34 PM codeu.chat.client.ClientConversation updateCurrentConversation
INFO: Get Conversation: Title="cc" UUID=[UUID:0.3711030572] first=[UUID:0] last=[UUID:0]

Jun 02, 2017 5:37:34 PM codeu.chat.client.ClientMessage updateMessages
INFO: ConversationHead: Title="cc" UUID=[UUID:0.3711030572] first=[UUID:0] last=[UUID:0]

Jun 02, 2017 5:37:34 PM codeu.chat.client.ClientMessage getCurrentMessageFetchId
INFO: Refetch all messages: replaceAll=true firstMessage=[UUID:0]
Jun 02, 2017 5:37:34 PM codeu.chat.client.ClientMessage updateMessages
INFO: Retrieved 0 messages for conversation [UUID:0.3711030572] (cc).

Jun 02, 2017 5:37:41 PM codeu.chat.client.ClientMessage updateMessages
INFO: ConversationHead: Title="cc" UUID=[UUID:0.3711030572] first=[UUID:0] last=[UUID:0]

Jun 02, 2017 5:37:41 PM codeu.chat.client.ClientMessage getCurrentMessageFetchId
INFO: Refetch all messages: replaceAll=true firstMessage=[UUID:0]
Jun 02, 2017 5:37:41 PM codeu.chat.client.ClientMessage updateMessages
INFO: Retrieved 0 messages for conversation [UUID:0.3711030572] (cc).

Jun 02, 2017 5:37:41 PM codeu.chat.client.ClientConversation updateCurrentConversation
INFO: Get Conversation: Title="hiii" UUID=[UUID:0.2819963313] first=[UUID:0] last=[UUID:0]

Jun 02, 2017 5:37:41 PM codeu.chat.client.ClientMessage updateMessages
INFO: ConversationHead: Title="hiii" UUID=[UUID:0.2819963313] first=[UUID:0] last=[UUID:0]

Jun 02, 2017 5:37:41 PM codeu.chat.client.ClientMessage getCurrentMessageFetchId
INFO: Refetch all messages: replaceAll=true firstMessage=[UUID:0]
Jun 02, 2017 5:37:41 PM codeu.chat.client.ClientMessage updateMessages
INFO: Retrieved 0 messages for conversation [UUID:0.2819963313] (hiii).

Jun 02, 2017 5:38:33 PM codeu.chat.client.ClientMessage updateMessages
SEVERE: conversation argument is null - do nothing.
Jun 02, 2017 5:39:00 PM codeu.chat.client.Controller newUser
INFO: newUser: Request completed.
Jun 02, 2017 5:39:01 PM codeu.chat.client.Controller newUser
INFO: newUser: Response completed.
Jun 02, 2017 5:39:01 PM codeu.chat.client.ClientUser addUser
INFO: New user complete, Name= "third" Nickname= "" UUID=[UUID:0.680328160]
Jun 02, 2017 5:39:13 PM codeu.chat.client.Controller ifCorrectPassword
INFO: checkPassword: Request completed.
Jun 02, 2017 5:39:13 PM codeu.chat.client.Controller ifCorrectPassword
INFO: checkPassword: Response completed.
Jun 02, 2017 5:39:21 PM codeu.chat.client.ClientGroup startGroup
INFO: New group: Title= "thirdg" UUID= [UUID:0.2146435284]
Jun 02, 2017 5:39:21 PM codeu.chat.client.ClientGroup updateCurrentGroup
INFO: Get Group: Title="thirdg" UUID=[UUID:0.2146435284] first=[UUID:0] last=[UUID:0]

Jun 02, 2017 5:39:29 PM codeu.chat.client.ClientMessage updateMessages
SEVERE: conversation argument is null - do nothing.
Jun 02, 2017 5:39:29 PM codeu.chat.client.ClientGroup updateCurrentGroup
INFO: Get Group: Title="thirdg" UUID=[UUID:0.2146435284] first=[UUID:0] last=[UUID:0]

Jun 02, 2017 5:39:35 PM codeu.chat.client.Controller newConversation
INFO: clientnewConversation1
Jun 02, 2017 5:39:35 PM codeu.chat.client.Controller newConversation
INFO: clientnewConversation2
Jun 02, 2017 5:39:35 PM codeu.chat.client.Controller newConversation
INFO: clientnewConversation3donewriting
Jun 02, 2017 5:39:35 PM codeu.chat.client.Controller newConversation
INFO: clientnewConversation4reading
Jun 02, 2017 5:39:35 PM codeu.chat.client.ClientConversation startConversation
INFO: New conversation: Title= "thirdc" UUID= [UUID:0.4224023458]
Jun 02, 2017 5:39:36 PM codeu.chat.client.ClientConversation updateCurrentConversation
INFO: Get Conversation: Title="thirdc" UUID=[UUID:0.4224023458] first=[UUID:0] last=[UUID:0]

Jun 02, 2017 5:39:36 PM codeu.chat.client.ClientMessage updateMessages
INFO: ConversationHead: Title="thirdc" UUID=[UUID:0.4224023458] first=[UUID:0] last=[UUID:0]

Jun 02, 2017 5:39:36 PM codeu.chat.client.ClientMessage getCurrentMessageFetchId
INFO: Refetch all messages: replaceAll=true firstMessage=[UUID:0]
Jun 02, 2017 5:39:36 PM codeu.chat.client.ClientMessage updateMessages
INFO: Retrieved 0 messages for conversation [UUID:0.4224023458] (thirdc).

Jun 02, 2017 5:40:00 PM codeu.chat.client.ClientMessage updateMessages
INFO: ConversationHead: Title="thirdc" UUID=[UUID:0.4224023458] first=[UUID:0] last=[UUID:0]

Jun 02, 2017 5:40:00 PM codeu.chat.client.ClientMessage getCurrentMessageFetchId
INFO: Refetch all messages: replaceAll=true firstMessage=[UUID:0]
Jun 02, 2017 5:40:00 PM codeu.chat.client.ClientMessage updateMessages
INFO: Retrieved 0 messages for conversation [UUID:0.4224023458] (thirdc).

Jun 02, 2017 5:40:00 PM codeu.chat.client.ClientConversation updateCurrentConversation
INFO: Get Conversation: Title="thirdc" UUID=[UUID:0.4224023458] first=[UUID:0] last=[UUID:0]

Jun 02, 2017 5:40:00 PM codeu.chat.client.ClientMessage updateMessages
INFO: ConversationHead: Title="thirdc" UUID=[UUID:0.4224023458] first=[UUID:0] last=[UUID:0]

Jun 02, 2017 5:40:00 PM codeu.chat.client.ClientMessage getCurrentMessageFetchId
INFO: Refetch all messages: replaceAll=true firstMessage=[UUID:0]
Jun 02, 2017 5:40:00 PM codeu.chat.client.ClientMessage updateMessages
INFO: Retrieved 0 messages for conversation [UUID:0.4224023458] (thirdc).

Jun 02, 2017 5:40:08 PM codeu.chat.client.ClientMessage addMessage
INFO: New message:, Author= [UUID:0.680328160] UUID= [UUID:0.2897760912]
Jun 02, 2017 5:40:08 PM codeu.chat.client.ClientMessage updateMessages
INFO: ConversationHead: Title="thirdc" UUID=[UUID:0.4224023458] first=[UUID:0.2897760912] last=[UUID:0.2897760912]

Jun 02, 2017 5:40:08 PM codeu.chat.client.ClientMessage getCurrentMessageFetchId
INFO: Refetch all messages: replaceAll=false firstMessage=[UUID:0.2897760912]
Jun 02, 2017 5:40:08 PM codeu.chat.client.ClientMessage updateMessages
INFO: Retrieved 1 messages for conversation [UUID:0.4224023458] (thirdc).

Jun 02, 2017 5:40:18 PM codeu.chat.client.ClientMessage addMessage
INFO: New message:, Author= [UUID:0.680328160] UUID= [UUID:0.1822428931]
Jun 02, 2017 5:40:18 PM codeu.chat.client.ClientMessage updateMessages
INFO: ConversationHead: Title="thirdc" UUID=[UUID:0.4224023458] first=[UUID:0.2897760912] last=[UUID:0.1822428931]

Jun 02, 2017 5:40:18 PM codeu.chat.client.ClientMessage updateMessages
INFO: Retrieved 2 messages for conversation [UUID:0.4224023458] (thirdc).

Jun 02, 2017 5:40:49 PM codeu.chat.client.ClientMessage addMessage
INFO: New message:, Author= [UUID:0.680328160] UUID= [UUID:0.3615022021]
Jun 02, 2017 5:40:49 PM codeu.chat.client.ClientMessage updateMessages
INFO: ConversationHead: Title="thirdc" UUID=[UUID:0.4224023458] first=[UUID:0.2897760912] last=[UUID:0.3615022021]

Jun 02, 2017 5:40:49 PM codeu.chat.client.ClientMessage updateMessages
INFO: Retrieved 2 messages for conversation [UUID:0.4224023458] (thirdc).

Jun 02, 2017 5:41:23 PM codeu.chat.client.ClientMessage addMessage
INFO: New message:, Author= [UUID:0.680328160] UUID= [UUID:0.3129023319]
Jun 02, 2017 5:41:23 PM codeu.chat.client.ClientMessage updateMessages
INFO: ConversationHead: Title="thirdc" UUID=[UUID:0.4224023458] first=[UUID:0.2897760912] last=[UUID:0.3129023319]

Jun 02, 2017 5:41:23 PM codeu.chat.client.ClientMessage updateMessages
INFO: Retrieved 2 messages for conversation [UUID:0.4224023458] (thirdc).

Jun 02, 2017 5:41:59 PM codeu.chat.client.ClientMessage addMessage
INFO: New message:, Author= [UUID:0.680328160] UUID= [UUID:0.2368526960]
Jun 02, 2017 5:41:59 PM codeu.chat.client.ClientMessage updateMessages
INFO: ConversationHead: Title="thirdc" UUID=[UUID:0.4224023458] first=[UUID:0.2897760912] last=[UUID:0.2368526960]

Jun 02, 2017 5:41:59 PM codeu.chat.client.ClientMessage updateMessages
INFO: Retrieved 2 messages for conversation [UUID:0.4224023458] (thirdc).

Jun 02, 2017 5:45:29 PM codeu.chat.ClientMain main
INFO: chat client has exited.
Jun 02, 2017 6:14:32 PM codeu.chat.ClientMain main
INFO: ============================= START OF LOG =============================
Jun 02, 2017 6:14:32 PM codeu.chat.ClientMain main
INFO: Starting chat client...
Jun 02, 2017 6:14:32 PM codeu.chat.ClientMain main
INFO: Creating client...
Jun 02, 2017 6:14:32 PM codeu.chat.ClientMain main
INFO: Created client
Jun 02, 2017 6:14:47 PM codeu.chat.client.Controller ifCorrectPassword
INFO: checkPassword: Request completed.
Jun 02, 2017 6:14:47 PM codeu.chat.client.Controller ifCorrectPassword
INFO: checkPassword: Response completed.
Jun 02, 2017 6:15:01 PM codeu.chat.client.ClientMessage updateMessages
SEVERE: conversation argument is null - do nothing.
Jun 02, 2017 6:15:01 PM codeu.chat.client.ClientGroup updateCurrentGroup
INFO: Get Group: Title="thirdg" UUID=[UUID:0.2146435284] first=[UUID:0] last=[UUID:0]

Jun 02, 2017 6:15:14 PM codeu.chat.client.ClientMessage updateMessages
SEVERE: conversation argument is null - do nothing.
Jun 02, 2017 6:15:14 PM codeu.chat.client.ClientGroup updateCurrentGroup
INFO: Get Group: Title="gg" UUID=[UUID:0.6245541] first=[UUID:0] last=[UUID:0]

Jun 02, 2017 6:15:29 PM codeu.chat.client.Controller newGroup
SEVERE: Response from server failed.
Jun 02, 2017 6:21:52 PM codeu.chat.ClientMain main
INFO: ============================= START OF LOG =============================
Jun 02, 2017 6:21:52 PM codeu.chat.ClientMain main
INFO: Starting chat client...
Jun 02, 2017 6:21:52 PM codeu.chat.ClientMain main
INFO: Creating client...
Jun 02, 2017 6:21:52 PM codeu.chat.ClientMain main
INFO: Created client
Jun 02, 2017 6:22:08 PM codeu.chat.client.Controller newUser
INFO: newUser: Request completed.
Jun 02, 2017 6:22:10 PM codeu.chat.client.Controller newUser
INFO: newUser: Response completed.
Jun 02, 2017 6:22:10 PM codeu.chat.client.ClientUser addUser
INFO: New user complete, Name= "first" Nickname= "" UUID=[UUID:0.1991768226]
Jun 02, 2017 6:22:23 PM codeu.chat.client.Controller ifCorrectPassword
INFO: checkPassword: Request completed.
Jun 02, 2017 6:22:23 PM codeu.chat.client.Controller ifCorrectPassword
INFO: checkPassword: Response completed.
Jun 02, 2017 6:22:34 PM codeu.chat.client.ClientGroup startGroup
INFO: New group: Title= "gfirst" UUID= [UUID:0.438665363]
Jun 02, 2017 6:22:35 PM codeu.chat.client.ClientGroup updateCurrentGroup
INFO: Get Group: Title="gfirst" UUID=[UUID:0.438665363] first=[UUID:0] last=[UUID:0]

Jun 02, 2017 6:22:45 PM codeu.chat.client.ClientMessage updateMessages
SEVERE: conversation argument is null - do nothing.
Jun 02, 2017 6:22:45 PM codeu.chat.client.ClientGroup updateCurrentGroup
INFO: Get Group: Title="gfirst" UUID=[UUID:0.438665363] first=[UUID:0] last=[UUID:0]

Jun 02, 2017 6:22:51 PM codeu.chat.client.ClientGroup startGroup
INFO: New group: Title= "gsecond" UUID= [UUID:0.1051490506]
Jun 02, 2017 6:22:51 PM codeu.chat.client.ClientGroup updateCurrentGroup
INFO: Get Group: Title="gsecond" UUID=[UUID:0.1051490506] first=[UUID:0] last=[UUID:0]

Jun 02, 2017 6:23:02 PM codeu.chat.client.Controller newConversation
INFO: clientnewConversation1
Jun 02, 2017 6:23:02 PM codeu.chat.client.Controller newConversation
INFO: clientnewConversation2
Jun 02, 2017 6:23:02 PM codeu.chat.client.Controller newConversation
INFO: clientnewConversation3donewriting
Jun 02, 2017 6:23:04 PM codeu.chat.client.Controller newConversation
INFO: clientnewConversation4reading
Jun 02, 2017 6:23:04 PM codeu.chat.client.ClientConversation startConversation
INFO: New conversation: Title= "cff" UUID= [UUID:0.276221748]
Jun 02, 2017 6:23:05 PM codeu.chat.client.ClientConversation updateCurrentConversation
INFO: Get Conversation: Title="cff" UUID=[UUID:0.276221748] first=[UUID:0] last=[UUID:0]

Jun 02, 2017 6:23:05 PM codeu.chat.client.ClientMessage updateMessages
INFO: ConversationHead: Title="cff" UUID=[UUID:0.276221748] first=[UUID:0] last=[UUID:0]

Jun 02, 2017 6:23:05 PM codeu.chat.client.ClientMessage getCurrentMessageFetchId
INFO: Refetch all messages: replaceAll=true firstMessage=[UUID:0]
Jun 02, 2017 6:23:05 PM codeu.chat.client.ClientMessage updateMessages
INFO: Retrieved 0 messages for conversation [UUID:0.276221748] (cff).

Jun 02, 2017 6:23:32 PM codeu.chat.client.ClientMessage updateMessages
INFO: ConversationHead: Title="cff" UUID=[UUID:0.276221748] first=[UUID:0] last=[UUID:0]

Jun 02, 2017 6:23:32 PM codeu.chat.client.ClientMessage getCurrentMessageFetchId
INFO: Refetch all messages: replaceAll=true firstMessage=[UUID:0]
Jun 02, 2017 6:23:32 PM codeu.chat.client.ClientMessage updateMessages
INFO: Retrieved 0 messages for conversation [UUID:0.276221748] (cff).

Jun 02, 2017 6:23:32 PM codeu.chat.client.ClientGroup updateCurrentGroup
INFO: Get Group: Title="gfirst" UUID=[UUID:0.438665363] first=[UUID:0] last=[UUID:0]

Jun 02, 2017 6:23:51 PM codeu.chat.client.ClientMessage updateMessages
INFO: ConversationHead: Title="cff" UUID=[UUID:0.276221748] first=[UUID:0] last=[UUID:0]

Jun 02, 2017 6:23:51 PM codeu.chat.client.ClientMessage getCurrentMessageFetchId
INFO: Refetch all messages: replaceAll=true firstMessage=[UUID:0]
Jun 02, 2017 6:23:51 PM codeu.chat.client.ClientMessage updateMessages
INFO: Retrieved 0 messages for conversation [UUID:0.276221748] (cff).

Jun 02, 2017 6:23:51 PM codeu.chat.client.ClientGroup updateCurrentGroup
INFO: Get Group: Title="gsecond" UUID=[UUID:0.1051490506] first=[UUID:0] last=[UUID:0]

Jun 02, 2017 6:24:10 PM codeu.chat.client.ClientMessage updateMessages
INFO: ConversationHead: Title="cff" UUID=[UUID:0.276221748] first=[UUID:0] last=[UUID:0]

Jun 02, 2017 6:24:10 PM codeu.chat.client.ClientMessage getCurrentMessageFetchId
INFO: Refetch all messages: replaceAll=true firstMessage=[UUID:0]
Jun 02, 2017 6:24:10 PM codeu.chat.client.ClientMessage updateMessages
INFO: Retrieved 0 messages for conversation [UUID:0.276221748] (cff).

Jun 02, 2017 6:24:10 PM codeu.chat.client.ClientConversation updateCurrentConversation
INFO: Get Conversation: Title="cff" UUID=[UUID:0.276221748] first=[UUID:0] last=[UUID:0]

Jun 02, 2017 6:24:10 PM codeu.chat.client.ClientMessage updateMessages
INFO: ConversationHead: Title="cff" UUID=[UUID:0.276221748] first=[UUID:0] last=[UUID:0]

Jun 02, 2017 6:24:10 PM codeu.chat.client.ClientMessage getCurrentMessageFetchId
INFO: Refetch all messages: replaceAll=true firstMessage=[UUID:0]
Jun 02, 2017 6:24:10 PM codeu.chat.client.ClientMessage updateMessages
INFO: Retrieved 0 messages for conversation [UUID:0.276221748] (cff).

Jun 02, 2017 6:27:10 PM codeu.chat.ClientMain main
INFO: ============================= START OF LOG =============================
Jun 02, 2017 6:27:10 PM codeu.chat.ClientMain main
INFO: Starting chat client...
Jun 02, 2017 6:27:10 PM codeu.chat.ClientMain main
INFO: Creating client...
Jun 02, 2017 6:27:10 PM codeu.chat.ClientMain main
INFO: Created client
Jun 02, 2017 6:27:30 PM codeu.chat.client.Controller deleteUser
INFO: deleteUser: Request completed.
Jun 02, 2017 6:27:30 PM codeu.chat.client.Controller deleteUser
INFO: deleteUser: Response completed.
Jun 02, 2017 6:27:30 PM codeu.chat.client.ClientUser deleteUser
INFO: Remove user complete, Name="first" UUID=[UUID:0.1991768226]
Jun 02, 2017 6:27:46 PM codeu.chat.client.Controller newUser
INFO: newUser: Request completed.
Jun 02, 2017 6:27:49 PM codeu.chat.client.Controller newUser
INFO: newUser: Response completed.
Jun 02, 2017 6:27:49 PM codeu.chat.client.ClientUser addUser
INFO: New user complete, Name= "first" Nickname= "" UUID=[UUID:0.3151661922]
Jun 02, 2017 6:28:10 PM codeu.chat.client.Controller ifCorrectPassword
INFO: checkPassword: Request completed.
Jun 02, 2017 6:28:10 PM codeu.chat.client.Controller ifCorrectPassword
INFO: checkPassword: Response completed.
Jun 02, 2017 6:28:24 PM codeu.chat.client.ClientUser getName
WARNING: userContext.lookup() failed on ID: [UUID:0.1991768226]
Jun 02, 2017 6:28:24 PM codeu.chat.client.ClientUser getName
WARNING: userContext.lookup() failed on ID: [UUID:0.1991768226]
Jun 02, 2017 6:28:34 PM codeu.chat.client.ClientGroup startGroup
INFO: New group: Title= "gg" UUID= [UUID:0.3229764872]
Jun 02, 2017 6:28:34 PM codeu.chat.client.ClientGroup updateCurrentGroup
INFO: Get Group: Title="gg" UUID=[UUID:0.3229764872] first=[UUID:0] last=[UUID:0]

Jun 02, 2017 6:28:47 PM codeu.chat.client.ClientMessage updateMessages
SEVERE: conversation argument is null - do nothing.
Jun 02, 2017 6:28:47 PM codeu.chat.client.ClientGroup updateCurrentGroup
INFO: Get Group: Title="gg" UUID=[UUID:0.3229764872] first=[UUID:0] last=[UUID:0]

Jun 02, 2017 6:29:21 PM codeu.chat.client.ClientUser getName
WARNING: userContext.lookup() failed on ID: [UUID:0.1991768226]
Jun 02, 2017 6:29:21 PM codeu.chat.client.ClientUser getName
WARNING: userContext.lookup() failed on ID: [UUID:0.1991768226]
Jun 02, 2017 6:29:36 PM codeu.chat.client.ClientMessage updateMessages
SEVERE: conversation argument is null - do nothing.
Jun 02, 2017 6:29:36 PM codeu.chat.client.ClientGroup updateCurrentGroup
INFO: Get Group: Title="gg" UUID=[UUID:0.3229764872] first=[UUID:0] last=[UUID:0]

Jun 02, 2017 6:31:46 PM codeu.chat.client.ClientMessage updateMessages
SEVERE: conversation argument is null - do nothing.
Jun 02, 2017 6:31:46 PM codeu.chat.client.ClientGroup updateCurrentGroup
INFO: Get Group: Title="gfirst" UUID=[UUID:0.438665363] first=[UUID:0] last=[UUID:0]

Jun 02, 2017 6:31:58 PM codeu.chat.client.ClientMessage updateMessages
SEVERE: conversation argument is null - do nothing.
Jun 02, 2017 6:31:58 PM codeu.chat.client.ClientGroup updateCurrentGroup
INFO: Get Group: Title="gsecond" UUID=[UUID:0.1051490506] first=[UUID:0] last=[UUID:0]

