Jun 02, 2017 9:39:33 AM codeu.chat.SimpleGuiClientMain main
INFO: ============================= START OF LOG =============================
Jun 02, 2017 9:39:33 AM codeu.chat.SimpleGuiClientMain main
INFO: Starting chat client...
Jun 02, 2017 9:39:33 AM codeu.chat.SimpleGuiClientMain main
INFO: Creating client...
Jun 02, 2017 9:39:33 AM codeu.chat.SimpleGuiClientMain runClient
INFO: Created client
Jun 02, 2017 9:39:40 AM codeu.chat.client.ClientMessage updateMessages
SEVERE: conversation argument is null - do nothing.
Jun 02, 2017 9:39:42 AM codeu.chat.SimpleGuiClientMain runClient
INFO: chat client is running.
Jun 02, 2017 9:39:51 AM codeu.chat.client.Controller ifCorrectPassword
INFO: checkPassword: Request completed.
Jun 02, 2017 9:39:51 AM codeu.chat.client.Controller ifCorrectPassword
INFO: checkPassword: Response completed.
Jun 02, 2017 9:39:52 AM codeu.chat.client.Controller ifCorrectPassword
INFO: checkPassword: Request completed.
Jun 02, 2017 9:39:52 AM codeu.chat.client.Controller ifCorrectPassword
INFO: checkPassword: Response completed.
Jun 02, 2017 9:39:55 AM codeu.chat.client.Controller ifCorrectPassword
INFO: checkPassword: Request completed.
Jun 02, 2017 9:39:55 AM codeu.chat.client.Controller ifCorrectPassword
INFO: checkPassword: Response completed.
Jun 02, 2017 9:40:07 AM codeu.chat.client.Controller ifCorrectPassword
INFO: checkPassword: Request completed.
Jun 02, 2017 9:40:07 AM codeu.chat.client.Controller ifCorrectPassword
INFO: checkPassword: Response completed.
Jun 02, 2017 9:40:08 AM codeu.chat.client.Controller ifCorrectPassword
INFO: checkPassword: Request completed.
Jun 02, 2017 9:40:08 AM codeu.chat.client.Controller ifCorrectPassword
INFO: checkPassword: Response completed.
Jun 02, 2017 9:40:08 AM codeu.chat.client.Controller ifCorrectPassword
INFO: checkPassword: Request completed.
Jun 02, 2017 9:40:08 AM codeu.chat.client.Controller ifCorrectPassword
INFO: checkPassword: Response completed.
Jun 02, 2017 9:40:18 AM codeu.chat.client.Controller newUser
INFO: newUser: Request completed.
Jun 02, 2017 9:40:20 AM codeu.chat.client.Controller newUser
INFO: newUser: Response completed.
Jun 02, 2017 9:40:20 AM codeu.chat.client.ClientUser addUser
INFO: New user complete, Name= "hi" Nickname= "" UUID=[UUID:0.2308386217]
Jun 02, 2017 9:40:22 AM codeu.chat.client.Controller ifCorrectPassword
INFO: checkPassword: Request completed.
Jun 02, 2017 9:40:22 AM codeu.chat.client.Controller ifCorrectPassword
INFO: checkPassword: Response completed.
