Jun 04, 2017 1:32:48 PM codeu.chat.ServerMain main
INFO: ============================= START OF LOG =============================
Jun 04, 2017 1:32:48 PM codeu.chat.ServerMain main
INFO: Starting server...
Jun 04, 2017 1:32:48 PM codeu.chat.ServerMain runServer
INFO: Created server.
Jun 04, 2017 1:32:48 PM codeu.chat.server.Server$1 run
INFO: Reading update from relay...
Jun 04, 2017 1:32:48 PM codeu.chat.ServerMain runServer
INFO: Established connection...
Jun 04, 2017 1:32:53 PM codeu.chat.server.Server$1 run
INFO: Reading update from relay...
Jun 04, 2017 1:32:58 PM codeu.chat.server.Server$1 run
INFO: Reading update from relay...
Jun 04, 2017 1:33:03 PM codeu.chat.server.Server$1 run
INFO: Reading update from relay...
Jun 04, 2017 1:33:08 PM codeu.chat.server.Server$1 run
INFO: Reading update from relay...
Jun 04, 2017 1:33:09 PM codeu.chat.ServerMain runServer
INFO: Connection established.
Jun 04, 2017 1:33:09 PM codeu.chat.ServerMain runServer
INFO: Established connection...
Jun 04, 2017 1:33:09 PM codeu.chat.server.Server$2 run
INFO: Handling connection...
Jun 04, 2017 1:33:18 PM codeu.chat.server.Server$2 run
INFO: Connection handled: ACCEPTED
Jun 04, 2017 1:33:18 PM codeu.chat.server.Server$1 run
INFO: Reading update from relay...
Jun 04, 2017 1:33:18 PM codeu.chat.ServerMain runServer
INFO: Connection established.
Jun 04, 2017 1:33:18 PM codeu.chat.ServerMain runServer
INFO: Established connection...
Jun 04, 2017 1:33:18 PM codeu.chat.server.Server$2 run
INFO: Handling connection...
Jun 04, 2017 1:33:21 PM codeu.chat.server.Server$2 run
INFO: Connection handled: ACCEPTED
Jun 04, 2017 1:33:23 PM codeu.chat.server.Server$1 run
INFO: Reading update from relay...
Jun 04, 2017 1:33:28 PM codeu.chat.server.Server$1 run
INFO: Reading update from relay...
Jun 04, 2017 1:33:33 PM codeu.chat.server.Server$1 run
INFO: Reading update from relay...
Jun 04, 2017 1:33:38 PM codeu.chat.server.Server$1 run
INFO: Reading update from relay...
Jun 04, 2017 1:33:43 PM codeu.chat.server.Server$1 run
INFO: Reading update from relay...
Jun 04, 2017 1:33:48 PM codeu.chat.server.Server$1 run
INFO: Reading update from relay...
Jun 04, 2017 1:33:53 PM codeu.chat.server.Server$1 run
INFO: Reading update from relay...
Jun 04, 2017 1:33:58 PM codeu.chat.server.Server$1 run
INFO: Reading update from relay...
Jun 04, 2017 1:34:03 PM codeu.chat.server.Server$1 run
INFO: Reading update from relay...
Jun 04, 2017 1:34:08 PM codeu.chat.server.Server$1 run
INFO: Reading update from relay...
Jun 04, 2017 1:34:11 PM codeu.chat.ServerMain runServer
INFO: Connection established.
Jun 04, 2017 1:34:11 PM codeu.chat.ServerMain runServer
INFO: Established connection...
Jun 04, 2017 1:34:11 PM codeu.chat.server.Server$2 run
INFO: Handling connection...
Jun 04, 2017 1:34:17 PM codeu.chat.server.Server$2 run
INFO: Connection handled: ACCEPTED
Jun 04, 2017 1:34:17 PM codeu.chat.server.Server$1 run
INFO: Reading update from relay...
Jun 04, 2017 1:34:17 PM codeu.chat.ServerMain runServer
INFO: Connection established.
Jun 04, 2017 1:34:17 PM codeu.chat.ServerMain runServer
INFO: Established connection...
Jun 04, 2017 1:34:17 PM codeu.chat.server.Server$2 run
INFO: Handling connection...
Jun 04, 2017 1:34:20 PM codeu.chat.server.Server$2 run
INFO: Connection handled: ACCEPTED
Jun 04, 2017 1:34:22 PM codeu.chat.server.Server$1 run
INFO: Reading update from relay...
Jun 04, 2017 1:34:27 PM codeu.chat.server.Server$1 run
INFO: Reading update from relay...
Jun 04, 2017 1:34:32 PM codeu.chat.server.Server$1 run
INFO: Reading update from relay...
Jun 04, 2017 1:34:37 PM codeu.chat.server.Server$1 run
INFO: Reading update from relay...
Jun 04, 2017 1:34:42 PM codeu.chat.server.Server$1 run
INFO: Reading update from relay...
Jun 04, 2017 1:34:47 PM codeu.chat.server.Server$1 run
INFO: Reading update from relay...
Jun 04, 2017 1:34:52 PM codeu.chat.server.Server$1 run
INFO: Reading update from relay...
Jun 04, 2017 1:34:57 PM codeu.chat.server.Server$1 run
INFO: Reading update from relay...
Jun 04, 2017 1:35:02 PM codeu.chat.server.Server$1 run
INFO: Reading update from relay...
Jun 04, 2017 1:35:07 PM codeu.chat.server.Server$1 run
INFO: Reading update from relay...
Jun 04, 2017 1:35:12 PM codeu.chat.server.Server$1 run
INFO: Reading update from relay...
Jun 04, 2017 1:35:17 PM codeu.chat.server.Server$1 run
INFO: Reading update from relay...
Jun 04, 2017 1:35:22 PM codeu.chat.server.Server$1 run
INFO: Reading update from relay...
Jun 04, 2017 1:35:27 PM codeu.chat.server.Server$1 run
INFO: Reading update from relay...
Jun 04, 2017 1:35:32 PM codeu.chat.server.Server$1 run
INFO: Reading update from relay...
Jun 04, 2017 1:35:37 PM codeu.chat.server.Server$1 run
INFO: Reading update from relay...
Jun 04, 2017 1:35:48 PM codeu.chat.ServerMain main
INFO: ============================= START OF LOG =============================
Jun 04, 2017 1:35:48 PM codeu.chat.ServerMain main
INFO: Starting server...
Jun 04, 2017 1:35:48 PM codeu.chat.ServerMain runServer
INFO: Created server.
Jun 04, 2017 1:35:48 PM codeu.chat.server.Server$1 run
INFO: Reading update from relay...
Jun 04, 2017 1:35:48 PM codeu.chat.ServerMain runServer
INFO: Established connection...
Jun 04, 2017 1:35:53 PM codeu.chat.server.Server$1 run
INFO: Reading update from relay...
Jun 04, 2017 1:35:58 PM codeu.chat.server.Server$1 run
INFO: Reading update from relay...
Jun 04, 2017 1:35:59 PM codeu.chat.ServerMain runServer
INFO: Connection established.
Jun 04, 2017 1:35:59 PM codeu.chat.ServerMain runServer
INFO: Established connection...
Jun 04, 2017 1:35:59 PM codeu.chat.server.Server$2 run
INFO: Handling connection...
Jun 04, 2017 1:36:05 PM codeu.chat.server.Server$2 run
INFO: Connection handled: ACCEPTED
Jun 04, 2017 1:36:05 PM codeu.chat.server.Server$1 run
INFO: Reading update from relay...
Jun 04, 2017 1:36:05 PM codeu.chat.ServerMain runServer
INFO: Connection established.
Jun 04, 2017 1:36:05 PM codeu.chat.ServerMain runServer
INFO: Established connection...
Jun 04, 2017 1:36:05 PM codeu.chat.server.Server$2 run
INFO: Handling connection...
Jun 04, 2017 1:36:09 PM codeu.chat.server.Server$2 run
INFO: Connection handled: ACCEPTED
Jun 04, 2017 1:36:10 PM codeu.chat.server.Server$1 run
INFO: Reading update from relay...
Jun 04, 2017 1:36:15 PM codeu.chat.server.Server$1 run
INFO: Reading update from relay...
Jun 04, 2017 1:36:21 PM codeu.chat.server.Server$1 run
INFO: Reading update from relay...
Jun 04, 2017 1:36:26 PM codeu.chat.server.Server$1 run
INFO: Reading update from relay...
Jun 04, 2017 1:36:31 PM codeu.chat.server.Server$1 run
INFO: Reading update from relay...
Jun 04, 2017 1:36:36 PM codeu.chat.server.Server$1 run
INFO: Reading update from relay...
Jun 04, 2017 1:36:41 PM codeu.chat.server.Server$1 run
INFO: Reading update from relay...
Jun 04, 2017 1:36:46 PM codeu.chat.server.Server$1 run
INFO: Reading update from relay...
Jun 04, 2017 1:36:51 PM codeu.chat.server.Server$1 run
INFO: Reading update from relay...
Jun 04, 2017 1:36:56 PM codeu.chat.server.Server$1 run
INFO: Reading update from relay...
Jun 04, 2017 1:37:01 PM codeu.chat.server.Server$1 run
INFO: Reading update from relay...
Jun 04, 2017 1:37:06 PM codeu.chat.server.Server$1 run
INFO: Reading update from relay...
Jun 04, 2017 1:37:11 PM codeu.chat.server.Server$1 run
INFO: Reading update from relay...
Jun 04, 2017 1:37:16 PM codeu.chat.server.Server$1 run
INFO: Reading update from relay...
Jun 04, 2017 1:37:21 PM codeu.chat.server.Server$1 run
INFO: Reading update from relay...
Jun 04, 2017 1:37:26 PM codeu.chat.server.Server$1 run
INFO: Reading update from relay...
Jun 04, 2017 1:37:28 PM codeu.chat.ServerMain runServer
INFO: Connection established.
Jun 04, 2017 1:37:28 PM codeu.chat.ServerMain runServer
INFO: Established connection...
Jun 04, 2017 1:37:28 PM codeu.chat.server.Server$2 run
INFO: Handling connection...
Jun 04, 2017 1:37:37 PM codeu.chat.server.Server$2 run
INFO: Connection handled: ACCEPTED
Jun 04, 2017 1:37:37 PM codeu.chat.server.Server$1 run
INFO: Reading update from relay...
Jun 04, 2017 1:37:37 PM codeu.chat.ServerMain runServer
INFO: Connection established.
Jun 04, 2017 1:37:37 PM codeu.chat.ServerMain runServer
INFO: Established connection...
Jun 04, 2017 1:37:37 PM codeu.chat.server.Server$2 run
INFO: Handling connection...
Jun 04, 2017 1:38:04 PM codeu.chat.server.Controller newUser
INFO: newUser success (user.id=[UUID:0.1208679707] user.name=persistence user.nickname=persistence user.time=04-Jun-2017 13:37:48.077)
Jun 04, 2017 1:38:04 PM codeu.chat.server.Server$2 run
INFO: Connection handled: ACCEPTED
Jun 04, 2017 1:38:04 PM codeu.chat.server.Server$1 run
INFO: Reading update from relay...
Jun 04, 2017 1:38:04 PM codeu.chat.ServerMain runServer
INFO: Connection established.
Jun 04, 2017 1:38:04 PM codeu.chat.ServerMain runServer
INFO: Established connection...
Jun 04, 2017 1:38:04 PM codeu.chat.server.Server$2 run
INFO: Handling connection...
Jun 04, 2017 1:38:11 PM codeu.chat.server.Server$2 run
INFO: Connection handled: ACCEPTED
Jun 04, 2017 1:38:11 PM codeu.chat.server.Server$1 run
INFO: Reading update from relay...
Jun 04, 2017 1:38:16 PM codeu.chat.server.Server$1 run
INFO: Reading update from relay...
Jun 04, 2017 1:38:21 PM codeu.chat.server.Server$1 run
INFO: Reading update from relay...
Jun 04, 2017 1:38:26 PM codeu.chat.server.Server$1 run
INFO: Reading update from relay...
Jun 04, 2017 1:38:31 PM codeu.chat.server.Server$1 run
INFO: Reading update from relay...
Jun 04, 2017 1:38:36 PM codeu.chat.server.Server$1 run
INFO: Reading update from relay...
Jun 04, 2017 1:38:41 PM codeu.chat.server.Server$1 run
INFO: Reading update from relay...
Jun 04, 2017 1:38:46 PM codeu.chat.server.Server$1 run
INFO: Reading update from relay...
Jun 04, 2017 1:38:51 PM codeu.chat.server.Server$1 run
INFO: Reading update from relay...
Jun 04, 2017 1:38:56 PM codeu.chat.server.Server$1 run
INFO: Reading update from relay...
Jun 04, 2017 1:39:01 PM codeu.chat.server.Server$1 run
INFO: Reading update from relay...
Jun 04, 2017 1:39:06 PM codeu.chat.server.Server$1 run
INFO: Reading update from relay...
Jun 04, 2017 1:39:11 PM codeu.chat.server.Server$1 run
INFO: Reading update from relay...
Jun 04, 2017 1:39:16 PM codeu.chat.server.Server$1 run
INFO: Reading update from relay...
Jun 04, 2017 1:39:21 PM codeu.chat.server.Server$1 run
INFO: Reading update from relay...
Jun 04, 2017 1:39:26 PM codeu.chat.server.Server$1 run
INFO: Reading update from relay...
Jun 04, 2017 1:39:31 PM codeu.chat.server.Server$1 run
INFO: Reading update from relay...
Jun 04, 2017 1:39:36 PM codeu.chat.server.Server$1 run
INFO: Reading update from relay...
Jun 04, 2017 1:39:41 PM codeu.chat.server.Server$1 run
INFO: Reading update from relay...
Jun 04, 2017 1:39:46 PM codeu.chat.server.Server$1 run
INFO: Reading update from relay...
Jun 04, 2017 1:39:51 PM codeu.chat.server.Server$1 run
INFO: Reading update from relay...
Jun 04, 2017 1:39:56 PM codeu.chat.server.Server$1 run
INFO: Reading update from relay...
Jun 04, 2017 1:40:01 PM codeu.chat.server.Server$1 run
INFO: Reading update from relay...
Jun 04, 2017 1:40:06 PM codeu.chat.server.Server$1 run
INFO: Reading update from relay...
Jun 04, 2017 1:40:11 PM codeu.chat.server.Server$1 run
INFO: Reading update from relay...
Jun 04, 2017 1:40:16 PM codeu.chat.server.Server$1 run
INFO: Reading update from relay...
Jun 04, 2017 1:40:21 PM codeu.chat.server.Server$1 run
INFO: Reading update from relay...
Jun 04, 2017 1:40:26 PM codeu.chat.server.Server$1 run
INFO: Reading update from relay...
Jun 04, 2017 1:40:31 PM codeu.chat.server.Server$1 run
INFO: Reading update from relay...
Jun 04, 2017 1:40:36 PM codeu.chat.server.Server$1 run
INFO: Reading update from relay...
Jun 04, 2017 1:40:41 PM codeu.chat.server.Server$1 run
INFO: Reading update from relay...
Jun 04, 2017 1:40:46 PM codeu.chat.server.Server$1 run
INFO: Reading update from relay...
Jun 04, 2017 1:40:51 PM codeu.chat.server.Server$1 run
INFO: Reading update from relay...
Jun 04, 2017 1:40:56 PM codeu.chat.server.Server$1 run
INFO: Reading update from relay...
Jun 04, 2017 1:41:01 PM codeu.chat.server.Server$1 run
INFO: Reading update from relay...
Jun 04, 2017 1:41:06 PM codeu.chat.server.Server$1 run
INFO: Reading update from relay...
Jun 04, 2017 1:41:11 PM codeu.chat.server.Server$1 run
INFO: Reading update from relay...
Jun 04, 2017 1:41:16 PM codeu.chat.server.Server$1 run
INFO: Reading update from relay...
Jun 04, 2017 1:41:21 PM codeu.chat.server.Server$1 run
INFO: Reading update from relay...
Jun 04, 2017 1:41:26 PM codeu.chat.server.Server$1 run
INFO: Reading update from relay...
Jun 04, 2017 1:41:31 PM codeu.chat.server.Server$1 run
INFO: Reading update from relay...
Jun 04, 2017 1:41:36 PM codeu.chat.server.Server$1 run
INFO: Reading update from relay...
Jun 04, 2017 1:41:41 PM codeu.chat.server.Server$1 run
INFO: Reading update from relay...
Jun 04, 2017 1:41:46 PM codeu.chat.server.Server$1 run
INFO: Reading update from relay...
Jun 04, 2017 1:41:51 PM codeu.chat.server.Server$1 run
INFO: Reading update from relay...
Jun 04, 2017 1:41:56 PM codeu.chat.server.Server$1 run
INFO: Reading update from relay...
Jun 04, 2017 1:42:01 PM codeu.chat.server.Server$1 run
INFO: Reading update from relay...
Jun 04, 2017 1:42:06 PM codeu.chat.server.Server$1 run
INFO: Reading update from relay...
Jun 04, 2017 1:42:11 PM codeu.chat.server.Server$1 run
INFO: Reading update from relay...
Jun 04, 2017 1:42:16 PM codeu.chat.server.Server$1 run
INFO: Reading update from relay...
Jun 04, 2017 1:42:21 PM codeu.chat.server.Server$1 run
INFO: Reading update from relay...
Jun 04, 2017 1:42:26 PM codeu.chat.server.Server$1 run
INFO: Reading update from relay...
Jun 04, 2017 1:42:31 PM codeu.chat.server.Server$1 run
INFO: Reading update from relay...
Jun 04, 2017 1:42:36 PM codeu.chat.server.Server$1 run
INFO: Reading update from relay...
Jun 04, 2017 1:42:41 PM codeu.chat.server.Server$1 run
INFO: Reading update from relay...
Jun 04, 2017 1:42:46 PM codeu.chat.server.Server$1 run
INFO: Reading update from relay...
Jun 04, 2017 1:42:51 PM codeu.chat.server.Server$1 run
INFO: Reading update from relay...
Jun 04, 2017 1:42:56 PM codeu.chat.server.Server$1 run
INFO: Reading update from relay...
Jun 04, 2017 1:43:01 PM codeu.chat.server.Server$1 run
INFO: Reading update from relay...
Jun 04, 2017 1:43:06 PM codeu.chat.server.Server$1 run
INFO: Reading update from relay...
Jun 04, 2017 1:43:11 PM codeu.chat.server.Server$1 run
INFO: Reading update from relay...
Jun 04, 2017 1:43:16 PM codeu.chat.server.Server$1 run
INFO: Reading update from relay...
Jun 04, 2017 1:43:21 PM codeu.chat.server.Server$1 run
INFO: Reading update from relay...
Jun 04, 2017 1:43:26 PM codeu.chat.server.Server$1 run
INFO: Reading update from relay...
Jun 04, 2017 1:43:31 PM codeu.chat.server.Server$1 run
INFO: Reading update from relay...
Jun 04, 2017 1:43:36 PM codeu.chat.server.Server$1 run
INFO: Reading update from relay...
Jun 04, 2017 1:43:41 PM codeu.chat.server.Server$1 run
INFO: Reading update from relay...
Jun 04, 2017 1:43:46 PM codeu.chat.server.Server$1 run
INFO: Reading update from relay...
Jun 04, 2017 1:43:51 PM codeu.chat.server.Server$1 run
INFO: Reading update from relay...
Jun 04, 2017 1:43:56 PM codeu.chat.server.Server$1 run
INFO: Reading update from relay...
Jun 04, 2017 1:44:01 PM codeu.chat.server.Server$1 run
INFO: Reading update from relay...
Jun 04, 2017 1:44:06 PM codeu.chat.server.Server$1 run
INFO: Reading update from relay...
Jun 04, 2017 1:44:11 PM codeu.chat.server.Server$1 run
INFO: Reading update from relay...
Jun 04, 2017 1:44:16 PM codeu.chat.server.Server$1 run
INFO: Reading update from relay...
Jun 04, 2017 1:44:21 PM codeu.chat.server.Server$1 run
INFO: Reading update from relay...
Jun 04, 2017 1:44:26 PM codeu.chat.server.Server$1 run
INFO: Reading update from relay...
Jun 04, 2017 1:44:31 PM codeu.chat.server.Server$1 run
INFO: Reading update from relay...
Jun 04, 2017 1:44:36 PM codeu.chat.server.Server$1 run
INFO: Reading update from relay...
Jun 04, 2017 1:44:37 PM codeu.chat.ServerMain runServer
INFO: Connection established.
Jun 04, 2017 1:44:37 PM codeu.chat.ServerMain runServer
INFO: Established connection...
Jun 04, 2017 1:44:37 PM codeu.chat.server.Server$2 run
INFO: Handling connection...
Jun 04, 2017 1:44:44 PM codeu.chat.server.Server$2 run
INFO: Connection handled: ACCEPTED
Jun 04, 2017 1:44:44 PM codeu.chat.server.Server$1 run
INFO: Reading update from relay...
Jun 04, 2017 1:44:49 PM codeu.chat.server.Server$1 run
INFO: Reading update from relay...
Jun 04, 2017 1:44:54 PM codeu.chat.server.Server$1 run
INFO: Reading update from relay...
Jun 04, 2017 1:44:59 PM codeu.chat.server.Server$1 run
INFO: Reading update from relay...
Jun 04, 2017 1:45:04 PM codeu.chat.server.Server$1 run
INFO: Reading update from relay...
Jun 04, 2017 1:45:08 PM codeu.chat.ServerMain runServer
INFO: Connection established.
Jun 04, 2017 1:45:08 PM codeu.chat.ServerMain runServer
INFO: Established connection...
Jun 04, 2017 1:45:08 PM codeu.chat.server.Server$2 run
INFO: Handling connection...
Jun 04, 2017 1:45:15 PM codeu.chat.server.Server$2 run
INFO: Connection handled: ACCEPTED
Jun 04, 2017 1:45:15 PM codeu.chat.server.Server$1 run
INFO: Reading update from relay...
Jun 04, 2017 1:45:15 PM codeu.chat.ServerMain runServer
INFO: Connection established.
Jun 04, 2017 1:45:15 PM codeu.chat.ServerMain runServer
INFO: Established connection...
Jun 04, 2017 1:45:15 PM codeu.chat.server.Server$2 run
INFO: Handling connection...
Jun 04, 2017 1:45:50 PM codeu.chat.server.Controller newUser
INFO: newUser success (user.id=[UUID:0.3581651931] user.name=neilbarooahSeattle user.nickname=neilbarooahSeattle user.time=04-Jun-2017 13:45:29.913)
Jun 04, 2017 1:45:50 PM codeu.chat.server.Server$2 run
INFO: Connection handled: ACCEPTED
Jun 04, 2017 1:45:50 PM codeu.chat.server.Server$1 run
INFO: Reading update from relay...
Jun 04, 2017 1:45:50 PM codeu.chat.ServerMain runServer
INFO: Connection established.
Jun 04, 2017 1:45:50 PM codeu.chat.ServerMain runServer
INFO: Established connection...
Jun 04, 2017 1:45:50 PM codeu.chat.server.Server$2 run
INFO: Handling connection...
Jun 04, 2017 1:45:55 PM codeu.chat.server.Server$2 run
INFO: Connection handled: ACCEPTED
Jun 04, 2017 1:45:55 PM codeu.chat.server.Server$1 run
INFO: Reading update from relay...
Jun 04, 2017 1:46:00 PM codeu.chat.server.Server$1 run
INFO: Reading update from relay...
Jun 04, 2017 1:46:05 PM codeu.chat.server.Server$1 run
INFO: Reading update from relay...
Jun 04, 2017 1:46:10 PM codeu.chat.server.Server$1 run
INFO: Reading update from relay...
Jun 04, 2017 1:46:15 PM codeu.chat.server.Server$1 run
INFO: Reading update from relay...
Jun 04, 2017 1:46:20 PM codeu.chat.server.Server$1 run
INFO: Reading update from relay...
Jun 04, 2017 1:46:25 PM codeu.chat.server.Server$1 run
INFO: Reading update from relay...
Jun 04, 2017 1:46:30 PM codeu.chat.server.Server$1 run
INFO: Reading update from relay...
Jun 04, 2017 1:46:35 PM codeu.chat.server.Server$1 run
INFO: Reading update from relay...
Jun 04, 2017 1:46:40 PM codeu.chat.server.Server$1 run
INFO: Reading update from relay...
Jun 04, 2017 1:46:45 PM codeu.chat.server.Server$1 run
INFO: Reading update from relay...
Jun 04, 2017 1:46:50 PM codeu.chat.server.Server$1 run
INFO: Reading update from relay...
Jun 04, 2017 1:46:55 PM codeu.chat.server.Server$1 run
INFO: Reading update from relay...
Jun 04, 2017 1:47:00 PM codeu.chat.server.Server$1 run
INFO: Reading update from relay...
Jun 04, 2017 1:47:05 PM codeu.chat.server.Server$1 run
INFO: Reading update from relay...
Jun 04, 2017 1:47:10 PM codeu.chat.server.Server$1 run
INFO: Reading update from relay...
Jun 04, 2017 1:47:15 PM codeu.chat.server.Server$1 run
INFO: Reading update from relay...
Jun 04, 2017 1:47:20 PM codeu.chat.server.Server$1 run
INFO: Reading update from relay...
Jun 04, 2017 1:47:25 PM codeu.chat.server.Server$1 run
INFO: Reading update from relay...
Jun 04, 2017 1:47:30 PM codeu.chat.server.Server$1 run
INFO: Reading update from relay...
Jun 04, 2017 1:47:35 PM codeu.chat.server.Server$1 run
INFO: Reading update from relay...
Jun 04, 2017 1:47:40 PM codeu.chat.server.Server$1 run
INFO: Reading update from relay...
Jun 04, 2017 1:47:45 PM codeu.chat.server.Server$1 run
INFO: Reading update from relay...
Jun 04, 2017 1:47:50 PM codeu.chat.server.Server$1 run
INFO: Reading update from relay...
Jun 04, 2017 1:47:55 PM codeu.chat.server.Server$1 run
INFO: Reading update from relay...
Jun 04, 2017 1:48:00 PM codeu.chat.server.Server$1 run
INFO: Reading update from relay...
Jun 04, 2017 1:48:05 PM codeu.chat.server.Server$1 run
INFO: Reading update from relay...
Jun 04, 2017 1:48:10 PM codeu.chat.server.Server$1 run
INFO: Reading update from relay...
Jun 04, 2017 1:48:15 PM codeu.chat.server.Server$1 run
INFO: Reading update from relay...
Jun 04, 2017 1:48:20 PM codeu.chat.server.Server$1 run
INFO: Reading update from relay...
Jun 04, 2017 1:48:25 PM codeu.chat.server.Server$1 run
INFO: Reading update from relay...
Jun 04, 2017 1:48:30 PM codeu.chat.server.Server$1 run
INFO: Reading update from relay...
Jun 04, 2017 1:48:35 PM codeu.chat.server.Server$1 run
INFO: Reading update from relay...
Jun 04, 2017 1:48:40 PM codeu.chat.server.Server$1 run
INFO: Reading update from relay...
Jun 04, 2017 1:48:45 PM codeu.chat.server.Server$1 run
INFO: Reading update from relay...
Jun 04, 2017 1:48:50 PM codeu.chat.server.Server$1 run
INFO: Reading update from relay...
Jun 04, 2017 1:48:55 PM codeu.chat.server.Server$1 run
INFO: Reading update from relay...
Jun 04, 2017 1:49:00 PM codeu.chat.server.Server$1 run
INFO: Reading update from relay...
Jun 04, 2017 1:49:05 PM codeu.chat.server.Server$1 run
INFO: Reading update from relay...
Jun 04, 2017 1:49:10 PM codeu.chat.server.Server$1 run
INFO: Reading update from relay...
Jun 04, 2017 1:49:15 PM codeu.chat.server.Server$1 run
INFO: Reading update from relay...
Jun 04, 2017 1:49:20 PM codeu.chat.server.Server$1 run
INFO: Reading update from relay...
Jun 04, 2017 1:49:25 PM codeu.chat.server.Server$1 run
INFO: Reading update from relay...
Jun 04, 2017 1:49:30 PM codeu.chat.server.Server$1 run
INFO: Reading update from relay...
Jun 04, 2017 1:49:35 PM codeu.chat.server.Server$1 run
INFO: Reading update from relay...
Jun 04, 2017 1:49:40 PM codeu.chat.server.Server$1 run
INFO: Reading update from relay...
Jun 04, 2017 1:49:45 PM codeu.chat.server.Server$1 run
INFO: Reading update from relay...
Jun 04, 2017 1:49:50 PM codeu.chat.server.Server$1 run
INFO: Reading update from relay...
Jun 04, 2017 1:49:55 PM codeu.chat.server.Server$1 run
INFO: Reading update from relay...
Jun 04, 2017 1:50:00 PM codeu.chat.server.Server$1 run
INFO: Reading update from relay...
Jun 04, 2017 1:50:05 PM codeu.chat.server.Server$1 run
INFO: Reading update from relay...
Jun 04, 2017 1:50:10 PM codeu.chat.server.Server$1 run
INFO: Reading update from relay...
Jun 04, 2017 1:50:15 PM codeu.chat.server.Server$1 run
INFO: Reading update from relay...
Jun 04, 2017 1:50:20 PM codeu.chat.server.Server$1 run
INFO: Reading update from relay...
Jun 04, 2017 1:50:25 PM codeu.chat.server.Server$1 run
INFO: Reading update from relay...
Jun 04, 2017 1:50:30 PM codeu.chat.server.Server$1 run
INFO: Reading update from relay...
Jun 04, 2017 1:50:33 PM codeu.chat.ServerMain runServer
INFO: Connection established.
Jun 04, 2017 1:50:33 PM codeu.chat.ServerMain runServer
INFO: Established connection...
Jun 04, 2017 1:50:33 PM codeu.chat.server.Server$2 run
INFO: Handling connection...
Jun 04, 2017 1:50:40 PM codeu.chat.server.Server$2 run
INFO: Connection handled: ACCEPTED
Jun 04, 2017 1:50:40 PM codeu.chat.server.Server$1 run
INFO: Reading update from relay...
Jun 04, 2017 1:50:40 PM codeu.chat.ServerMain runServer
INFO: Connection established.
Jun 04, 2017 1:50:40 PM codeu.chat.ServerMain runServer
INFO: Established connection...
Jun 04, 2017 1:50:40 PM codeu.chat.server.Server$2 run
INFO: Handling connection...
Jun 04, 2017 1:50:40 PM codeu.chat.server.Server$2 run
SEVERE: Exception while handling connection.
java.lang.NegativeArraySizeException
	at codeu.chat.util.Uuid$1.read(Uuid.java:57)
	at codeu.chat.util.Uuid$1.read(Uuid.java:27)
	at codeu.chat.server.Server.onMessage(Server.java:343)
	at codeu.chat.server.Server.access$400(Server.java:42)
	at codeu.chat.server.Server$2.run(Server.java:112)
	at codeu.chat.util.Timeline$2.run(Timeline.java:116)

Jun 04, 2017 1:50:45 PM codeu.chat.server.Server$1 run
INFO: Reading update from relay...
Jun 04, 2017 1:50:50 PM codeu.chat.server.Server$1 run
INFO: Reading update from relay...
Jun 04, 2017 1:50:55 PM codeu.chat.server.Server$1 run
INFO: Reading update from relay...
Jun 04, 2017 1:51:00 PM codeu.chat.server.Server$1 run
INFO: Reading update from relay...
Jun 04, 2017 1:51:05 PM codeu.chat.server.Server$1 run
INFO: Reading update from relay...
Jun 04, 2017 1:51:08 PM codeu.chat.ServerMain runServer
INFO: Connection established.
Jun 04, 2017 1:51:08 PM codeu.chat.ServerMain runServer
INFO: Established connection...
Jun 04, 2017 1:51:08 PM codeu.chat.server.Server$2 run
INFO: Handling connection...
Jun 04, 2017 1:51:14 PM codeu.chat.server.Server$2 run
INFO: Connection handled: ACCEPTED
Jun 04, 2017 1:51:14 PM codeu.chat.server.Server$1 run
INFO: Reading update from relay...
Jun 04, 2017 1:51:14 PM codeu.chat.ServerMain runServer
INFO: Connection established.
Jun 04, 2017 1:51:14 PM codeu.chat.ServerMain runServer
INFO: Established connection...
Jun 04, 2017 1:51:14 PM codeu.chat.server.Server$2 run
INFO: Handling connection...
Jun 04, 2017 1:51:45 PM codeu.chat.server.Controller newUser
INFO: newUser success (user.id=[UUID:0.3966053430] user.name=neilb user.nickname=neilb user.time=04-Jun-2017 13:51:29.577)
Jun 04, 2017 1:51:45 PM codeu.chat.server.Server$2 run
INFO: Connection handled: ACCEPTED
Jun 04, 2017 1:51:45 PM codeu.chat.server.Server$1 run
INFO: Reading update from relay...
Jun 04, 2017 1:51:45 PM codeu.chat.ServerMain runServer
INFO: Connection established.
Jun 04, 2017 1:51:45 PM codeu.chat.ServerMain runServer
INFO: Established connection...
Jun 04, 2017 1:51:45 PM codeu.chat.server.Server$2 run
INFO: Handling connection...
Jun 04, 2017 1:51:51 PM codeu.chat.server.Server$2 run
INFO: Connection handled: ACCEPTED
Jun 04, 2017 1:51:51 PM codeu.chat.server.Server$1 run
INFO: Reading update from relay...
Jun 04, 2017 1:51:56 PM codeu.chat.server.Server$1 run
INFO: Reading update from relay...
Jun 04, 2017 1:52:01 PM codeu.chat.server.Server$1 run
INFO: Reading update from relay...
Jun 04, 2017 1:52:06 PM codeu.chat.server.Server$1 run
INFO: Reading update from relay...
Jun 04, 2017 1:52:11 PM codeu.chat.server.Server$1 run
INFO: Reading update from relay...
Jun 04, 2017 1:52:16 PM codeu.chat.server.Server$1 run
INFO: Reading update from relay...
Jun 04, 2017 1:52:21 PM codeu.chat.server.Server$1 run
INFO: Reading update from relay...
Jun 04, 2017 1:52:26 PM codeu.chat.server.Server$1 run
INFO: Reading update from relay...
Jun 04, 2017 1:52:31 PM codeu.chat.server.Server$1 run
INFO: Reading update from relay...
Jun 04, 2017 1:52:36 PM codeu.chat.server.Server$1 run
INFO: Reading update from relay...
Jun 04, 2017 1:52:41 PM codeu.chat.server.Server$1 run
INFO: Reading update from relay...
Jun 04, 2017 1:52:46 PM codeu.chat.server.Server$1 run
INFO: Reading update from relay...
Jun 04, 2017 1:52:51 PM codeu.chat.server.Server$1 run
INFO: Reading update from relay...
Jun 04, 2017 1:52:56 PM codeu.chat.server.Server$1 run
INFO: Reading update from relay...
Jun 04, 2017 1:53:01 PM codeu.chat.server.Server$1 run
INFO: Reading update from relay...
Jun 04, 2017 1:53:06 PM codeu.chat.server.Server$1 run
INFO: Reading update from relay...
Jun 04, 2017 1:53:11 PM codeu.chat.server.Server$1 run
INFO: Reading update from relay...
Jun 04, 2017 1:53:16 PM codeu.chat.server.Server$1 run
INFO: Reading update from relay...
Jun 04, 2017 1:53:21 PM codeu.chat.server.Server$1 run
INFO: Reading update from relay...
Jun 04, 2017 1:53:26 PM codeu.chat.server.Server$1 run
INFO: Reading update from relay...
Jun 04, 2017 1:53:31 PM codeu.chat.server.Server$1 run
INFO: Reading update from relay...
Jun 04, 2017 1:53:36 PM codeu.chat.server.Server$1 run
INFO: Reading update from relay...
Jun 04, 2017 1:53:41 PM codeu.chat.server.Server$1 run
INFO: Reading update from relay...
Jun 04, 2017 1:53:46 PM codeu.chat.server.Server$1 run
INFO: Reading update from relay...
Jun 04, 2017 1:53:51 PM codeu.chat.server.Server$1 run
INFO: Reading update from relay...
Jun 04, 2017 1:53:56 PM codeu.chat.server.Server$1 run
INFO: Reading update from relay...
Jun 04, 2017 1:54:01 PM codeu.chat.server.Server$1 run
INFO: Reading update from relay...
Jun 04, 2017 1:54:06 PM codeu.chat.server.Server$1 run
INFO: Reading update from relay...
Jun 04, 2017 1:54:11 PM codeu.chat.server.Server$1 run
INFO: Reading update from relay...
Jun 04, 2017 1:54:16 PM codeu.chat.server.Server$1 run
INFO: Reading update from relay...
Jun 04, 2017 1:54:21 PM codeu.chat.server.Server$1 run
INFO: Reading update from relay...
Jun 04, 2017 1:54:26 PM codeu.chat.server.Server$1 run
INFO: Reading update from relay...
Jun 04, 2017 1:54:31 PM codeu.chat.server.Server$1 run
INFO: Reading update from relay...
Jun 04, 2017 1:54:36 PM codeu.chat.server.Server$1 run
INFO: Reading update from relay...
Jun 04, 2017 1:54:41 PM codeu.chat.server.Server$1 run
INFO: Reading update from relay...
Jun 04, 2017 1:54:46 PM codeu.chat.server.Server$1 run
INFO: Reading update from relay...
Jun 04, 2017 1:54:51 PM codeu.chat.server.Server$1 run
INFO: Reading update from relay...
Jun 04, 2017 1:54:56 PM codeu.chat.server.Server$1 run
INFO: Reading update from relay...
Jun 04, 2017 1:55:01 PM codeu.chat.server.Server$1 run
INFO: Reading update from relay...
Jun 04, 2017 1:55:06 PM codeu.chat.server.Server$1 run
INFO: Reading update from relay...
Jun 04, 2017 1:55:11 PM codeu.chat.server.Server$1 run
INFO: Reading update from relay...
Jun 04, 2017 1:55:16 PM codeu.chat.server.Server$1 run
INFO: Reading update from relay...
Jun 04, 2017 1:55:21 PM codeu.chat.server.Server$1 run
INFO: Reading update from relay...
Jun 04, 2017 1:55:26 PM codeu.chat.server.Server$1 run
INFO: Reading update from relay...
Jun 04, 2017 1:55:31 PM codeu.chat.server.Server$1 run
INFO: Reading update from relay...
Jun 04, 2017 1:55:36 PM codeu.chat.server.Server$1 run
INFO: Reading update from relay...
Jun 04, 2017 1:55:41 PM codeu.chat.server.Server$1 run
INFO: Reading update from relay...
Jun 04, 2017 1:55:46 PM codeu.chat.server.Server$1 run
INFO: Reading update from relay...
Jun 04, 2017 1:55:51 PM codeu.chat.server.Server$1 run
INFO: Reading update from relay...
Jun 04, 2017 1:55:56 PM codeu.chat.server.Server$1 run
INFO: Reading update from relay...
Jun 04, 2017 1:56:01 PM codeu.chat.server.Server$1 run
INFO: Reading update from relay...
Jun 04, 2017 1:56:06 PM codeu.chat.server.Server$1 run
INFO: Reading update from relay...
Jun 04, 2017 1:56:11 PM codeu.chat.server.Server$1 run
INFO: Reading update from relay...
Jun 04, 2017 1:56:16 PM codeu.chat.server.Server$1 run
INFO: Reading update from relay...
Jun 04, 2017 1:56:21 PM codeu.chat.server.Server$1 run
INFO: Reading update from relay...
Jun 04, 2017 1:56:26 PM codeu.chat.server.Server$1 run
INFO: Reading update from relay...
Jun 04, 2017 1:56:31 PM codeu.chat.server.Server$1 run
INFO: Reading update from relay...
Jun 04, 2017 1:56:36 PM codeu.chat.server.Server$1 run
INFO: Reading update from relay...
Jun 04, 2017 1:56:41 PM codeu.chat.server.Server$1 run
INFO: Reading update from relay...
Jun 04, 2017 1:56:46 PM codeu.chat.server.Server$1 run
INFO: Reading update from relay...
Jun 04, 2017 1:56:51 PM codeu.chat.server.Server$1 run
INFO: Reading update from relay...
Jun 04, 2017 1:56:56 PM codeu.chat.server.Server$1 run
INFO: Reading update from relay...
Jun 04, 2017 1:57:01 PM codeu.chat.server.Server$1 run
INFO: Reading update from relay...
Jun 04, 2017 1:57:06 PM codeu.chat.server.Server$1 run
INFO: Reading update from relay...
Jun 04, 2017 1:57:11 PM codeu.chat.server.Server$1 run
INFO: Reading update from relay...
Jun 04, 2017 1:57:16 PM codeu.chat.server.Server$1 run
INFO: Reading update from relay...
Jun 04, 2017 1:57:21 PM codeu.chat.server.Server$1 run
INFO: Reading update from relay...
Jun 04, 2017 1:57:26 PM codeu.chat.server.Server$1 run
INFO: Reading update from relay...
Jun 04, 2017 1:57:31 PM codeu.chat.server.Server$1 run
INFO: Reading update from relay...
Jun 04, 2017 1:57:36 PM codeu.chat.server.Server$1 run
INFO: Reading update from relay...
Jun 04, 2017 1:57:41 PM codeu.chat.server.Server$1 run
INFO: Reading update from relay...
Jun 04, 2017 1:57:46 PM codeu.chat.server.Server$1 run
INFO: Reading update from relay...
Jun 04, 2017 1:57:51 PM codeu.chat.server.Server$1 run
INFO: Reading update from relay...
Jun 04, 2017 1:57:56 PM codeu.chat.server.Server$1 run
INFO: Reading update from relay...
Jun 04, 2017 1:58:01 PM codeu.chat.server.Server$1 run
INFO: Reading update from relay...
Jun 04, 2017 1:58:06 PM codeu.chat.server.Server$1 run
INFO: Reading update from relay...
Jun 04, 2017 1:58:11 PM codeu.chat.server.Server$1 run
INFO: Reading update from relay...
Jun 04, 2017 1:58:16 PM codeu.chat.server.Server$1 run
INFO: Reading update from relay...
Jun 04, 2017 1:58:21 PM codeu.chat.server.Server$1 run
INFO: Reading update from relay...
Jun 04, 2017 1:58:26 PM codeu.chat.server.Server$1 run
INFO: Reading update from relay...
Jun 04, 2017 1:58:31 PM codeu.chat.server.Server$1 run
INFO: Reading update from relay...
Jun 04, 2017 1:58:36 PM codeu.chat.server.Server$1 run
INFO: Reading update from relay...
Jun 04, 2017 1:58:41 PM codeu.chat.server.Server$1 run
INFO: Reading update from relay...
Jun 04, 2017 1:58:46 PM codeu.chat.server.Server$1 run
INFO: Reading update from relay...
Jun 04, 2017 1:58:51 PM codeu.chat.server.Server$1 run
INFO: Reading update from relay...
Jun 04, 2017 1:58:56 PM codeu.chat.server.Server$1 run
INFO: Reading update from relay...
Jun 04, 2017 1:59:01 PM codeu.chat.server.Server$1 run
INFO: Reading update from relay...
Jun 04, 2017 1:59:06 PM codeu.chat.server.Server$1 run
INFO: Reading update from relay...
Jun 04, 2017 1:59:11 PM codeu.chat.server.Server$1 run
INFO: Reading update from relay...
Jun 04, 2017 1:59:16 PM codeu.chat.server.Server$1 run
INFO: Reading update from relay...
Jun 04, 2017 1:59:21 PM codeu.chat.server.Server$1 run
INFO: Reading update from relay...
Jun 04, 2017 1:59:26 PM codeu.chat.server.Server$1 run
INFO: Reading update from relay...
Jun 04, 2017 1:59:31 PM codeu.chat.server.Server$1 run
INFO: Reading update from relay...
Jun 04, 2017 1:59:36 PM codeu.chat.server.Server$1 run
INFO: Reading update from relay...
Jun 04, 2017 1:59:41 PM codeu.chat.server.Server$1 run
INFO: Reading update from relay...
Jun 04, 2017 1:59:46 PM codeu.chat.server.Server$1 run
INFO: Reading update from relay...
Jun 04, 2017 1:59:51 PM codeu.chat.server.Server$1 run
INFO: Reading update from relay...
Jun 04, 2017 1:59:56 PM codeu.chat.server.Server$1 run
INFO: Reading update from relay...
Jun 04, 2017 2:00:01 PM codeu.chat.server.Server$1 run
INFO: Reading update from relay...
Jun 04, 2017 2:00:06 PM codeu.chat.server.Server$1 run
INFO: Reading update from relay...
Jun 04, 2017 2:00:11 PM codeu.chat.server.Server$1 run
INFO: Reading update from relay...
Jun 04, 2017 2:00:16 PM codeu.chat.server.Server$1 run
INFO: Reading update from relay...
Jun 04, 2017 2:00:21 PM codeu.chat.server.Server$1 run
INFO: Reading update from relay...
Jun 04, 2017 2:00:26 PM codeu.chat.server.Server$1 run
INFO: Reading update from relay...
Jun 04, 2017 2:00:31 PM codeu.chat.server.Server$1 run
INFO: Reading update from relay...
Jun 04, 2017 2:00:36 PM codeu.chat.server.Server$1 run
INFO: Reading update from relay...
Jun 04, 2017 2:00:41 PM codeu.chat.server.Server$1 run
INFO: Reading update from relay...
Jun 04, 2017 2:00:46 PM codeu.chat.server.Server$1 run
INFO: Reading update from relay...
Jun 04, 2017 2:00:50 PM codeu.chat.ServerMain runServer
INFO: Connection established.
Jun 04, 2017 2:00:50 PM codeu.chat.ServerMain runServer
INFO: Established connection...
Jun 04, 2017 2:00:50 PM codeu.chat.server.Server$2 run
INFO: Handling connection...
Jun 04, 2017 2:00:58 PM codeu.chat.server.Server$2 run
INFO: Connection handled: ACCEPTED
Jun 04, 2017 2:00:58 PM codeu.chat.server.Server$1 run
INFO: Reading update from relay...
Jun 04, 2017 2:00:58 PM codeu.chat.ServerMain runServer
INFO: Connection established.
Jun 04, 2017 2:00:58 PM codeu.chat.ServerMain runServer
INFO: Established connection...
Jun 04, 2017 2:00:58 PM codeu.chat.server.Server$2 run
INFO: Handling connection...
Jun 04, 2017 2:00:58 PM codeu.chat.server.Server$2 run
SEVERE: Exception while handling connection.
java.lang.NegativeArraySizeException
	at codeu.chat.util.Uuid$1.read(Uuid.java:57)
	at codeu.chat.util.Uuid$1.read(Uuid.java:27)
	at codeu.chat.server.Server.onMessage(Server.java:343)
	at codeu.chat.server.Server.access$400(Server.java:42)
	at codeu.chat.server.Server$2.run(Server.java:112)
	at codeu.chat.util.Timeline$2.run(Timeline.java:116)

Jun 04, 2017 2:01:03 PM codeu.chat.server.Server$1 run
INFO: Reading update from relay...
Jun 04, 2017 2:01:08 PM codeu.chat.server.Server$1 run
INFO: Reading update from relay...
Jun 04, 2017 2:01:13 PM codeu.chat.server.Server$1 run
INFO: Reading update from relay...
Jun 04, 2017 2:01:18 PM codeu.chat.server.Server$1 run
INFO: Reading update from relay...
Jun 04, 2017 2:01:23 PM codeu.chat.server.Server$1 run
INFO: Reading update from relay...
Jun 04, 2017 2:01:28 PM codeu.chat.server.Server$1 run
INFO: Reading update from relay...
Jun 04, 2017 2:01:33 PM codeu.chat.server.Server$1 run
INFO: Reading update from relay...
Jun 04, 2017 2:01:38 PM codeu.chat.server.Server$1 run
INFO: Reading update from relay...
Jun 04, 2017 2:01:43 PM codeu.chat.server.Server$1 run
INFO: Reading update from relay...
Jun 04, 2017 2:01:48 PM codeu.chat.server.Server$1 run
INFO: Reading update from relay...
Jun 04, 2017 2:01:53 PM codeu.chat.server.Server$1 run
INFO: Reading update from relay...
Jun 04, 2017 2:01:58 PM codeu.chat.server.Server$1 run
INFO: Reading update from relay...
Jun 04, 2017 2:02:03 PM codeu.chat.server.Server$1 run
INFO: Reading update from relay...
Jun 04, 2017 2:02:08 PM codeu.chat.server.Server$1 run
INFO: Reading update from relay...
Jun 04, 2017 2:02:13 PM codeu.chat.server.Server$1 run
INFO: Reading update from relay...
Jun 04, 2017 2:02:18 PM codeu.chat.server.Server$1 run
INFO: Reading update from relay...
Jun 04, 2017 2:02:23 PM codeu.chat.server.Server$1 run
INFO: Reading update from relay...
Jun 04, 2017 2:02:28 PM codeu.chat.server.Server$1 run
INFO: Reading update from relay...
Jun 04, 2017 2:02:33 PM codeu.chat.server.Server$1 run
INFO: Reading update from relay...
Jun 04, 2017 2:02:38 PM codeu.chat.server.Server$1 run
INFO: Reading update from relay...
Jun 04, 2017 2:02:43 PM codeu.chat.server.Server$1 run
INFO: Reading update from relay...
Jun 04, 2017 2:02:48 PM codeu.chat.server.Server$1 run
INFO: Reading update from relay...
Jun 04, 2017 2:02:53 PM codeu.chat.server.Server$1 run
INFO: Reading update from relay...
Jun 04, 2017 2:02:58 PM codeu.chat.server.Server$1 run
INFO: Reading update from relay...
Jun 04, 2017 2:03:03 PM codeu.chat.server.Server$1 run
INFO: Reading update from relay...
Jun 04, 2017 2:03:06 PM codeu.chat.ServerMain runServer
INFO: Connection established.
Jun 04, 2017 2:03:06 PM codeu.chat.ServerMain runServer
INFO: Established connection...
Jun 04, 2017 2:03:06 PM codeu.chat.server.Server$2 run
INFO: Handling connection...
Jun 04, 2017 2:03:14 PM codeu.chat.server.Server$2 run
INFO: Connection handled: ACCEPTED
Jun 04, 2017 2:03:14 PM codeu.chat.server.Server$1 run
INFO: Reading update from relay...
Jun 04, 2017 2:03:14 PM codeu.chat.ServerMain runServer
INFO: Connection established.
Jun 04, 2017 2:03:14 PM codeu.chat.ServerMain runServer
INFO: Established connection...
Jun 04, 2017 2:03:14 PM codeu.chat.server.Server$2 run
INFO: Handling connection...
Jun 04, 2017 2:03:14 PM codeu.chat.server.Server$2 run
SEVERE: Exception while handling connection.
java.lang.NegativeArraySizeException
	at codeu.chat.util.Uuid$1.read(Uuid.java:57)
	at codeu.chat.util.Uuid$1.read(Uuid.java:27)
	at codeu.chat.server.Server.onMessage(Server.java:343)
	at codeu.chat.server.Server.access$400(Server.java:42)
	at codeu.chat.server.Server$2.run(Server.java:112)
	at codeu.chat.util.Timeline$2.run(Timeline.java:116)

Jun 04, 2017 2:03:19 PM codeu.chat.server.Server$1 run
INFO: Reading update from relay...
Jun 04, 2017 2:03:24 PM codeu.chat.server.Server$1 run
INFO: Reading update from relay...
Jun 04, 2017 2:03:29 PM codeu.chat.server.Server$1 run
INFO: Reading update from relay...
Jun 04, 2017 2:03:34 PM codeu.chat.server.Server$1 run
INFO: Reading update from relay...
Jun 04, 2017 2:03:39 PM codeu.chat.server.Server$1 run
INFO: Reading update from relay...
Jun 04, 2017 2:03:44 PM codeu.chat.server.Server$1 run
INFO: Reading update from relay...
Jun 04, 2017 2:03:49 PM codeu.chat.server.Server$1 run
INFO: Reading update from relay...
Jun 04, 2017 2:03:54 PM codeu.chat.server.Server$1 run
INFO: Reading update from relay...
Jun 04, 2017 2:03:59 PM codeu.chat.server.Server$1 run
INFO: Reading update from relay...
Jun 04, 2017 2:04:04 PM codeu.chat.server.Server$1 run
INFO: Reading update from relay...
Jun 04, 2017 2:04:09 PM codeu.chat.server.Server$1 run
INFO: Reading update from relay...
Jun 04, 2017 2:04:14 PM codeu.chat.server.Server$1 run
INFO: Reading update from relay...
Jun 04, 2017 2:04:19 PM codeu.chat.server.Server$1 run
INFO: Reading update from relay...
Jun 04, 2017 2:04:24 PM codeu.chat.server.Server$1 run
INFO: Reading update from relay...
Jun 04, 2017 2:04:29 PM codeu.chat.server.Server$1 run
INFO: Reading update from relay...
Jun 04, 2017 2:04:34 PM codeu.chat.server.Server$1 run
INFO: Reading update from relay...
Jun 04, 2017 2:04:39 PM codeu.chat.server.Server$1 run
INFO: Reading update from relay...
Jun 04, 2017 2:04:44 PM codeu.chat.server.Server$1 run
INFO: Reading update from relay...
Jun 04, 2017 2:04:49 PM codeu.chat.server.Server$1 run
INFO: Reading update from relay...
Jun 04, 2017 2:04:54 PM codeu.chat.server.Server$1 run
INFO: Reading update from relay...
Jun 04, 2017 2:04:59 PM codeu.chat.server.Server$1 run
INFO: Reading update from relay...
Jun 04, 2017 2:05:04 PM codeu.chat.server.Server$1 run
INFO: Reading update from relay...
Jun 04, 2017 2:05:09 PM codeu.chat.server.Server$1 run
INFO: Reading update from relay...
Jun 04, 2017 2:05:14 PM codeu.chat.server.Server$1 run
INFO: Reading update from relay...
Jun 04, 2017 2:05:15 PM codeu.chat.ServerMain runServer
INFO: Connection established.
Jun 04, 2017 2:05:15 PM codeu.chat.ServerMain runServer
INFO: Established connection...
Jun 04, 2017 2:05:15 PM codeu.chat.server.Server$2 run
INFO: Handling connection...
Jun 04, 2017 2:05:22 PM codeu.chat.server.Server$2 run
INFO: Connection handled: ACCEPTED
Jun 04, 2017 2:05:22 PM codeu.chat.server.Server$1 run
INFO: Reading update from relay...
Jun 04, 2017 2:05:22 PM codeu.chat.ServerMain runServer
INFO: Connection established.
Jun 04, 2017 2:05:22 PM codeu.chat.ServerMain runServer
INFO: Established connection...
Jun 04, 2017 2:05:22 PM codeu.chat.server.Server$2 run
INFO: Handling connection...
Jun 04, 2017 2:05:22 PM codeu.chat.server.Server$2 run
SEVERE: Exception while handling connection.
java.lang.NegativeArraySizeException
	at codeu.chat.util.Uuid$1.read(Uuid.java:57)
	at codeu.chat.util.Uuid$1.read(Uuid.java:27)
	at codeu.chat.server.Server.onMessage(Server.java:343)
	at codeu.chat.server.Server.access$400(Server.java:42)
	at codeu.chat.server.Server$2.run(Server.java:112)
	at codeu.chat.util.Timeline$2.run(Timeline.java:116)

Jun 04, 2017 2:05:27 PM codeu.chat.server.Server$1 run
INFO: Reading update from relay...
Jun 04, 2017 2:05:32 PM codeu.chat.server.Server$1 run
INFO: Reading update from relay...
Jun 04, 2017 2:05:37 PM codeu.chat.server.Server$1 run
INFO: Reading update from relay...
Jun 04, 2017 2:05:41 PM codeu.chat.ServerMain runServer
INFO: Connection established.
Jun 04, 2017 2:05:41 PM codeu.chat.ServerMain runServer
INFO: Established connection...
Jun 04, 2017 2:05:41 PM codeu.chat.server.Server$2 run
INFO: Handling connection...
Jun 04, 2017 2:05:48 PM codeu.chat.server.Server$2 run
INFO: Connection handled: ACCEPTED
Jun 04, 2017 2:05:48 PM codeu.chat.server.Server$1 run
INFO: Reading update from relay...
Jun 04, 2017 2:05:53 PM codeu.chat.server.Server$1 run
INFO: Reading update from relay...
Jun 04, 2017 2:05:58 PM codeu.chat.server.Server$1 run
INFO: Reading update from relay...
Jun 04, 2017 2:06:03 PM codeu.chat.server.Server$1 run
INFO: Reading update from relay...
Jun 04, 2017 2:06:08 PM codeu.chat.server.Server$1 run
INFO: Reading update from relay...
Jun 04, 2017 2:06:13 PM codeu.chat.server.Server$1 run
INFO: Reading update from relay...
Jun 04, 2017 2:06:18 PM codeu.chat.server.Server$1 run
INFO: Reading update from relay...
Jun 04, 2017 2:06:23 PM codeu.chat.server.Server$1 run
INFO: Reading update from relay...
Jun 04, 2017 2:06:28 PM codeu.chat.server.Server$1 run
INFO: Reading update from relay...
Jun 04, 2017 2:06:33 PM codeu.chat.server.Server$1 run
INFO: Reading update from relay...
Jun 04, 2017 2:06:38 PM codeu.chat.server.Server$1 run
INFO: Reading update from relay...
Jun 04, 2017 2:06:43 PM codeu.chat.server.Server$1 run
INFO: Reading update from relay...
Jun 04, 2017 2:06:48 PM codeu.chat.server.Server$1 run
INFO: Reading update from relay...
Jun 04, 2017 2:06:53 PM codeu.chat.server.Server$1 run
INFO: Reading update from relay...
Jun 04, 2017 2:06:58 PM codeu.chat.server.Server$1 run
INFO: Reading update from relay...
Jun 04, 2017 2:07:03 PM codeu.chat.server.Server$1 run
INFO: Reading update from relay...
Jun 04, 2017 2:07:08 PM codeu.chat.server.Server$1 run
INFO: Reading update from relay...
Jun 04, 2017 2:07:13 PM codeu.chat.server.Server$1 run
INFO: Reading update from relay...
Jun 04, 2017 2:07:18 PM codeu.chat.server.Server$1 run
INFO: Reading update from relay...
Jun 04, 2017 2:07:23 PM codeu.chat.server.Server$1 run
INFO: Reading update from relay...
Jun 04, 2017 2:07:28 PM codeu.chat.server.Server$1 run
INFO: Reading update from relay...
Jun 04, 2017 2:07:33 PM codeu.chat.server.Server$1 run
INFO: Reading update from relay...
Jun 04, 2017 2:07:38 PM codeu.chat.server.Server$1 run
INFO: Reading update from relay...
Jun 04, 2017 2:07:43 PM codeu.chat.server.Server$1 run
INFO: Reading update from relay...
Jun 04, 2017 2:07:48 PM codeu.chat.server.Server$1 run
INFO: Reading update from relay...
Jun 04, 2017 2:07:53 PM codeu.chat.server.Server$1 run
INFO: Reading update from relay...
Jun 04, 2017 2:07:58 PM codeu.chat.server.Server$1 run
INFO: Reading update from relay...
Jun 04, 2017 2:08:03 PM codeu.chat.server.Server$1 run
INFO: Reading update from relay...
Jun 04, 2017 2:08:08 PM codeu.chat.server.Server$1 run
INFO: Reading update from relay...
Jun 04, 2017 2:08:13 PM codeu.chat.server.Server$1 run
INFO: Reading update from relay...
Jun 04, 2017 2:08:18 PM codeu.chat.server.Server$1 run
INFO: Reading update from relay...
Jun 04, 2017 2:08:23 PM codeu.chat.server.Server$1 run
INFO: Reading update from relay...
Jun 04, 2017 2:08:28 PM codeu.chat.server.Server$1 run
INFO: Reading update from relay...
Jun 04, 2017 2:08:33 PM codeu.chat.server.Server$1 run
INFO: Reading update from relay...
Jun 04, 2017 2:08:38 PM codeu.chat.server.Server$1 run
INFO: Reading update from relay...
Jun 04, 2017 2:08:43 PM codeu.chat.server.Server$1 run
INFO: Reading update from relay...
Jun 04, 2017 2:08:48 PM codeu.chat.server.Server$1 run
INFO: Reading update from relay...
Jun 04, 2017 2:08:53 PM codeu.chat.server.Server$1 run
INFO: Reading update from relay...
Jun 04, 2017 2:08:58 PM codeu.chat.server.Server$1 run
INFO: Reading update from relay...
Jun 04, 2017 2:09:03 PM codeu.chat.server.Server$1 run
INFO: Reading update from relay...
Jun 04, 2017 2:09:08 PM codeu.chat.server.Server$1 run
INFO: Reading update from relay...
Jun 04, 2017 2:09:13 PM codeu.chat.server.Server$1 run
INFO: Reading update from relay...
Jun 04, 2017 2:09:18 PM codeu.chat.server.Server$1 run
INFO: Reading update from relay...
Jun 04, 2017 2:09:23 PM codeu.chat.server.Server$1 run
INFO: Reading update from relay...
Jun 04, 2017 2:09:28 PM codeu.chat.server.Server$1 run
INFO: Reading update from relay...
Jun 04, 2017 2:09:33 PM codeu.chat.server.Server$1 run
INFO: Reading update from relay...
Jun 04, 2017 2:09:38 PM codeu.chat.server.Server$1 run
INFO: Reading update from relay...
Jun 04, 2017 2:09:43 PM codeu.chat.server.Server$1 run
INFO: Reading update from relay...
Jun 04, 2017 2:09:48 PM codeu.chat.server.Server$1 run
INFO: Reading update from relay...
Jun 04, 2017 2:09:53 PM codeu.chat.server.Server$1 run
INFO: Reading update from relay...
Jun 04, 2017 2:09:58 PM codeu.chat.server.Server$1 run
INFO: Reading update from relay...
Jun 04, 2017 2:10:03 PM codeu.chat.server.Server$1 run
INFO: Reading update from relay...
Jun 04, 2017 2:10:08 PM codeu.chat.server.Server$1 run
INFO: Reading update from relay...
Jun 04, 2017 2:10:13 PM codeu.chat.server.Server$1 run
INFO: Reading update from relay...
Jun 04, 2017 2:10:18 PM codeu.chat.server.Server$1 run
INFO: Reading update from relay...
Jun 04, 2017 2:10:23 PM codeu.chat.server.Server$1 run
INFO: Reading update from relay...
Jun 04, 2017 2:10:28 PM codeu.chat.server.Server$1 run
INFO: Reading update from relay...
Jun 04, 2017 2:10:33 PM codeu.chat.server.Server$1 run
INFO: Reading update from relay...
Jun 04, 2017 2:10:38 PM codeu.chat.server.Server$1 run
INFO: Reading update from relay...
Jun 04, 2017 2:10:43 PM codeu.chat.server.Server$1 run
INFO: Reading update from relay...
Jun 04, 2017 2:10:48 PM codeu.chat.server.Server$1 run
INFO: Reading update from relay...
Jun 04, 2017 2:10:53 PM codeu.chat.server.Server$1 run
INFO: Reading update from relay...
Jun 04, 2017 2:10:58 PM codeu.chat.server.Server$1 run
INFO: Reading update from relay...
Jun 04, 2017 2:11:03 PM codeu.chat.server.Server$1 run
INFO: Reading update from relay...
Jun 04, 2017 2:11:08 PM codeu.chat.server.Server$1 run
INFO: Reading update from relay...
Jun 04, 2017 2:11:13 PM codeu.chat.server.Server$1 run
INFO: Reading update from relay...
Jun 04, 2017 2:11:18 PM codeu.chat.server.Server$1 run
INFO: Reading update from relay...
Jun 04, 2017 2:11:23 PM codeu.chat.server.Server$1 run
INFO: Reading update from relay...
Jun 04, 2017 2:11:28 PM codeu.chat.server.Server$1 run
INFO: Reading update from relay...
Jun 04, 2017 2:11:33 PM codeu.chat.server.Server$1 run
INFO: Reading update from relay...
Jun 04, 2017 2:11:38 PM codeu.chat.server.Server$1 run
INFO: Reading update from relay...
Jun 04, 2017 2:11:43 PM codeu.chat.server.Server$1 run
INFO: Reading update from relay...
Jun 04, 2017 2:11:48 PM codeu.chat.server.Server$1 run
INFO: Reading update from relay...
Jun 04, 2017 2:11:53 PM codeu.chat.server.Server$1 run
INFO: Reading update from relay...
Jun 04, 2017 2:11:58 PM codeu.chat.server.Server$1 run
INFO: Reading update from relay...
Jun 04, 2017 2:12:03 PM codeu.chat.server.Server$1 run
INFO: Reading update from relay...
Jun 04, 2017 2:12:08 PM codeu.chat.server.Server$1 run
INFO: Reading update from relay...
Jun 04, 2017 2:12:13 PM codeu.chat.server.Server$1 run
INFO: Reading update from relay...
Jun 04, 2017 2:12:18 PM codeu.chat.server.Server$1 run
INFO: Reading update from relay...
Jun 04, 2017 2:12:24 PM codeu.chat.server.Server$1 run
INFO: Reading update from relay...
Jun 04, 2017 2:12:29 PM codeu.chat.server.Server$1 run
INFO: Reading update from relay...
Jun 04, 2017 2:12:34 PM codeu.chat.server.Server$1 run
INFO: Reading update from relay...
Jun 04, 2017 2:12:39 PM codeu.chat.server.Server$1 run
INFO: Reading update from relay...
Jun 04, 2017 2:12:44 PM codeu.chat.server.Server$1 run
INFO: Reading update from relay...
Jun 04, 2017 2:12:49 PM codeu.chat.server.Server$1 run
INFO: Reading update from relay...
Jun 04, 2017 2:12:54 PM codeu.chat.server.Server$1 run
INFO: Reading update from relay...
Jun 04, 2017 2:12:59 PM codeu.chat.server.Server$1 run
INFO: Reading update from relay...
Jun 04, 2017 2:13:04 PM codeu.chat.server.Server$1 run
INFO: Reading update from relay...
Jun 04, 2017 2:13:09 PM codeu.chat.server.Server$1 run
INFO: Reading update from relay...
Jun 04, 2017 2:13:14 PM codeu.chat.server.Server$1 run
INFO: Reading update from relay...
Jun 04, 2017 2:13:19 PM codeu.chat.server.Server$1 run
INFO: Reading update from relay...
Jun 04, 2017 2:13:24 PM codeu.chat.server.Server$1 run
INFO: Reading update from relay...
Jun 04, 2017 2:13:29 PM codeu.chat.server.Server$1 run
INFO: Reading update from relay...
Jun 04, 2017 2:13:34 PM codeu.chat.server.Server$1 run
INFO: Reading update from relay...
Jun 04, 2017 2:13:39 PM codeu.chat.server.Server$1 run
INFO: Reading update from relay...
Jun 04, 2017 2:13:44 PM codeu.chat.server.Server$1 run
INFO: Reading update from relay...
Jun 04, 2017 2:13:49 PM codeu.chat.server.Server$1 run
INFO: Reading update from relay...
