Jun 04, 2017 1:07:03 PM codeu.chat.client.bettergui.ChatBetterGui start
INFO: ============================= START OF LOG =============================
Jun 04, 2017 1:07:03 PM codeu.chat.client.bettergui.ChatBetterGui start
INFO: Starting chat client...
Jun 04, 2017 1:07:03 PM codeu.chat.client.bettergui.ChatBetterGui start
INFO: Creating client...
Jun 04, 2017 1:07:04 PM codeu.chat.client.bettergui.LoginController initialize
INFO: initializing
Jun 04, 2017 1:07:04 PM codeu.chat.client.bettergui.LoginController setClientContext
INFO: setting client context
Jun 04, 2017 1:07:23 PM codeu.chat.client.Controller ifCorrectPassword
INFO: checkPassword: Request completed.
Jun 04, 2017 1:07:27 PM codeu.chat.client.Controller ifCorrectPassword
INFO: checkPassword: Response completed.
Jun 04, 2017 1:07:32 PM codeu.chat.client.bettergui.MainUIController setClientContext
INFO: setting client context
Jun 04, 2017 1:08:19 PM codeu.chat.client.bettergui.LoginController initialize
INFO: initializing
Jun 04, 2017 1:08:19 PM codeu.chat.client.bettergui.LoginController setClientContext
INFO: setting client context
Jun 04, 2017 1:08:30 PM codeu.chat.client.Controller ifCorrectPassword
INFO: checkPassword: Request completed.
Jun 04, 2017 1:08:34 PM codeu.chat.client.Controller ifCorrectPassword
INFO: checkPassword: Response completed.
Jun 04, 2017 1:08:37 PM codeu.chat.client.bettergui.MainUIController setClientContext
INFO: setting client context
Jun 04, 2017 1:08:54 PM codeu.chat.client.bettergui.MainUIController$1 changed
INFO: ListView selection changed from oldValue = null to newValue = Attractions
Jun 04, 2017 1:08:56 PM codeu.chat.client.bettergui.MainUIController$1 changed
INFO: ListView selection changed from oldValue = Attractions to newValue = Food
Jun 04, 2017 1:10:51 PM codeu.chat.client.bettergui.LoginController initialize
INFO: initializing
Jun 04, 2017 1:10:51 PM codeu.chat.client.bettergui.LoginController setClientContext
INFO: setting client context
Jun 04, 2017 1:11:10 PM codeu.chat.client.Controller ifCorrectPassword
INFO: checkPassword: Request completed.
Jun 04, 2017 1:11:13 PM codeu.chat.client.Controller ifCorrectPassword
INFO: checkPassword: Response completed.
Jun 04, 2017 1:11:17 PM codeu.chat.client.bettergui.MainUIController setClientContext
INFO: setting client context
Jun 04, 2017 1:32:56 PM codeu.chat.client.bettergui.ChatBetterGui start
INFO: ============================= START OF LOG =============================
Jun 04, 2017 1:32:56 PM codeu.chat.client.bettergui.ChatBetterGui start
INFO: Starting chat client...
Jun 04, 2017 1:32:56 PM codeu.chat.client.bettergui.ChatBetterGui start
INFO: Creating client...
Jun 04, 2017 1:32:56 PM codeu.chat.client.bettergui.LoginController initialize
INFO: initializing
Jun 04, 2017 1:32:56 PM codeu.chat.client.bettergui.LoginController setClientContext
INFO: setting client context
Jun 04, 2017 1:33:18 PM codeu.chat.client.Controller ifCorrectPassword
INFO: checkPassword: Request completed.
Jun 04, 2017 1:33:21 PM codeu.chat.client.Controller ifCorrectPassword
INFO: checkPassword: Response completed.
Jun 04, 2017 1:33:26 PM codeu.chat.client.bettergui.MainUIController setClientContext
INFO: setting client context
Jun 04, 2017 1:33:41 PM codeu.chat.client.bettergui.MainUIController$1 changed
INFO: ListView selection changed from oldValue = null to newValue = Food
Jun 04, 2017 1:34:06 PM codeu.chat.client.bettergui.LoginController initialize
INFO: initializing
Jun 04, 2017 1:34:06 PM codeu.chat.client.bettergui.LoginController setClientContext
INFO: setting client context
Jun 04, 2017 1:34:17 PM codeu.chat.client.Controller ifCorrectPassword
INFO: checkPassword: Request completed.
Jun 04, 2017 1:34:20 PM codeu.chat.client.Controller ifCorrectPassword
INFO: checkPassword: Response completed.
Jun 04, 2017 1:34:24 PM codeu.chat.client.bettergui.MainUIController setClientContext
INFO: setting client context
Jun 04, 2017 1:35:34 PM codeu.chat.client.bettergui.LoginController initialize
INFO: initializing
Jun 04, 2017 1:35:34 PM codeu.chat.client.bettergui.LoginController setClientContext
INFO: setting client context
Jun 04, 2017 1:35:53 PM codeu.chat.client.bettergui.ChatBetterGui start
INFO: ============================= START OF LOG =============================
Jun 04, 2017 1:35:53 PM codeu.chat.client.bettergui.ChatBetterGui start
INFO: Starting chat client...
Jun 04, 2017 1:35:53 PM codeu.chat.client.bettergui.ChatBetterGui start
INFO: Creating client...
Jun 04, 2017 1:35:53 PM codeu.chat.client.bettergui.LoginController initialize
INFO: initializing
Jun 04, 2017 1:35:53 PM codeu.chat.client.bettergui.LoginController setClientContext
INFO: setting client context
Jun 04, 2017 1:36:05 PM codeu.chat.client.Controller ifCorrectPassword
INFO: checkPassword: Request completed.
Jun 04, 2017 1:36:09 PM codeu.chat.client.Controller ifCorrectPassword
INFO: checkPassword: Response completed.
Jun 04, 2017 1:36:14 PM codeu.chat.client.bettergui.MainUIController setClientContext
INFO: setting client context
Jun 04, 2017 1:37:07 PM codeu.chat.client.bettergui.LoginController initialize
INFO: initializing
Jun 04, 2017 1:37:07 PM codeu.chat.client.bettergui.LoginController setClientContext
INFO: setting client context
Jun 04, 2017 1:37:09 PM codeu.chat.client.bettergui.LoginController onRegisterButtonClick
INFO: Register button gets called
Jun 04, 2017 1:37:09 PM codeu.chat.client.bettergui.RegistrationController initialize
INFO: initializing
Jun 04, 2017 1:37:09 PM codeu.chat.client.bettergui.RegistrationController setClientContext
INFO: setting client context
Jun 04, 2017 1:37:37 PM codeu.chat.client.Controller newUser
INFO: newUser: Request completed.
Jun 04, 2017 1:38:04 PM codeu.chat.client.Controller newUser
INFO: newUser: Response completed.
Jun 04, 2017 1:38:04 PM codeu.chat.client.ClientUser addUser
INFO: New user complete, Name= "persistence" Nickname= "persistence" UUID=[UUID:0.1208679707]
Jun 04, 2017 1:38:15 PM codeu.chat.client.bettergui.MainUIController setClientContext
INFO: setting client context
Jun 04, 2017 1:44:18 PM codeu.chat.client.bettergui.LoginController initialize
INFO: initializing
Jun 04, 2017 1:44:18 PM codeu.chat.client.bettergui.LoginController setClientContext
INFO: setting client context
Jun 04, 2017 1:44:24 PM codeu.chat.client.bettergui.LoginController onRegisterButtonClick
INFO: Register button gets called
Jun 04, 2017 1:44:24 PM codeu.chat.client.bettergui.RegistrationController initialize
INFO: initializing
Jun 04, 2017 1:44:24 PM codeu.chat.client.bettergui.RegistrationController setClientContext
INFO: setting client context
Jun 04, 2017 1:45:15 PM codeu.chat.client.Controller newUser
INFO: newUser: Request completed.
Jun 04, 2017 1:45:50 PM codeu.chat.client.Controller newUser
INFO: newUser: Response completed.
Jun 04, 2017 1:45:50 PM codeu.chat.client.ClientUser addUser
INFO: New user complete, Name= "neilbarooahSeattle" Nickname= "neilbarooahSeattle" UUID=[UUID:0.3581651931]
Jun 04, 2017 1:45:59 PM codeu.chat.client.bettergui.MainUIController setClientContext
INFO: setting client context
Jun 04, 2017 1:50:27 PM codeu.chat.client.bettergui.LoginController initialize
INFO: initializing
Jun 04, 2017 1:50:27 PM codeu.chat.client.bettergui.LoginController setClientContext
INFO: setting client context
Jun 04, 2017 1:50:40 PM codeu.chat.client.Controller ifCorrectPassword
SEVERE: Exception during call on server.
java.lang.NullPointerException
	at codeu.chat.client.Controller.ifCorrectPassword(Controller.java:125)
	at codeu.chat.client.ClientUser.signInUser(ClientUser.java:118)
	at codeu.chat.client.bettergui.LoginController.onLoginButtonClick(LoginController.java:87)
	at sun.reflect.NativeMethodAccessorImpl.invoke0(Native Method)
	at sun.reflect.NativeMethodAccessorImpl.invoke(NativeMethodAccessorImpl.java:62)
	at sun.reflect.DelegatingMethodAccessorImpl.invoke(DelegatingMethodAccessorImpl.java:43)
	at java.lang.reflect.Method.invoke(Method.java:498)
	at sun.reflect.misc.Trampoline.invoke(MethodUtil.java:71)
	at sun.reflect.GeneratedMethodAccessor15.invoke(Unknown Source)
	at sun.reflect.DelegatingMethodAccessorImpl.invoke(DelegatingMethodAccessorImpl.java:43)
	at java.lang.reflect.Method.invoke(Method.java:498)
	at sun.reflect.misc.MethodUtil.invoke(MethodUtil.java:275)
	at javafx.fxml.FXMLLoader$MethodHandler.invoke(FXMLLoader.java:1769)
	at javafx.fxml.FXMLLoader$ControllerMethodEventHandler.handle(FXMLLoader.java:1657)
	at com.sun.javafx.event.CompositeEventHandler.dispatchBubblingEvent(CompositeEventHandler.java:86)
	at com.sun.javafx.event.EventHandlerManager.dispatchBubblingEvent(EventHandlerManager.java:238)
	at com.sun.javafx.event.EventHandlerManager.dispatchBubblingEvent(EventHandlerManager.java:191)
	at com.sun.javafx.event.CompositeEventDispatcher.dispatchBubblingEvent(CompositeEventDispatcher.java:59)
	at com.sun.javafx.event.BasicEventDispatcher.dispatchEvent(BasicEventDispatcher.java:58)
	at com.sun.javafx.event.EventDispatchChainImpl.dispatchEvent(EventDispatchChainImpl.java:114)
	at com.sun.javafx.event.BasicEventDispatcher.dispatchEvent(BasicEventDispatcher.java:56)
	at com.sun.javafx.event.EventDispatchChainImpl.dispatchEvent(EventDispatchChainImpl.java:114)
	at com.sun.javafx.event.BasicEventDispatcher.dispatchEvent(BasicEventDispatcher.java:56)
	at com.sun.javafx.event.EventDispatchChainImpl.dispatchEvent(EventDispatchChainImpl.java:114)
	at com.sun.javafx.event.EventUtil.fireEventImpl(EventUtil.java:74)
	at com.sun.javafx.event.EventUtil.fireEvent(EventUtil.java:49)
	at javafx.event.Event.fireEvent(Event.java:198)
	at javafx.scene.Node.fireEvent(Node.java:8413)
	at javafx.scene.control.Button.fire(Button.java:185)
	at com.sun.javafx.scene.control.behavior.ButtonBehavior.mouseReleased(ButtonBehavior.java:182)
	at com.sun.javafx.scene.control.skin.BehaviorSkinBase$1.handle(BehaviorSkinBase.java:96)
	at com.sun.javafx.scene.control.skin.BehaviorSkinBase$1.handle(BehaviorSkinBase.java:89)
	at com.sun.javafx.event.CompositeEventHandler$NormalEventHandlerRecord.handleBubblingEvent(CompositeEventHandler.java:218)
	at com.sun.javafx.event.CompositeEventHandler.dispatchBubblingEvent(CompositeEventHandler.java:80)
	at com.sun.javafx.event.EventHandlerManager.dispatchBubblingEvent(EventHandlerManager.java:238)
	at com.sun.javafx.event.EventHandlerManager.dispatchBubblingEvent(EventHandlerManager.java:191)
	at com.sun.javafx.event.CompositeEventDispatcher.dispatchBubblingEvent(CompositeEventDispatcher.java:59)
	at com.sun.javafx.event.BasicEventDispatcher.dispatchEvent(BasicEventDispatcher.java:58)
	at com.sun.javafx.event.EventDispatchChainImpl.dispatchEvent(EventDispatchChainImpl.java:114)
	at com.sun.javafx.event.BasicEventDispatcher.dispatchEvent(BasicEventDispatcher.java:56)
	at com.sun.javafx.event.EventDispatchChainImpl.dispatchEvent(EventDispatchChainImpl.java:114)
	at com.sun.javafx.event.BasicEventDispatcher.dispatchEvent(BasicEventDispatcher.java:56)
	at com.sun.javafx.event.EventDispatchChainImpl.dispatchEvent(EventDispatchChainImpl.java:114)
	at com.sun.javafx.event.EventUtil.fireEventImpl(EventUtil.java:74)
	at com.sun.javafx.event.EventUtil.fireEvent(EventUtil.java:54)
	at javafx.event.Event.fireEvent(Event.java:198)
	at javafx.scene.Scene$MouseHandler.process(Scene.java:3757)
	at javafx.scene.Scene$MouseHandler.access$1500(Scene.java:3485)
	at javafx.scene.Scene.impl_processMouseEvent(Scene.java:1762)
	at javafx.scene.Scene$ScenePeerListener.mouseEvent(Scene.java:2494)
	at com.sun.javafx.tk.quantum.GlassViewEventHandler$MouseEventNotification.run(GlassViewEventHandler.java:381)
	at com.sun.javafx.tk.quantum.GlassViewEventHandler$MouseEventNotification.run(GlassViewEventHandler.java:295)
	at java.security.AccessController.doPrivileged(Native Method)
	at com.sun.javafx.tk.quantum.GlassViewEventHandler.lambda$handleMouseEvent$354(GlassViewEventHandler.java:417)
	at com.sun.javafx.tk.quantum.QuantumToolkit.runWithoutRenderLock(QuantumToolkit.java:389)
	at com.sun.javafx.tk.quantum.GlassViewEventHandler.handleMouseEvent(GlassViewEventHandler.java:416)
	at com.sun.glass.ui.View.handleMouseEvent(View.java:555)
	at com.sun.glass.ui.View.notifyMouse(View.java:937)

Jun 04, 2017 1:50:59 PM codeu.chat.client.bettergui.LoginController onRegisterButtonClick
INFO: Register button gets called
Jun 04, 2017 1:50:59 PM codeu.chat.client.bettergui.RegistrationController initialize
INFO: initializing
Jun 04, 2017 1:50:59 PM codeu.chat.client.bettergui.RegistrationController setClientContext
INFO: setting client context
Jun 04, 2017 1:51:14 PM codeu.chat.client.Controller newUser
INFO: newUser: Request completed.
Jun 04, 2017 1:51:45 PM codeu.chat.client.Controller newUser
INFO: newUser: Response completed.
Jun 04, 2017 1:51:45 PM codeu.chat.client.ClientUser addUser
INFO: New user complete, Name= "neilb" Nickname= "neilb" UUID=[UUID:0.3966053430]
Jun 04, 2017 1:51:54 PM codeu.chat.client.bettergui.MainUIController setClientContext
INFO: setting client context
Jun 04, 2017 1:52:22 PM codeu.chat.client.bettergui.MainUIController$1 changed
INFO: ListView selection changed from oldValue = null to newValue = Attractions
Jun 04, 2017 1:52:43 PM codeu.chat.client.bettergui.MainUIController$1 changed
INFO: ListView selection changed from oldValue = Attractions to newValue = Food
Jun 04, 2017 1:53:24 PM codeu.chat.client.bettergui.MainUIController$1 changed
INFO: ListView selection changed from oldValue = Food to newValue = Attractions
Jun 04, 2017 1:53:38 PM codeu.chat.client.bettergui.MainUIController$1 changed
INFO: ListView selection changed from oldValue = Attractions to newValue = Food
Jun 04, 2017 1:53:49 PM codeu.chat.client.bettergui.MainUIController$1 changed
INFO: ListView selection changed from oldValue = Food to newValue = Attractions
Jun 04, 2017 2:00:33 PM codeu.chat.client.bettergui.ChatBetterGui start
INFO: ============================= START OF LOG =============================
Jun 04, 2017 2:00:33 PM codeu.chat.client.bettergui.ChatBetterGui start
INFO: Starting chat client...
Jun 04, 2017 2:00:33 PM codeu.chat.client.bettergui.ChatBetterGui start
INFO: Creating client...
Jun 04, 2017 2:00:33 PM codeu.chat.client.bettergui.LoginController initialize
INFO: initializing
Jun 04, 2017 2:00:33 PM codeu.chat.client.bettergui.LoginController setClientContext
INFO: setting client context
Jun 04, 2017 2:00:58 PM codeu.chat.client.Controller ifCorrectPassword
SEVERE: Exception during call on server.
java.lang.NullPointerException
	at codeu.chat.client.Controller.ifCorrectPassword(Controller.java:125)
	at codeu.chat.client.ClientUser.signInUser(ClientUser.java:118)
	at codeu.chat.client.bettergui.LoginController.onLoginButtonClick(LoginController.java:87)
	at sun.reflect.NativeMethodAccessorImpl.invoke0(Native Method)
	at sun.reflect.NativeMethodAccessorImpl.invoke(NativeMethodAccessorImpl.java:62)
	at sun.reflect.DelegatingMethodAccessorImpl.invoke(DelegatingMethodAccessorImpl.java:43)
	at java.lang.reflect.Method.invoke(Method.java:498)
	at sun.reflect.misc.Trampoline.invoke(MethodUtil.java:71)
	at sun.reflect.GeneratedMethodAccessor15.invoke(Unknown Source)
	at sun.reflect.DelegatingMethodAccessorImpl.invoke(DelegatingMethodAccessorImpl.java:43)
	at java.lang.reflect.Method.invoke(Method.java:498)
	at sun.reflect.misc.MethodUtil.invoke(MethodUtil.java:275)
	at javafx.fxml.FXMLLoader$MethodHandler.invoke(FXMLLoader.java:1769)
	at javafx.fxml.FXMLLoader$ControllerMethodEventHandler.handle(FXMLLoader.java:1657)
	at com.sun.javafx.event.CompositeEventHandler.dispatchBubblingEvent(CompositeEventHandler.java:86)
	at com.sun.javafx.event.EventHandlerManager.dispatchBubblingEvent(EventHandlerManager.java:238)
	at com.sun.javafx.event.EventHandlerManager.dispatchBubblingEvent(EventHandlerManager.java:191)
	at com.sun.javafx.event.CompositeEventDispatcher.dispatchBubblingEvent(CompositeEventDispatcher.java:59)
	at com.sun.javafx.event.BasicEventDispatcher.dispatchEvent(BasicEventDispatcher.java:58)
	at com.sun.javafx.event.EventDispatchChainImpl.dispatchEvent(EventDispatchChainImpl.java:114)
	at com.sun.javafx.event.BasicEventDispatcher.dispatchEvent(BasicEventDispatcher.java:56)
	at com.sun.javafx.event.EventDispatchChainImpl.dispatchEvent(EventDispatchChainImpl.java:114)
	at com.sun.javafx.event.BasicEventDispatcher.dispatchEvent(BasicEventDispatcher.java:56)
	at com.sun.javafx.event.EventDispatchChainImpl.dispatchEvent(EventDispatchChainImpl.java:114)
	at com.sun.javafx.event.EventUtil.fireEventImpl(EventUtil.java:74)
	at com.sun.javafx.event.EventUtil.fireEvent(EventUtil.java:49)
	at javafx.event.Event.fireEvent(Event.java:198)
	at javafx.scene.Node.fireEvent(Node.java:8413)
	at javafx.scene.control.Button.fire(Button.java:185)
	at com.sun.javafx.scene.control.behavior.ButtonBehavior.mouseReleased(ButtonBehavior.java:182)
	at com.sun.javafx.scene.control.skin.BehaviorSkinBase$1.handle(BehaviorSkinBase.java:96)
	at com.sun.javafx.scene.control.skin.BehaviorSkinBase$1.handle(BehaviorSkinBase.java:89)
	at com.sun.javafx.event.CompositeEventHandler$NormalEventHandlerRecord.handleBubblingEvent(CompositeEventHandler.java:218)
	at com.sun.javafx.event.CompositeEventHandler.dispatchBubblingEvent(CompositeEventHandler.java:80)
	at com.sun.javafx.event.EventHandlerManager.dispatchBubblingEvent(EventHandlerManager.java:238)
	at com.sun.javafx.event.EventHandlerManager.dispatchBubblingEvent(EventHandlerManager.java:191)
	at com.sun.javafx.event.CompositeEventDispatcher.dispatchBubblingEvent(CompositeEventDispatcher.java:59)
	at com.sun.javafx.event.BasicEventDispatcher.dispatchEvent(BasicEventDispatcher.java:58)
	at com.sun.javafx.event.EventDispatchChainImpl.dispatchEvent(EventDispatchChainImpl.java:114)
	at com.sun.javafx.event.BasicEventDispatcher.dispatchEvent(BasicEventDispatcher.java:56)
	at com.sun.javafx.event.EventDispatchChainImpl.dispatchEvent(EventDispatchChainImpl.java:114)
	at com.sun.javafx.event.BasicEventDispatcher.dispatchEvent(BasicEventDispatcher.java:56)
	at com.sun.javafx.event.EventDispatchChainImpl.dispatchEvent(EventDispatchChainImpl.java:114)
	at com.sun.javafx.event.EventUtil.fireEventImpl(EventUtil.java:74)
	at com.sun.javafx.event.EventUtil.fireEvent(EventUtil.java:54)
	at javafx.event.Event.fireEvent(Event.java:198)
	at javafx.scene.Scene$MouseHandler.process(Scene.java:3757)
	at javafx.scene.Scene$MouseHandler.access$1500(Scene.java:3485)
	at javafx.scene.Scene.impl_processMouseEvent(Scene.java:1762)
	at javafx.scene.Scene$ScenePeerListener.mouseEvent(Scene.java:2494)
	at com.sun.javafx.tk.quantum.GlassViewEventHandler$MouseEventNotification.run(GlassViewEventHandler.java:381)
	at com.sun.javafx.tk.quantum.GlassViewEventHandler$MouseEventNotification.run(GlassViewEventHandler.java:295)
	at java.security.AccessController.doPrivileged(Native Method)
	at com.sun.javafx.tk.quantum.GlassViewEventHandler.lambda$handleMouseEvent$354(GlassViewEventHandler.java:417)
	at com.sun.javafx.tk.quantum.QuantumToolkit.runWithoutRenderLock(QuantumToolkit.java:389)
	at com.sun.javafx.tk.quantum.GlassViewEventHandler.handleMouseEvent(GlassViewEventHandler.java:416)
	at com.sun.glass.ui.View.handleMouseEvent(View.java:555)
	at com.sun.glass.ui.View.notifyMouse(View.java:937)

Jun 04, 2017 2:03:14 PM codeu.chat.client.Controller ifCorrectPassword
SEVERE: Exception during call on server.
java.lang.NullPointerException
	at codeu.chat.client.Controller.ifCorrectPassword(Controller.java:125)
	at codeu.chat.client.ClientUser.signInUser(ClientUser.java:118)
	at codeu.chat.client.bettergui.LoginController.onLoginButtonClick(LoginController.java:87)
	at sun.reflect.NativeMethodAccessorImpl.invoke0(Native Method)
	at sun.reflect.NativeMethodAccessorImpl.invoke(NativeMethodAccessorImpl.java:62)
	at sun.reflect.DelegatingMethodAccessorImpl.invoke(DelegatingMethodAccessorImpl.java:43)
	at java.lang.reflect.Method.invoke(Method.java:498)
	at sun.reflect.misc.Trampoline.invoke(MethodUtil.java:71)
	at sun.reflect.GeneratedMethodAccessor15.invoke(Unknown Source)
	at sun.reflect.DelegatingMethodAccessorImpl.invoke(DelegatingMethodAccessorImpl.java:43)
	at java.lang.reflect.Method.invoke(Method.java:498)
	at sun.reflect.misc.MethodUtil.invoke(MethodUtil.java:275)
	at javafx.fxml.FXMLLoader$MethodHandler.invoke(FXMLLoader.java:1769)
	at javafx.fxml.FXMLLoader$ControllerMethodEventHandler.handle(FXMLLoader.java:1657)
	at com.sun.javafx.event.CompositeEventHandler.dispatchBubblingEvent(CompositeEventHandler.java:86)
	at com.sun.javafx.event.EventHandlerManager.dispatchBubblingEvent(EventHandlerManager.java:238)
	at com.sun.javafx.event.EventHandlerManager.dispatchBubblingEvent(EventHandlerManager.java:191)
	at com.sun.javafx.event.CompositeEventDispatcher.dispatchBubblingEvent(CompositeEventDispatcher.java:59)
	at com.sun.javafx.event.BasicEventDispatcher.dispatchEvent(BasicEventDispatcher.java:58)
	at com.sun.javafx.event.EventDispatchChainImpl.dispatchEvent(EventDispatchChainImpl.java:114)
	at com.sun.javafx.event.BasicEventDispatcher.dispatchEvent(BasicEventDispatcher.java:56)
	at com.sun.javafx.event.EventDispatchChainImpl.dispatchEvent(EventDispatchChainImpl.java:114)
	at com.sun.javafx.event.BasicEventDispatcher.dispatchEvent(BasicEventDispatcher.java:56)
	at com.sun.javafx.event.EventDispatchChainImpl.dispatchEvent(EventDispatchChainImpl.java:114)
	at com.sun.javafx.event.EventUtil.fireEventImpl(EventUtil.java:74)
	at com.sun.javafx.event.EventUtil.fireEvent(EventUtil.java:49)
	at javafx.event.Event.fireEvent(Event.java:198)
	at javafx.scene.Node.fireEvent(Node.java:8413)
	at javafx.scene.control.Button.fire(Button.java:185)
	at com.sun.javafx.scene.control.behavior.ButtonBehavior.mouseReleased(ButtonBehavior.java:182)
	at com.sun.javafx.scene.control.skin.BehaviorSkinBase$1.handle(BehaviorSkinBase.java:96)
	at com.sun.javafx.scene.control.skin.BehaviorSkinBase$1.handle(BehaviorSkinBase.java:89)
	at com.sun.javafx.event.CompositeEventHandler$NormalEventHandlerRecord.handleBubblingEvent(CompositeEventHandler.java:218)
	at com.sun.javafx.event.CompositeEventHandler.dispatchBubblingEvent(CompositeEventHandler.java:80)
	at com.sun.javafx.event.EventHandlerManager.dispatchBubblingEvent(EventHandlerManager.java:238)
	at com.sun.javafx.event.EventHandlerManager.dispatchBubblingEvent(EventHandlerManager.java:191)
	at com.sun.javafx.event.CompositeEventDispatcher.dispatchBubblingEvent(CompositeEventDispatcher.java:59)
	at com.sun.javafx.event.BasicEventDispatcher.dispatchEvent(BasicEventDispatcher.java:58)
	at com.sun.javafx.event.EventDispatchChainImpl.dispatchEvent(EventDispatchChainImpl.java:114)
	at com.sun.javafx.event.BasicEventDispatcher.dispatchEvent(BasicEventDispatcher.java:56)
	at com.sun.javafx.event.EventDispatchChainImpl.dispatchEvent(EventDispatchChainImpl.java:114)
	at com.sun.javafx.event.BasicEventDispatcher.dispatchEvent(BasicEventDispatcher.java:56)
	at com.sun.javafx.event.EventDispatchChainImpl.dispatchEvent(EventDispatchChainImpl.java:114)
	at com.sun.javafx.event.EventUtil.fireEventImpl(EventUtil.java:74)
	at com.sun.javafx.event.EventUtil.fireEvent(EventUtil.java:54)
	at javafx.event.Event.fireEvent(Event.java:198)
	at javafx.scene.Scene$MouseHandler.process(Scene.java:3757)
	at javafx.scene.Scene$MouseHandler.access$1500(Scene.java:3485)
	at javafx.scene.Scene.impl_processMouseEvent(Scene.java:1762)
	at javafx.scene.Scene$ScenePeerListener.mouseEvent(Scene.java:2494)
	at com.sun.javafx.tk.quantum.GlassViewEventHandler$MouseEventNotification.run(GlassViewEventHandler.java:381)
	at com.sun.javafx.tk.quantum.GlassViewEventHandler$MouseEventNotification.run(GlassViewEventHandler.java:295)
	at java.security.AccessController.doPrivileged(Native Method)
	at com.sun.javafx.tk.quantum.GlassViewEventHandler.lambda$handleMouseEvent$354(GlassViewEventHandler.java:417)
	at com.sun.javafx.tk.quantum.QuantumToolkit.runWithoutRenderLock(QuantumToolkit.java:389)
	at com.sun.javafx.tk.quantum.GlassViewEventHandler.handleMouseEvent(GlassViewEventHandler.java:416)
	at com.sun.glass.ui.View.handleMouseEvent(View.java:555)
	at com.sun.glass.ui.View.notifyMouse(View.java:937)

Jun 04, 2017 2:05:22 PM codeu.chat.client.Controller ifCorrectPassword
SEVERE: Exception during call on server.
java.lang.NullPointerException
	at codeu.chat.client.Controller.ifCorrectPassword(Controller.java:125)
	at codeu.chat.client.ClientUser.signInUser(ClientUser.java:118)
	at codeu.chat.client.bettergui.LoginController.onLoginButtonClick(LoginController.java:87)
	at sun.reflect.NativeMethodAccessorImpl.invoke0(Native Method)
	at sun.reflect.NativeMethodAccessorImpl.invoke(NativeMethodAccessorImpl.java:62)
	at sun.reflect.DelegatingMethodAccessorImpl.invoke(DelegatingMethodAccessorImpl.java:43)
	at java.lang.reflect.Method.invoke(Method.java:498)
	at sun.reflect.misc.Trampoline.invoke(MethodUtil.java:71)
	at sun.reflect.GeneratedMethodAccessor15.invoke(Unknown Source)
	at sun.reflect.DelegatingMethodAccessorImpl.invoke(DelegatingMethodAccessorImpl.java:43)
	at java.lang.reflect.Method.invoke(Method.java:498)
	at sun.reflect.misc.MethodUtil.invoke(MethodUtil.java:275)
	at javafx.fxml.FXMLLoader$MethodHandler.invoke(FXMLLoader.java:1769)
	at javafx.fxml.FXMLLoader$ControllerMethodEventHandler.handle(FXMLLoader.java:1657)
	at com.sun.javafx.event.CompositeEventHandler.dispatchBubblingEvent(CompositeEventHandler.java:86)
	at com.sun.javafx.event.EventHandlerManager.dispatchBubblingEvent(EventHandlerManager.java:238)
	at com.sun.javafx.event.EventHandlerManager.dispatchBubblingEvent(EventHandlerManager.java:191)
	at com.sun.javafx.event.CompositeEventDispatcher.dispatchBubblingEvent(CompositeEventDispatcher.java:59)
	at com.sun.javafx.event.BasicEventDispatcher.dispatchEvent(BasicEventDispatcher.java:58)
	at com.sun.javafx.event.EventDispatchChainImpl.dispatchEvent(EventDispatchChainImpl.java:114)
	at com.sun.javafx.event.BasicEventDispatcher.dispatchEvent(BasicEventDispatcher.java:56)
	at com.sun.javafx.event.EventDispatchChainImpl.dispatchEvent(EventDispatchChainImpl.java:114)
	at com.sun.javafx.event.BasicEventDispatcher.dispatchEvent(BasicEventDispatcher.java:56)
	at com.sun.javafx.event.EventDispatchChainImpl.dispatchEvent(EventDispatchChainImpl.java:114)
	at com.sun.javafx.event.EventUtil.fireEventImpl(EventUtil.java:74)
	at com.sun.javafx.event.EventUtil.fireEvent(EventUtil.java:49)
	at javafx.event.Event.fireEvent(Event.java:198)
	at javafx.scene.Node.fireEvent(Node.java:8413)
	at javafx.scene.control.Button.fire(Button.java:185)
	at com.sun.javafx.scene.control.behavior.ButtonBehavior.mouseReleased(ButtonBehavior.java:182)
	at com.sun.javafx.scene.control.skin.BehaviorSkinBase$1.handle(BehaviorSkinBase.java:96)
	at com.sun.javafx.scene.control.skin.BehaviorSkinBase$1.handle(BehaviorSkinBase.java:89)
	at com.sun.javafx.event.CompositeEventHandler$NormalEventHandlerRecord.handleBubblingEvent(CompositeEventHandler.java:218)
	at com.sun.javafx.event.CompositeEventHandler.dispatchBubblingEvent(CompositeEventHandler.java:80)
	at com.sun.javafx.event.EventHandlerManager.dispatchBubblingEvent(EventHandlerManager.java:238)
	at com.sun.javafx.event.EventHandlerManager.dispatchBubblingEvent(EventHandlerManager.java:191)
	at com.sun.javafx.event.CompositeEventDispatcher.dispatchBubblingEvent(CompositeEventDispatcher.java:59)
	at com.sun.javafx.event.BasicEventDispatcher.dispatchEvent(BasicEventDispatcher.java:58)
	at com.sun.javafx.event.EventDispatchChainImpl.dispatchEvent(EventDispatchChainImpl.java:114)
	at com.sun.javafx.event.BasicEventDispatcher.dispatchEvent(BasicEventDispatcher.java:56)
	at com.sun.javafx.event.EventDispatchChainImpl.dispatchEvent(EventDispatchChainImpl.java:114)
	at com.sun.javafx.event.BasicEventDispatcher.dispatchEvent(BasicEventDispatcher.java:56)
	at com.sun.javafx.event.EventDispatchChainImpl.dispatchEvent(EventDispatchChainImpl.java:114)
	at com.sun.javafx.event.EventUtil.fireEventImpl(EventUtil.java:74)
	at com.sun.javafx.event.EventUtil.fireEvent(EventUtil.java:54)
	at javafx.event.Event.fireEvent(Event.java:198)
	at javafx.scene.Scene$MouseHandler.process(Scene.java:3757)
	at javafx.scene.Scene$MouseHandler.access$1500(Scene.java:3485)
	at javafx.scene.Scene.impl_processMouseEvent(Scene.java:1762)
	at javafx.scene.Scene$ScenePeerListener.mouseEvent(Scene.java:2494)
	at com.sun.javafx.tk.quantum.GlassViewEventHandler$MouseEventNotification.run(GlassViewEventHandler.java:381)
	at com.sun.javafx.tk.quantum.GlassViewEventHandler$MouseEventNotification.run(GlassViewEventHandler.java:295)
	at java.security.AccessController.doPrivileged(Native Method)
	at com.sun.javafx.tk.quantum.GlassViewEventHandler.lambda$handleMouseEvent$354(GlassViewEventHandler.java:417)
	at com.sun.javafx.tk.quantum.QuantumToolkit.runWithoutRenderLock(QuantumToolkit.java:389)
	at com.sun.javafx.tk.quantum.GlassViewEventHandler.handleMouseEvent(GlassViewEventHandler.java:416)
	at com.sun.glass.ui.View.handleMouseEvent(View.java:555)
	at com.sun.glass.ui.View.notifyMouse(View.java:937)

Jun 04, 2017 2:05:33 PM codeu.chat.client.bettergui.LoginController onRegisterButtonClick
INFO: Register button gets called
Jun 04, 2017 2:05:33 PM codeu.chat.client.bettergui.RegistrationController initialize
INFO: initializing
Jun 04, 2017 2:05:33 PM codeu.chat.client.bettergui.RegistrationController setClientContext
INFO: setting client context
